
===========================================================================
report_checks -unconstrained
===========================================================================
======================= Typical Corner ===================================

Startpoint: reset (input port clocked by clk)
Endpoint: _8775_ (recovery check against rising-edge clock clk)
Path Group: asynchronous
Path Type: max

Fanout     Cap    Slew   Delay    Time   Description
-----------------------------------------------------------------------------
                          0.00    0.00   clock clk (rise edge)
                          0.00    0.00   clock network delay (propagated)
                          2.00    2.00 v input external delay
     1    0.01    0.02    0.02    2.02 v reset (in)
                                         reset (net)
                  0.02    0.00    2.02 v _8370_/A (sky130_fd_sc_hd__buf_4)
    10    0.06    0.08    0.19    2.21 v _8370_/X (sky130_fd_sc_hd__buf_4)
                                         _3995_ (net)
                  0.08    0.00    2.21 v _8529_/A (sky130_fd_sc_hd__buf_4)
    10    0.05    0.08    0.21    2.42 v _8529_/X (sky130_fd_sc_hd__buf_4)
                                         _4070_ (net)
                  0.08    0.00    2.42 v _8538_/A (sky130_fd_sc_hd__inv_2)
     1    0.00    0.03    0.06    2.48 ^ _8538_/Y (sky130_fd_sc_hd__inv_2)
                                         _0048_ (net)
                  0.03    0.00    2.48 ^ _8775_/RESET_B (sky130_fd_sc_hd__dfrtp_4)
                                  2.48   data arrival time

                         10.00   10.00   clock clk (rise edge)
                          0.00   10.00   clock source latency
     1    0.02    0.10    0.07   10.07 ^ clk (in)
                                         clk (net)
                  0.10    0.00   10.07 ^ clkbuf_0_clk/A (sky130_fd_sc_hd__clkbuf_16)
    16    0.11    0.12    0.20   10.27 ^ clkbuf_0_clk/X (sky130_fd_sc_hd__clkbuf_16)
                                         clknet_0_clk (net)
                  0.12    0.00   10.27 ^ clkbuf_4_4_0_clk/A (sky130_fd_sc_hd__clkbuf_8)
    10    0.04    0.08    0.17   10.44 ^ clkbuf_4_4_0_clk/X (sky130_fd_sc_hd__clkbuf_8)
                                         clknet_4_4_0_clk (net)
                  0.08    0.00   10.44 ^ _8775_/CLK (sky130_fd_sc_hd__dfrtp_4)
                         -0.25   10.19   clock uncertainty
                          0.00   10.19   clock reconvergence pessimism
                          0.23   10.42   library recovery time
                                 10.42   data required time
-----------------------------------------------------------------------------
                                 10.42   data required time
                                 -2.48   data arrival time
-----------------------------------------------------------------------------
                                  7.94   slack (MET)


Startpoint: _8865_ (rising edge-triggered flip-flop clocked by clk)
Endpoint: seg[5] (output port clocked by clk)
Path Group: clk
Path Type: max

Fanout     Cap    Slew   Delay    Time   Description
-----------------------------------------------------------------------------
                          0.00    0.00   clock clk (rise edge)
                          0.00    0.00   clock source latency
     1    0.02    0.10    0.08    0.08 ^ clk (in)
                                         clk (net)
                  0.10    0.00    0.08 ^ clkbuf_0_clk/A (sky130_fd_sc_hd__clkbuf_16)
    16    0.11    0.12    0.23    0.30 ^ clkbuf_0_clk/X (sky130_fd_sc_hd__clkbuf_16)
                                         clknet_0_clk (net)
                  0.12    0.00    0.30 ^ clkbuf_4_5_0_clk/A (sky130_fd_sc_hd__clkbuf_8)
    11    0.04    0.08    0.19    0.50 ^ clkbuf_4_5_0_clk/X (sky130_fd_sc_hd__clkbuf_8)
                                         clknet_4_5_0_clk (net)
                  0.08    0.00    0.50 ^ _8865_/CLK (sky130_fd_sc_hd__dfxtp_2)
     9    0.03    0.07    0.39    0.88 v _8865_/Q (sky130_fd_sc_hd__dfxtp_2)
                                         display.refresh_counter[17] (net)
                  0.07    0.00    0.88 v _4993_/B (sky130_fd_sc_hd__and2_1)
     1    0.00    0.04    0.18    1.07 v _4993_/X (sky130_fd_sc_hd__and2_1)
                                         _0652_ (net)
                  0.04    0.00    1.07 v _4994_/A (sky130_fd_sc_hd__buf_6)
     6    0.03    0.04    0.14    1.21 v _4994_/X (sky130_fd_sc_hd__buf_6)
                                         _0653_ (net)
                  0.04    0.00    1.21 v _5006_/B (sky130_fd_sc_hd__or3_1)
     2    0.00    0.08    0.37    1.58 v _5006_/X (sky130_fd_sc_hd__or3_1)
                                         _0665_ (net)
                  0.08    0.00    1.58 v _5010_/A1 (sky130_fd_sc_hd__a21o_1)
     3    0.01    0.06    0.20    1.78 v _5010_/X (sky130_fd_sc_hd__a21o_1)
                                         _0669_ (net)
                  0.06    0.00    1.78 v _5012_/B2 (sky130_fd_sc_hd__a221o_1)
     2    0.00    0.06    0.35    2.13 v _5012_/X (sky130_fd_sc_hd__a221o_1)
                                         _0671_ (net)
                  0.06    0.00    2.13 v _5017_/A1 (sky130_fd_sc_hd__a31o_1)
     3    0.01    0.07    0.22    2.35 v _5017_/X (sky130_fd_sc_hd__a31o_1)
                                         _0676_ (net)
                  0.07    0.00    2.35 v _5020_/A1 (sky130_fd_sc_hd__o211a_4)
     9    0.03    0.07    0.31    2.66 v _5020_/X (sky130_fd_sc_hd__o211a_4)
                                         _0679_ (net)
                  0.07    0.00    2.66 v _5046_/S (sky130_fd_sc_hd__mux2_1)
     3    0.01    0.10    0.39    3.06 v _5046_/X (sky130_fd_sc_hd__mux2_1)
                                         _0705_ (net)
                  0.10    0.00    3.06 v _5047_/B (sky130_fd_sc_hd__xnor2_1)
     2    0.01    0.07    0.17    3.23 v _5047_/Y (sky130_fd_sc_hd__xnor2_1)
                                         _0706_ (net)
                  0.07    0.00    3.23 v _5054_/A1 (sky130_fd_sc_hd__a21o_1)
     3    0.01    0.06    0.20    3.43 v _5054_/X (sky130_fd_sc_hd__a21o_1)
                                         _0713_ (net)
                  0.06    0.00    3.43 v _5057_/A2 (sky130_fd_sc_hd__a221o_1)
     2    0.00    0.06    0.38    3.81 v _5057_/X (sky130_fd_sc_hd__a221o_1)
                                         _0716_ (net)
                  0.06    0.00    3.81 v _5061_/B (sky130_fd_sc_hd__and3_1)
     4    0.01    0.07    0.21    4.02 v _5061_/X (sky130_fd_sc_hd__and3_1)
                                         _0720_ (net)
                  0.07    0.00    4.02 v _5071_/A2 (sky130_fd_sc_hd__o31a_1)
     3    0.01    0.07    0.32    4.34 v _5071_/X (sky130_fd_sc_hd__o31a_1)
                                         _0730_ (net)
                  0.07    0.00    4.34 v _5073_/A3 (sky130_fd_sc_hd__o32a_1)
     1    0.01    0.06    0.32    4.65 v _5073_/X (sky130_fd_sc_hd__o32a_1)
                                         _0732_ (net)
                  0.06    0.00    4.65 v _5075_/A2 (sky130_fd_sc_hd__a21oi_2)
     6    0.02    0.21    0.24    4.90 ^ _5075_/Y (sky130_fd_sc_hd__a21oi_2)
                                         _0734_ (net)
                  0.21    0.00    4.90 ^ _5076_/B (sky130_fd_sc_hd__nor2_1)
     2    0.01    0.07    0.09    4.99 v _5076_/Y (sky130_fd_sc_hd__nor2_1)
                                         _0735_ (net)
                  0.07    0.00    4.99 v _5087_/S (sky130_fd_sc_hd__mux2_1)
     4    0.01    0.10    0.39    5.38 v _5087_/X (sky130_fd_sc_hd__mux2_1)
                                         _0746_ (net)
                  0.10    0.00    5.38 v _5088_/B (sky130_fd_sc_hd__xnor2_1)
     3    0.01    0.09    0.19    5.57 v _5088_/Y (sky130_fd_sc_hd__xnor2_1)
                                         _0747_ (net)
                  0.09    0.00    5.57 v _5103_/B1 (sky130_fd_sc_hd__o221a_1)
     2    0.00    0.06    0.26    5.83 v _5103_/X (sky130_fd_sc_hd__o221a_1)
                                         _0762_ (net)
                  0.06    0.00    5.83 v _5110_/A2 (sky130_fd_sc_hd__o41a_1)
     3    0.01    0.10    0.47    6.30 v _5110_/X (sky130_fd_sc_hd__o41a_1)
                                         _0769_ (net)
                  0.10    0.00    6.30 v _5120_/A1 (sky130_fd_sc_hd__a21o_1)
     3    0.01    0.06    0.21    6.51 v _5120_/X (sky130_fd_sc_hd__a21o_1)
                                         _0779_ (net)
                  0.06    0.00    6.51 v _5128_/A2 (sky130_fd_sc_hd__a311o_1)
     1    0.01    0.06    0.34    6.85 v _5128_/X (sky130_fd_sc_hd__a311o_1)
                                         _0787_ (net)
                  0.06    0.00    6.85 v _5129_/A2 (sky130_fd_sc_hd__a21oi_2)
     4    0.02    0.22    0.25    7.10 ^ _5129_/Y (sky130_fd_sc_hd__a21oi_2)
                                         _0788_ (net)
                  0.22    0.00    7.10 ^ _5157_/S (sky130_fd_sc_hd__mux2_2)
     3    0.02    0.08    0.43    7.53 v _5157_/X (sky130_fd_sc_hd__mux2_2)
                                         _0816_ (net)
                  0.08    0.00    7.53 v _5158_/B (sky130_fd_sc_hd__xnor2_1)
     3    0.01    0.09    0.18    7.71 v _5158_/Y (sky130_fd_sc_hd__xnor2_1)
                                         _0817_ (net)
                  0.09    0.00    7.71 v _5161_/A2 (sky130_fd_sc_hd__a211o_1)
     2    0.01    0.06    0.33    8.05 v _5161_/X (sky130_fd_sc_hd__a211o_1)
                                         _0820_ (net)
                  0.06    0.00    8.05 v _5166_/A2 (sky130_fd_sc_hd__a21o_1)
     3    0.01    0.05    0.21    8.25 v _5166_/X (sky130_fd_sc_hd__a21o_1)
                                         _0825_ (net)
                  0.05    0.00    8.25 v _5171_/A2 (sky130_fd_sc_hd__a211o_1)
     3    0.01    0.07    0.34    8.59 v _5171_/X (sky130_fd_sc_hd__a211o_1)
                                         _0830_ (net)
                  0.07    0.00    8.59 v _5185_/A2 (sky130_fd_sc_hd__a31o_1)
     2    0.01    0.06    0.25    8.84 v _5185_/X (sky130_fd_sc_hd__a31o_1)
                                         _0844_ (net)
                  0.06    0.00    8.84 v _5190_/A2 (sky130_fd_sc_hd__a21boi_1)
     3    0.01    0.20    0.23    9.06 ^ _5190_/Y (sky130_fd_sc_hd__a21boi_1)
                                         _0849_ (net)
                  0.20    0.00    9.06 ^ _5192_/A3 (sky130_fd_sc_hd__o31a_1)
     1    0.01    0.12    0.21    9.27 ^ _5192_/X (sky130_fd_sc_hd__o31a_1)
                                         _0851_ (net)
                  0.12    0.00    9.27 ^ _5194_/A2 (sky130_fd_sc_hd__a21oi_4)
     9    0.02    0.08    0.10    9.37 v _5194_/Y (sky130_fd_sc_hd__a21oi_4)
                                         _0853_ (net)
                  0.08    0.00    9.37 v _5196_/A (sky130_fd_sc_hd__nor2_1)
     2    0.01    0.18    0.19    9.56 ^ _5196_/Y (sky130_fd_sc_hd__nor2_1)
                                         _0855_ (net)
                  0.18    0.00    9.56 ^ _5211_/S (sky130_fd_sc_hd__mux2_1)
     4    0.01    0.10    0.42    9.98 v _5211_/X (sky130_fd_sc_hd__mux2_1)
                                         _0870_ (net)
                  0.10    0.00    9.98 v _5212_/B (sky130_fd_sc_hd__xnor2_1)
     3    0.01    0.07    0.17   10.15 v _5212_/Y (sky130_fd_sc_hd__xnor2_1)
                                         _0871_ (net)
                  0.07    0.00   10.15 v _5220_/B (sky130_fd_sc_hd__or3_1)
     3    0.01    0.10    0.41   10.55 v _5220_/X (sky130_fd_sc_hd__or3_1)
                                         _0879_ (net)
                  0.10    0.00   10.55 v _5234_/A1 (sky130_fd_sc_hd__a21oi_1)
     4    0.01    0.25    0.26   10.81 ^ _5234_/Y (sky130_fd_sc_hd__a21oi_1)
                                         _0893_ (net)
                  0.25    0.00   10.81 ^ _5256_/A1 (sky130_fd_sc_hd__a31o_2)
     4    0.02    0.12    0.27   11.08 ^ _5256_/X (sky130_fd_sc_hd__a31o_2)
                                         _0915_ (net)
                  0.12    0.00   11.08 ^ _5280_/A1 (sky130_fd_sc_hd__a41oi_4)
     3    0.02    0.14    0.14   11.22 v _5280_/Y (sky130_fd_sc_hd__a41oi_4)
                                         _0939_ (net)
                  0.14    0.00   11.22 v _5281_/A2 (sky130_fd_sc_hd__a21oi_4)
     5    0.02    0.20    0.26   11.49 ^ _5281_/Y (sky130_fd_sc_hd__a21oi_4)
                                         _0940_ (net)
                  0.20    0.00   11.49 ^ _5282_/A (sky130_fd_sc_hd__buf_6)
    10    0.04    0.08    0.18   11.67 ^ _5282_/X (sky130_fd_sc_hd__buf_6)
                                         _0941_ (net)
                  0.09    0.00   11.67 ^ _5315_/S (sky130_fd_sc_hd__mux2_2)
     4    0.02    0.08    0.40   12.07 v _5315_/X (sky130_fd_sc_hd__mux2_2)
                                         _0974_ (net)
                  0.08    0.00   12.07 v _5331_/A3 (sky130_fd_sc_hd__a31o_1)
     2    0.01    0.05    0.26   12.33 v _5331_/X (sky130_fd_sc_hd__a31o_1)
                                         _0990_ (net)
                  0.05    0.00   12.33 v _5332_/A1 (sky130_fd_sc_hd__a31o_1)
     1    0.00    0.04    0.18   12.51 v _5332_/X (sky130_fd_sc_hd__a31o_1)
                                         _0991_ (net)
                  0.04    0.00   12.51 v _5333_/B1 (sky130_fd_sc_hd__a31o_1)
     4    0.01    0.07    0.23   12.73 v _5333_/X (sky130_fd_sc_hd__a31o_1)
                                         _0992_ (net)
                  0.07    0.00   12.73 v _5352_/A2 (sky130_fd_sc_hd__o31a_2)
     4    0.02    0.09    0.40   13.14 v _5352_/X (sky130_fd_sc_hd__o31a_2)
                                         _1011_ (net)
                  0.09    0.00   13.14 v _5372_/A1 (sky130_fd_sc_hd__a21oi_4)
     7    0.02    0.19    0.22   13.36 ^ _5372_/Y (sky130_fd_sc_hd__a21oi_4)
                                         _1031_ (net)
                  0.19    0.00   13.36 ^ _5373_/B (sky130_fd_sc_hd__nor2_1)
     5    0.01    0.09    0.13   13.49 v _5373_/Y (sky130_fd_sc_hd__nor2_1)
                                         _1032_ (net)
                  0.09    0.00   13.49 v _5413_/A2 (sky130_fd_sc_hd__o21a_1)
     2    0.00    0.04    0.20   13.69 v _5413_/X (sky130_fd_sc_hd__o21a_1)
                                         _1072_ (net)
                  0.04    0.00   13.69 v _5424_/A (sky130_fd_sc_hd__or4_1)
     1    0.00    0.08    0.53   14.22 v _5424_/X (sky130_fd_sc_hd__or4_1)
                                         _1083_ (net)
                  0.08    0.00   14.22 v _5432_/A3 (sky130_fd_sc_hd__o31a_1)
     2    0.01    0.06    0.27   14.50 v _5432_/X (sky130_fd_sc_hd__o31a_1)
                                         _1091_ (net)
                  0.06    0.00   14.50 v _5435_/A2 (sky130_fd_sc_hd__o211a_1)
     3    0.01    0.07    0.25   14.75 v _5435_/X (sky130_fd_sc_hd__o211a_1)
                                         _1094_ (net)
                  0.07    0.00   14.75 v _5451_/A3 (sky130_fd_sc_hd__o311a_1)
     2    0.00    0.06    0.32   15.06 v _5451_/X (sky130_fd_sc_hd__o311a_1)
                                         _1110_ (net)
                  0.06    0.00   15.06 v _5454_/C (sky130_fd_sc_hd__or4_1)
     1    0.00    0.08    0.49   15.55 v _5454_/X (sky130_fd_sc_hd__or4_1)
                                         _1113_ (net)
                  0.08    0.00   15.55 v _5455_/A3 (sky130_fd_sc_hd__a31o_1)
     2    0.01    0.07    0.28   15.83 v _5455_/X (sky130_fd_sc_hd__a31o_1)
                                         _1114_ (net)
                  0.07    0.00   15.83 v _5457_/A2 (sky130_fd_sc_hd__a21oi_4)
    10    0.05    0.34    0.35   16.19 ^ _5457_/Y (sky130_fd_sc_hd__a21oi_4)
                                         _1116_ (net)
                  0.34    0.00   16.19 ^ _5504_/S (sky130_fd_sc_hd__mux2_1)
     3    0.01    0.09    0.42   16.61 v _5504_/X (sky130_fd_sc_hd__mux2_1)
                                         _1163_ (net)
                  0.09    0.00   16.61 v _5505_/B (sky130_fd_sc_hd__or2_1)
     3    0.01    0.07    0.25   16.86 v _5505_/X (sky130_fd_sc_hd__or2_1)
                                         _1164_ (net)
                  0.07    0.00   16.86 v _5515_/A1 (sky130_fd_sc_hd__a2111o_1)
     3    0.01    0.08    0.42   17.28 v _5515_/X (sky130_fd_sc_hd__a2111o_1)
                                         _1174_ (net)
                  0.08    0.00   17.28 v _5522_/A2 (sky130_fd_sc_hd__a21o_1)
     2    0.00    0.04    0.21   17.48 v _5522_/X (sky130_fd_sc_hd__a21o_1)
                                         _1181_ (net)
                  0.04    0.00   17.48 v _5536_/B (sky130_fd_sc_hd__nand2_1)
     3    0.02    0.15    0.14   17.62 ^ _5536_/Y (sky130_fd_sc_hd__nand2_1)
                                         _1195_ (net)
                  0.15    0.00   17.62 ^ _5555_/A (sky130_fd_sc_hd__nand4_2)
     3    0.01    0.14    0.15   17.78 v _5555_/Y (sky130_fd_sc_hd__nand4_2)
                                         _1214_ (net)
                  0.14    0.00   17.78 v _5562_/A1 (sky130_fd_sc_hd__a21oi_4)
     9    0.04    0.31    0.33   18.11 ^ _5562_/Y (sky130_fd_sc_hd__a21oi_4)
                                         _1221_ (net)
                  0.31    0.00   18.11 ^ _5593_/S (sky130_fd_sc_hd__mux2_2)
     6    0.02    0.08    0.45   18.56 v _5593_/X (sky130_fd_sc_hd__mux2_2)
                                         _1252_ (net)
                  0.08    0.00   18.56 v _5594_/B (sky130_fd_sc_hd__and2_1)
     4    0.01    0.06    0.21   18.77 v _5594_/X (sky130_fd_sc_hd__and2_1)
                                         _1253_ (net)
                  0.06    0.00   18.77 v _5606_/A (sky130_fd_sc_hd__or3b_1)
     4    0.01    0.10    0.45   19.22 v _5606_/X (sky130_fd_sc_hd__or3b_1)
                                         _1265_ (net)
                  0.10    0.00   19.22 v _5627_/A1 (sky130_fd_sc_hd__a2111o_1)
     4    0.01    0.10    0.45   19.67 v _5627_/X (sky130_fd_sc_hd__a2111o_1)
                                         _1286_ (net)
                  0.10    0.00   19.67 v _5666_/A2 (sky130_fd_sc_hd__a21o_1)
     3    0.01    0.08    0.25   19.92 v _5666_/X (sky130_fd_sc_hd__a21o_1)
                                         _1325_ (net)
                  0.08    0.00   19.92 v _5675_/A1 (sky130_fd_sc_hd__a21oi_4)
     9    0.04    0.30    0.30   20.22 ^ _5675_/Y (sky130_fd_sc_hd__a21oi_4)
                                         _1334_ (net)
                  0.30    0.00   20.22 ^ _5694_/S (sky130_fd_sc_hd__mux2_1)
     3    0.01    0.09    0.42   20.65 v _5694_/X (sky130_fd_sc_hd__mux2_1)
                                         _1353_ (net)
                  0.09    0.00   20.65 v _5738_/B (sky130_fd_sc_hd__xnor2_1)
     3    0.01    0.08    0.18   20.82 v _5738_/Y (sky130_fd_sc_hd__xnor2_1)
                                         _1397_ (net)
                  0.08    0.00   20.82 v _5741_/A (sky130_fd_sc_hd__or3_1)
     2    0.00    0.07    0.41   21.23 v _5741_/X (sky130_fd_sc_hd__or3_1)
                                         _1400_ (net)
                  0.07    0.00   21.23 v _5762_/A (sky130_fd_sc_hd__or4_1)
     2    0.01    0.10    0.58   21.81 v _5762_/X (sky130_fd_sc_hd__or4_1)
                                         _1421_ (net)
                  0.10    0.00   21.81 v _5779_/A3 (sky130_fd_sc_hd__a31o_1)
     1    0.00    0.04    0.25   22.06 v _5779_/X (sky130_fd_sc_hd__a31o_1)
                                         _1438_ (net)
                  0.04    0.00   22.06 v _5786_/B (sky130_fd_sc_hd__and3_1)
     2    0.00    0.05    0.17   22.23 v _5786_/X (sky130_fd_sc_hd__and3_1)
                                         _1445_ (net)
                  0.05    0.00   22.23 v _5791_/A2 (sky130_fd_sc_hd__a21oi_1)
     2    0.01    0.15    0.18   22.41 ^ _5791_/Y (sky130_fd_sc_hd__a21oi_1)
                                         _1450_ (net)
                  0.15    0.00   22.41 ^ _5796_/A1 (sky130_fd_sc_hd__o21a_2)
     5    0.03    0.14    0.25   22.65 ^ _5796_/X (sky130_fd_sc_hd__o21a_2)
                                         _1455_ (net)
                  0.14    0.00   22.66 ^ _5856_/S (sky130_fd_sc_hd__mux2_1)
     4    0.01    0.09    0.40   23.05 v _5856_/X (sky130_fd_sc_hd__mux2_1)
                                         _1515_ (net)
                  0.09    0.00   23.05 v _5858_/B (sky130_fd_sc_hd__and2_1)
     1    0.00    0.03    0.17   23.23 v _5858_/X (sky130_fd_sc_hd__and2_1)
                                         _1517_ (net)
                  0.03    0.00   23.23 v _5859_/B (sky130_fd_sc_hd__or2_1)
     3    0.01    0.08    0.25   23.48 v _5859_/X (sky130_fd_sc_hd__or2_1)
                                         _1518_ (net)
                  0.08    0.00   23.48 v _5867_/B (sky130_fd_sc_hd__or4b_1)
     1    0.00    0.08    0.52   24.00 v _5867_/X (sky130_fd_sc_hd__or4b_1)
                                         _1526_ (net)
                  0.08    0.00   24.00 v _5868_/B1_N (sky130_fd_sc_hd__o21bai_1)
     3    0.01    0.09    0.21   24.21 v _5868_/Y (sky130_fd_sc_hd__o21bai_1)
                                         _1527_ (net)
                  0.09    0.00   24.21 v _5887_/A1 (sky130_fd_sc_hd__a211o_1)
     2    0.01    0.06    0.30   24.51 v _5887_/X (sky130_fd_sc_hd__a211o_1)
                                         _1546_ (net)
                  0.06    0.00   24.51 v _5893_/A1 (sky130_fd_sc_hd__a21o_1)
     4    0.01    0.06    0.20   24.71 v _5893_/X (sky130_fd_sc_hd__a21o_1)
                                         _1552_ (net)
                  0.06    0.00   24.71 v _5906_/A2 (sky130_fd_sc_hd__a2111o_1)
     2    0.01    0.10    0.48   25.19 v _5906_/X (sky130_fd_sc_hd__a2111o_1)
                                         _1565_ (net)
                  0.10    0.00   25.19 v _5909_/A1 (sky130_fd_sc_hd__a21oi_4)
     9    0.04    0.30    0.31   25.50 ^ _5909_/Y (sky130_fd_sc_hd__a21oi_4)
                                         _1568_ (net)
                  0.30    0.00   25.50 ^ _5910_/A (sky130_fd_sc_hd__buf_6)
    10    0.04    0.09    0.20   25.70 ^ _5910_/X (sky130_fd_sc_hd__buf_6)
                                         _1569_ (net)
                  0.09    0.00   25.70 ^ _5980_/B (sky130_fd_sc_hd__nand3_1)
     3    0.01    0.09    0.11   25.81 v _5980_/Y (sky130_fd_sc_hd__nand3_1)
                                         _1639_ (net)
                  0.09    0.00   25.81 v _5988_/C (sky130_fd_sc_hd__and3_1)
     2    0.01    0.06    0.23   26.04 v _5988_/X (sky130_fd_sc_hd__and3_1)
                                         _1647_ (net)
                  0.06    0.00   26.04 v _5997_/A1 (sky130_fd_sc_hd__o31a_1)
     1    0.00    0.05    0.30   26.34 v _5997_/X (sky130_fd_sc_hd__o31a_1)
                                         _1656_ (net)
                  0.05    0.00   26.34 v _6003_/A2 (sky130_fd_sc_hd__a211o_1)
     1    0.00    0.05    0.31   26.65 v _6003_/X (sky130_fd_sc_hd__a211o_1)
                                         _1662_ (net)
                  0.05    0.00   26.65 v _6004_/B1 (sky130_fd_sc_hd__a21o_1)
     3    0.01    0.06    0.20   26.84 v _6004_/X (sky130_fd_sc_hd__a21o_1)
                                         _1663_ (net)
                  0.06    0.00   26.84 v _6023_/A1 (sky130_fd_sc_hd__a21oi_1)
     4    0.01    0.25    0.25   27.09 ^ _6023_/Y (sky130_fd_sc_hd__a21oi_1)
                                         _1682_ (net)
                  0.25    0.00   27.09 ^ _6033_/A1 (sky130_fd_sc_hd__a21o_2)
     4    0.02    0.11    0.24   27.34 ^ _6033_/X (sky130_fd_sc_hd__a21o_2)
                                         _1692_ (net)
                  0.11    0.00   27.34 ^ _6040_/A (sky130_fd_sc_hd__buf_6)
    10    0.03    0.07    0.15   27.49 ^ _6040_/X (sky130_fd_sc_hd__buf_6)
                                         _1699_ (net)
                  0.07    0.00   27.49 ^ _6104_/A1 (sky130_fd_sc_hd__a21oi_1)
     2    0.01    0.08    0.10   27.59 v _6104_/Y (sky130_fd_sc_hd__a21oi_1)
                                         _1763_ (net)
                  0.08    0.00   27.59 v _6105_/B (sky130_fd_sc_hd__xnor2_1)
     2    0.01    0.23    0.24   27.82 ^ _6105_/Y (sky130_fd_sc_hd__xnor2_1)
                                         _1764_ (net)
                  0.23    0.00   27.82 ^ _6106_/B (sky130_fd_sc_hd__xnor2_1)
     3    0.01    0.08    0.13   27.96 v _6106_/Y (sky130_fd_sc_hd__xnor2_1)
                                         _1765_ (net)
                  0.08    0.00   27.96 v _6122_/A (sky130_fd_sc_hd__or4b_1)
     2    0.01    0.10    0.58   28.53 v _6122_/X (sky130_fd_sc_hd__or4b_1)
                                         _1781_ (net)
                  0.10    0.00   28.53 v _6123_/D (sky130_fd_sc_hd__or4_1)
     3    0.01    0.12    0.48   29.01 v _6123_/X (sky130_fd_sc_hd__or4_1)
                                         _1782_ (net)
                  0.12    0.00   29.01 v _6146_/A1 (sky130_fd_sc_hd__a211o_1)
     3    0.01    0.10    0.35   29.37 v _6146_/X (sky130_fd_sc_hd__a211o_1)
                                         _1805_ (net)
                  0.10    0.00   29.37 v _6159_/A1 (sky130_fd_sc_hd__a21o_2)
    10    0.03    0.10    0.29   29.66 v _6159_/X (sky130_fd_sc_hd__a21o_2)
                                         _1818_ (net)
                  0.10    0.00   29.66 v _6207_/B1 (sky130_fd_sc_hd__a221o_1)
     1    0.01    0.08    0.36   30.01 v _6207_/X (sky130_fd_sc_hd__a221o_1)
                                         _1866_ (net)
                  0.08    0.00   30.01 v _6208_/B (sky130_fd_sc_hd__xnor2_2)
     4    0.02    0.27    0.26   30.28 ^ _6208_/Y (sky130_fd_sc_hd__xnor2_2)
                                         _1867_ (net)
                  0.27    0.00   30.28 ^ _6218_/B (sky130_fd_sc_hd__xnor2_1)
     2    0.01    0.09    0.15   30.42 v _6218_/Y (sky130_fd_sc_hd__xnor2_1)
                                         _1877_ (net)
                  0.09    0.00   30.42 v _6221_/A2 (sky130_fd_sc_hd__o41a_1)
     2    0.01    0.08    0.45   30.87 v _6221_/X (sky130_fd_sc_hd__o41a_1)
                                         _1880_ (net)
                  0.08    0.00   30.87 v _6272_/A2 (sky130_fd_sc_hd__a2111o_1)
     3    0.01    0.08    0.46   31.33 v _6272_/X (sky130_fd_sc_hd__a2111o_1)
                                         _1931_ (net)
                  0.08    0.00   31.33 v _6290_/A1 (sky130_fd_sc_hd__a211o_1)
     4    0.02    0.10    0.35   31.68 v _6290_/X (sky130_fd_sc_hd__a211o_1)
                                         _1949_ (net)
                  0.10    0.00   31.68 v _6300_/A2 (sky130_fd_sc_hd__a32o_1)
     2    0.01    0.07    0.31   31.99 v _6300_/X (sky130_fd_sc_hd__a32o_1)
                                         _1959_ (net)
                  0.07    0.00   31.99 v _6301_/A (sky130_fd_sc_hd__buf_6)
    10    0.03    0.04    0.15   32.15 v _6301_/X (sky130_fd_sc_hd__buf_6)
                                         _1960_ (net)
                  0.04    0.00   32.15 v _6359_/A2 (sky130_fd_sc_hd__a211o_1)
     3    0.01    0.06    0.32   32.47 v _6359_/X (sky130_fd_sc_hd__a211o_1)
                                         _2018_ (net)
                  0.06    0.00   32.47 v _6361_/C (sky130_fd_sc_hd__and3_1)
     2    0.01    0.05    0.20   32.67 v _6361_/X (sky130_fd_sc_hd__and3_1)
                                         _2020_ (net)
                  0.05    0.00   32.67 v _6366_/C1 (sky130_fd_sc_hd__a2111o_1)
     1    0.00    0.05    0.34   33.01 v _6366_/X (sky130_fd_sc_hd__a2111o_1)
                                         _2025_ (net)
                  0.05    0.00   33.01 v _6367_/D (sky130_fd_sc_hd__or4_1)
     3    0.01    0.12    0.47   33.48 v _6367_/X (sky130_fd_sc_hd__or4_1)
                                         _2026_ (net)
                  0.12    0.00   33.48 v _6392_/A1 (sky130_fd_sc_hd__a211o_1)
     3    0.01    0.08    0.33   33.81 v _6392_/X (sky130_fd_sc_hd__a211o_1)
                                         _2051_ (net)
                  0.08    0.00   33.81 v _6407_/A1 (sky130_fd_sc_hd__a211o_1)
     3    0.01    0.07    0.30   34.12 v _6407_/X (sky130_fd_sc_hd__a211o_1)
                                         _2066_ (net)
                  0.07    0.00   34.12 v _6411_/A1 (sky130_fd_sc_hd__a21o_1)
     5    0.02    0.09    0.23   34.34 v _6411_/X (sky130_fd_sc_hd__a21o_1)
                                         _2070_ (net)
                  0.09    0.00   34.34 v _6441_/A2 (sky130_fd_sc_hd__a211o_2)
     9    0.03    0.11    0.44   34.79 v _6441_/X (sky130_fd_sc_hd__a211o_2)
                                         _2100_ (net)
                  0.11    0.00   34.79 v _6481_/B1 (sky130_fd_sc_hd__a2bb2o_1)
     3    0.01    0.08    0.35   35.14 v _6481_/X (sky130_fd_sc_hd__a2bb2o_1)
                                         _2140_ (net)
                  0.08    0.00   35.14 v _6484_/A1 (sky130_fd_sc_hd__a21o_1)
     2    0.00    0.04    0.18   35.32 v _6484_/X (sky130_fd_sc_hd__a21o_1)
                                         _2143_ (net)
                  0.04    0.00   35.32 v _6485_/D (sky130_fd_sc_hd__and4_1)
     3    0.01    0.06    0.22   35.54 v _6485_/X (sky130_fd_sc_hd__and4_1)
                                         _2144_ (net)
                  0.06    0.00   35.54 v _6570_/B1 (sky130_fd_sc_hd__a221o_1)
     2    0.01    0.06    0.32   35.86 v _6570_/X (sky130_fd_sc_hd__a221o_1)
                                         _2229_ (net)
                  0.06    0.00   35.86 v _6573_/B1 (sky130_fd_sc_hd__a221o_1)
     2    0.01    0.07    0.34   36.20 v _6573_/X (sky130_fd_sc_hd__a221o_1)
                                         _2232_ (net)
                  0.07    0.00   36.20 v _6574_/B1 (sky130_fd_sc_hd__a21o_2)
     7    0.03    0.09    0.27   36.46 v _6574_/X (sky130_fd_sc_hd__a21o_2)
                                         _2233_ (net)
                  0.09    0.00   36.46 v _6591_/A2 (sky130_fd_sc_hd__a21o_1)
     5    0.02    0.10    0.26   36.73 v _6591_/X (sky130_fd_sc_hd__a21o_1)
                                         _2250_ (net)
                  0.10    0.00   36.73 v _6614_/S (sky130_fd_sc_hd__mux2_1)
     4    0.01    0.09    0.39   37.12 v _6614_/X (sky130_fd_sc_hd__mux2_1)
                                         _2272_ (net)
                  0.09    0.00   37.12 v _6622_/B (sky130_fd_sc_hd__or4b_1)
     1    0.00    0.07    0.51   37.63 v _6622_/X (sky130_fd_sc_hd__or4b_1)
                                         _2280_ (net)
                  0.07    0.00   37.63 v _6623_/D (sky130_fd_sc_hd__or4_1)
     2    0.01    0.11    0.46   38.09 v _6623_/X (sky130_fd_sc_hd__or4_1)
                                         _2281_ (net)
                  0.11    0.00   38.09 v _6634_/A1 (sky130_fd_sc_hd__a21oi_2)
     4    0.01    0.17    0.22   38.31 ^ _6634_/Y (sky130_fd_sc_hd__a21oi_2)
                                         _2292_ (net)
                  0.17    0.00   38.31 ^ _6654_/A1 (sky130_fd_sc_hd__a21o_1)
     5    0.02    0.17    0.24   38.55 ^ _6654_/X (sky130_fd_sc_hd__a21o_1)
                                         _2312_ (net)
                  0.17    0.00   38.55 ^ _6715_/A1 (sky130_fd_sc_hd__a31o_2)
     6    0.03    0.16    0.28   38.83 ^ _6715_/X (sky130_fd_sc_hd__a31o_2)
                                         _2372_ (net)
                  0.16    0.00   38.83 ^ _6726_/A1 (sky130_fd_sc_hd__a21o_2)
     8    0.03    0.18    0.27   39.09 ^ _6726_/X (sky130_fd_sc_hd__a21o_2)
                                         _2383_ (net)
                  0.18    0.00   39.10 ^ _8042_/S (sky130_fd_sc_hd__mux2_1)
     3    0.01    0.07    0.38   39.48 v _8042_/X (sky130_fd_sc_hd__mux2_1)
                                         _3695_ (net)
                  0.07    0.00   39.48 v _8043_/B (sky130_fd_sc_hd__or2_1)
     2    0.01    0.06    0.24   39.72 v _8043_/X (sky130_fd_sc_hd__or2_1)
                                         _3696_ (net)
                  0.06    0.00   39.72 v _8051_/A1 (sky130_fd_sc_hd__a21bo_1)
     4    0.01    0.08    0.22   39.94 v _8051_/X (sky130_fd_sc_hd__a21bo_1)
                                         _3704_ (net)
                  0.08    0.00   39.94 v _8055_/A1 (sky130_fd_sc_hd__o41a_1)
     2    0.01    0.08    0.47   40.41 v _8055_/X (sky130_fd_sc_hd__o41a_1)
                                         _3708_ (net)
                  0.08    0.00   40.41 v _8079_/A2 (sky130_fd_sc_hd__a31oi_2)
     3    0.01    0.21    0.25   40.66 ^ _8079_/Y (sky130_fd_sc_hd__a31oi_2)
                                         _3732_ (net)
                  0.21    0.00   40.66 ^ _8129_/A1 (sky130_fd_sc_hd__a211o_1)
     3    0.02    0.15    0.25   40.91 ^ _8129_/X (sky130_fd_sc_hd__a211o_1)
                                         _3782_ (net)
                  0.15    0.00   40.91 ^ _8133_/A2 (sky130_fd_sc_hd__a21o_1)
     2    0.01    0.10    0.19   41.10 ^ _8133_/X (sky130_fd_sc_hd__a21o_1)
                                         _3786_ (net)
                  0.10    0.00   41.10 ^ _8169_/A (sky130_fd_sc_hd__buf_6)
    10    0.04    0.09    0.16   41.26 ^ _8169_/X (sky130_fd_sc_hd__buf_6)
                                         _3822_ (net)
                  0.09    0.00   41.27 ^ _8253_/S (sky130_fd_sc_hd__mux2_1)
     2    0.01    0.08    0.37   41.63 v _8253_/X (sky130_fd_sc_hd__mux2_1)
                                         _3906_ (net)
                  0.08    0.00   41.63 v _8254_/B (sky130_fd_sc_hd__xnor2_1)
     2    0.00    0.06    0.14   41.78 v _8254_/Y (sky130_fd_sc_hd__xnor2_1)
                                         _3907_ (net)
                  0.06    0.00   41.78 v _8260_/B (sky130_fd_sc_hd__and4_1)
     1    0.00    0.03    0.18   41.95 v _8260_/X (sky130_fd_sc_hd__and4_1)
                                         _3913_ (net)
                  0.03    0.00   41.95 v _8266_/A (sky130_fd_sc_hd__or3_1)
     1    0.00    0.07    0.38   42.33 v _8266_/X (sky130_fd_sc_hd__or3_1)
                                         _3919_ (net)
                  0.07    0.00   42.33 v _8270_/A2 (sky130_fd_sc_hd__a211o_1)
     1    0.00    0.05    0.30   42.63 v _8270_/X (sky130_fd_sc_hd__a211o_1)
                                         _3923_ (net)
                  0.05    0.00   42.63 v _8274_/A2 (sky130_fd_sc_hd__a21o_1)
     1    0.00    0.04    0.19   42.82 v _8274_/X (sky130_fd_sc_hd__a21o_1)
                                         _3927_ (net)
                  0.04    0.00   42.82 v _8298_/A1 (sky130_fd_sc_hd__a22o_1)
     1    0.01    0.06    0.23   43.05 v _8298_/X (sky130_fd_sc_hd__a22o_1)
                                         _3951_ (net)
                  0.06    0.00   43.05 v _8302_/A2 (sky130_fd_sc_hd__a211oi_2)
     3    0.01    0.24    0.30   43.35 ^ _8302_/Y (sky130_fd_sc_hd__a211oi_2)
                                         _3955_ (net)
                  0.24    0.00   43.35 ^ _8304_/B (sky130_fd_sc_hd__or3_1)
     3    0.01    0.08    0.18   43.54 ^ _8304_/X (sky130_fd_sc_hd__or3_1)
                                         _3957_ (net)
                  0.08    0.00   43.54 ^ _8305_/B (sky130_fd_sc_hd__and2b_1)
     2    0.01    0.08    0.16   43.69 ^ _8305_/X (sky130_fd_sc_hd__and2b_1)
                                         _3958_ (net)
                  0.08    0.00   43.69 ^ _8321_/B1_N (sky130_fd_sc_hd__a21boi_1)
     1    0.00    0.11    0.16   43.86 ^ _8321_/Y (sky130_fd_sc_hd__a21boi_1)
                                         net47 (net)
                  0.11    0.00   43.86 ^ output47/A (sky130_fd_sc_hd__clkbuf_4)
     1    0.03    0.11    0.22   44.08 ^ output47/X (sky130_fd_sc_hd__clkbuf_4)
                                         seg[5] (net)
                  0.11    0.00   44.08 ^ seg[5] (out)
                                 44.08   data arrival time

                         10.00   10.00   clock clk (rise edge)
                          0.00   10.00   clock network delay (propagated)
                         -0.25    9.75   clock uncertainty
                          0.00    9.75   clock reconvergence pessimism
                         -2.00    7.75   output external delay
                                  7.75   data required time
-----------------------------------------------------------------------------
                                  7.75   data required time
                                -44.08   data arrival time
-----------------------------------------------------------------------------
                                -36.33   slack (VIOLATED)




===========================================================================
report_checks --slack_max -0.01
============================================================================
======================= Typical Corner ===================================

Startpoint: _8865_ (rising edge-triggered flip-flop clocked by clk)
Endpoint: seg[5] (output port clocked by clk)
Path Group: clk
Path Type: max

Fanout     Cap    Slew   Delay    Time   Description
-----------------------------------------------------------------------------
                          0.00    0.00   clock clk (rise edge)
                          0.00    0.00   clock source latency
     1    0.02    0.10    0.08    0.08 ^ clk (in)
                                         clk (net)
                  0.10    0.00    0.08 ^ clkbuf_0_clk/A (sky130_fd_sc_hd__clkbuf_16)
    16    0.11    0.12    0.23    0.30 ^ clkbuf_0_clk/X (sky130_fd_sc_hd__clkbuf_16)
                                         clknet_0_clk (net)
                  0.12    0.00    0.30 ^ clkbuf_4_5_0_clk/A (sky130_fd_sc_hd__clkbuf_8)
    11    0.04    0.08    0.19    0.50 ^ clkbuf_4_5_0_clk/X (sky130_fd_sc_hd__clkbuf_8)
                                         clknet_4_5_0_clk (net)
                  0.08    0.00    0.50 ^ _8865_/CLK (sky130_fd_sc_hd__dfxtp_2)
     9    0.03    0.07    0.39    0.88 v _8865_/Q (sky130_fd_sc_hd__dfxtp_2)
                                         display.refresh_counter[17] (net)
                  0.07    0.00    0.88 v _4993_/B (sky130_fd_sc_hd__and2_1)
     1    0.00    0.04    0.18    1.07 v _4993_/X (sky130_fd_sc_hd__and2_1)
                                         _0652_ (net)
                  0.04    0.00    1.07 v _4994_/A (sky130_fd_sc_hd__buf_6)
     6    0.03    0.04    0.14    1.21 v _4994_/X (sky130_fd_sc_hd__buf_6)
                                         _0653_ (net)
                  0.04    0.00    1.21 v _5006_/B (sky130_fd_sc_hd__or3_1)
     2    0.00    0.08    0.37    1.58 v _5006_/X (sky130_fd_sc_hd__or3_1)
                                         _0665_ (net)
                  0.08    0.00    1.58 v _5010_/A1 (sky130_fd_sc_hd__a21o_1)
     3    0.01    0.06    0.20    1.78 v _5010_/X (sky130_fd_sc_hd__a21o_1)
                                         _0669_ (net)
                  0.06    0.00    1.78 v _5012_/B2 (sky130_fd_sc_hd__a221o_1)
     2    0.00    0.06    0.35    2.13 v _5012_/X (sky130_fd_sc_hd__a221o_1)
                                         _0671_ (net)
                  0.06    0.00    2.13 v _5017_/A1 (sky130_fd_sc_hd__a31o_1)
     3    0.01    0.07    0.22    2.35 v _5017_/X (sky130_fd_sc_hd__a31o_1)
                                         _0676_ (net)
                  0.07    0.00    2.35 v _5020_/A1 (sky130_fd_sc_hd__o211a_4)
     9    0.03    0.07    0.31    2.66 v _5020_/X (sky130_fd_sc_hd__o211a_4)
                                         _0679_ (net)
                  0.07    0.00    2.66 v _5046_/S (sky130_fd_sc_hd__mux2_1)
     3    0.01    0.10    0.39    3.06 v _5046_/X (sky130_fd_sc_hd__mux2_1)
                                         _0705_ (net)
                  0.10    0.00    3.06 v _5047_/B (sky130_fd_sc_hd__xnor2_1)
     2    0.01    0.07    0.17    3.23 v _5047_/Y (sky130_fd_sc_hd__xnor2_1)
                                         _0706_ (net)
                  0.07    0.00    3.23 v _5054_/A1 (sky130_fd_sc_hd__a21o_1)
     3    0.01    0.06    0.20    3.43 v _5054_/X (sky130_fd_sc_hd__a21o_1)
                                         _0713_ (net)
                  0.06    0.00    3.43 v _5057_/A2 (sky130_fd_sc_hd__a221o_1)
     2    0.00    0.06    0.38    3.81 v _5057_/X (sky130_fd_sc_hd__a221o_1)
                                         _0716_ (net)
                  0.06    0.00    3.81 v _5061_/B (sky130_fd_sc_hd__and3_1)
     4    0.01    0.07    0.21    4.02 v _5061_/X (sky130_fd_sc_hd__and3_1)
                                         _0720_ (net)
                  0.07    0.00    4.02 v _5071_/A2 (sky130_fd_sc_hd__o31a_1)
     3    0.01    0.07    0.32    4.34 v _5071_/X (sky130_fd_sc_hd__o31a_1)
                                         _0730_ (net)
                  0.07    0.00    4.34 v _5073_/A3 (sky130_fd_sc_hd__o32a_1)
     1    0.01    0.06    0.32    4.65 v _5073_/X (sky130_fd_sc_hd__o32a_1)
                                         _0732_ (net)
                  0.06    0.00    4.65 v _5075_/A2 (sky130_fd_sc_hd__a21oi_2)
     6    0.02    0.21    0.24    4.90 ^ _5075_/Y (sky130_fd_sc_hd__a21oi_2)
                                         _0734_ (net)
                  0.21    0.00    4.90 ^ _5076_/B (sky130_fd_sc_hd__nor2_1)
     2    0.01    0.07    0.09    4.99 v _5076_/Y (sky130_fd_sc_hd__nor2_1)
                                         _0735_ (net)
                  0.07    0.00    4.99 v _5087_/S (sky130_fd_sc_hd__mux2_1)
     4    0.01    0.10    0.39    5.38 v _5087_/X (sky130_fd_sc_hd__mux2_1)
                                         _0746_ (net)
                  0.10    0.00    5.38 v _5088_/B (sky130_fd_sc_hd__xnor2_1)
     3    0.01    0.09    0.19    5.57 v _5088_/Y (sky130_fd_sc_hd__xnor2_1)
                                         _0747_ (net)
                  0.09    0.00    5.57 v _5103_/B1 (sky130_fd_sc_hd__o221a_1)
     2    0.00    0.06    0.26    5.83 v _5103_/X (sky130_fd_sc_hd__o221a_1)
                                         _0762_ (net)
                  0.06    0.00    5.83 v _5110_/A2 (sky130_fd_sc_hd__o41a_1)
     3    0.01    0.10    0.47    6.30 v _5110_/X (sky130_fd_sc_hd__o41a_1)
                                         _0769_ (net)
                  0.10    0.00    6.30 v _5120_/A1 (sky130_fd_sc_hd__a21o_1)
     3    0.01    0.06    0.21    6.51 v _5120_/X (sky130_fd_sc_hd__a21o_1)
                                         _0779_ (net)
                  0.06    0.00    6.51 v _5128_/A2 (sky130_fd_sc_hd__a311o_1)
     1    0.01    0.06    0.34    6.85 v _5128_/X (sky130_fd_sc_hd__a311o_1)
                                         _0787_ (net)
                  0.06    0.00    6.85 v _5129_/A2 (sky130_fd_sc_hd__a21oi_2)
     4    0.02    0.22    0.25    7.10 ^ _5129_/Y (sky130_fd_sc_hd__a21oi_2)
                                         _0788_ (net)
                  0.22    0.00    7.10 ^ _5157_/S (sky130_fd_sc_hd__mux2_2)
     3    0.02    0.08    0.43    7.53 v _5157_/X (sky130_fd_sc_hd__mux2_2)
                                         _0816_ (net)
                  0.08    0.00    7.53 v _5158_/B (sky130_fd_sc_hd__xnor2_1)
     3    0.01    0.09    0.18    7.71 v _5158_/Y (sky130_fd_sc_hd__xnor2_1)
                                         _0817_ (net)
                  0.09    0.00    7.71 v _5161_/A2 (sky130_fd_sc_hd__a211o_1)
     2    0.01    0.06    0.33    8.05 v _5161_/X (sky130_fd_sc_hd__a211o_1)
                                         _0820_ (net)
                  0.06    0.00    8.05 v _5166_/A2 (sky130_fd_sc_hd__a21o_1)
     3    0.01    0.05    0.21    8.25 v _5166_/X (sky130_fd_sc_hd__a21o_1)
                                         _0825_ (net)
                  0.05    0.00    8.25 v _5171_/A2 (sky130_fd_sc_hd__a211o_1)
     3    0.01    0.07    0.34    8.59 v _5171_/X (sky130_fd_sc_hd__a211o_1)
                                         _0830_ (net)
                  0.07    0.00    8.59 v _5185_/A2 (sky130_fd_sc_hd__a31o_1)
     2    0.01    0.06    0.25    8.84 v _5185_/X (sky130_fd_sc_hd__a31o_1)
                                         _0844_ (net)
                  0.06    0.00    8.84 v _5190_/A2 (sky130_fd_sc_hd__a21boi_1)
     3    0.01    0.20    0.23    9.06 ^ _5190_/Y (sky130_fd_sc_hd__a21boi_1)
                                         _0849_ (net)
                  0.20    0.00    9.06 ^ _5192_/A3 (sky130_fd_sc_hd__o31a_1)
     1    0.01    0.12    0.21    9.27 ^ _5192_/X (sky130_fd_sc_hd__o31a_1)
                                         _0851_ (net)
                  0.12    0.00    9.27 ^ _5194_/A2 (sky130_fd_sc_hd__a21oi_4)
     9    0.02    0.08    0.10    9.37 v _5194_/Y (sky130_fd_sc_hd__a21oi_4)
                                         _0853_ (net)
                  0.08    0.00    9.37 v _5196_/A (sky130_fd_sc_hd__nor2_1)
     2    0.01    0.18    0.19    9.56 ^ _5196_/Y (sky130_fd_sc_hd__nor2_1)
                                         _0855_ (net)
                  0.18    0.00    9.56 ^ _5211_/S (sky130_fd_sc_hd__mux2_1)
     4    0.01    0.10    0.42    9.98 v _5211_/X (sky130_fd_sc_hd__mux2_1)
                                         _0870_ (net)
                  0.10    0.00    9.98 v _5212_/B (sky130_fd_sc_hd__xnor2_1)
     3    0.01    0.07    0.17   10.15 v _5212_/Y (sky130_fd_sc_hd__xnor2_1)
                                         _0871_ (net)
                  0.07    0.00   10.15 v _5220_/B (sky130_fd_sc_hd__or3_1)
     3    0.01    0.10    0.41   10.55 v _5220_/X (sky130_fd_sc_hd__or3_1)
                                         _0879_ (net)
                  0.10    0.00   10.55 v _5234_/A1 (sky130_fd_sc_hd__a21oi_1)
     4    0.01    0.25    0.26   10.81 ^ _5234_/Y (sky130_fd_sc_hd__a21oi_1)
                                         _0893_ (net)
                  0.25    0.00   10.81 ^ _5256_/A1 (sky130_fd_sc_hd__a31o_2)
     4    0.02    0.12    0.27   11.08 ^ _5256_/X (sky130_fd_sc_hd__a31o_2)
                                         _0915_ (net)
                  0.12    0.00   11.08 ^ _5280_/A1 (sky130_fd_sc_hd__a41oi_4)
     3    0.02    0.14    0.14   11.22 v _5280_/Y (sky130_fd_sc_hd__a41oi_4)
                                         _0939_ (net)
                  0.14    0.00   11.22 v _5281_/A2 (sky130_fd_sc_hd__a21oi_4)
     5    0.02    0.20    0.26   11.49 ^ _5281_/Y (sky130_fd_sc_hd__a21oi_4)
                                         _0940_ (net)
                  0.20    0.00   11.49 ^ _5282_/A (sky130_fd_sc_hd__buf_6)
    10    0.04    0.08    0.18   11.67 ^ _5282_/X (sky130_fd_sc_hd__buf_6)
                                         _0941_ (net)
                  0.09    0.00   11.67 ^ _5315_/S (sky130_fd_sc_hd__mux2_2)
     4    0.02    0.08    0.40   12.07 v _5315_/X (sky130_fd_sc_hd__mux2_2)
                                         _0974_ (net)
                  0.08    0.00   12.07 v _5331_/A3 (sky130_fd_sc_hd__a31o_1)
     2    0.01    0.05    0.26   12.33 v _5331_/X (sky130_fd_sc_hd__a31o_1)
                                         _0990_ (net)
                  0.05    0.00   12.33 v _5332_/A1 (sky130_fd_sc_hd__a31o_1)
     1    0.00    0.04    0.18   12.51 v _5332_/X (sky130_fd_sc_hd__a31o_1)
                                         _0991_ (net)
                  0.04    0.00   12.51 v _5333_/B1 (sky130_fd_sc_hd__a31o_1)
     4    0.01    0.07    0.23   12.73 v _5333_/X (sky130_fd_sc_hd__a31o_1)
                                         _0992_ (net)
                  0.07    0.00   12.73 v _5352_/A2 (sky130_fd_sc_hd__o31a_2)
     4    0.02    0.09    0.40   13.14 v _5352_/X (sky130_fd_sc_hd__o31a_2)
                                         _1011_ (net)
                  0.09    0.00   13.14 v _5372_/A1 (sky130_fd_sc_hd__a21oi_4)
     7    0.02    0.19    0.22   13.36 ^ _5372_/Y (sky130_fd_sc_hd__a21oi_4)
                                         _1031_ (net)
                  0.19    0.00   13.36 ^ _5373_/B (sky130_fd_sc_hd__nor2_1)
     5    0.01    0.09    0.13   13.49 v _5373_/Y (sky130_fd_sc_hd__nor2_1)
                                         _1032_ (net)
                  0.09    0.00   13.49 v _5413_/A2 (sky130_fd_sc_hd__o21a_1)
     2    0.00    0.04    0.20   13.69 v _5413_/X (sky130_fd_sc_hd__o21a_1)
                                         _1072_ (net)
                  0.04    0.00   13.69 v _5424_/A (sky130_fd_sc_hd__or4_1)
     1    0.00    0.08    0.53   14.22 v _5424_/X (sky130_fd_sc_hd__or4_1)
                                         _1083_ (net)
                  0.08    0.00   14.22 v _5432_/A3 (sky130_fd_sc_hd__o31a_1)
     2    0.01    0.06    0.27   14.50 v _5432_/X (sky130_fd_sc_hd__o31a_1)
                                         _1091_ (net)
                  0.06    0.00   14.50 v _5435_/A2 (sky130_fd_sc_hd__o211a_1)
     3    0.01    0.07    0.25   14.75 v _5435_/X (sky130_fd_sc_hd__o211a_1)
                                         _1094_ (net)
                  0.07    0.00   14.75 v _5451_/A3 (sky130_fd_sc_hd__o311a_1)
     2    0.00    0.06    0.32   15.06 v _5451_/X (sky130_fd_sc_hd__o311a_1)
                                         _1110_ (net)
                  0.06    0.00   15.06 v _5454_/C (sky130_fd_sc_hd__or4_1)
     1    0.00    0.08    0.49   15.55 v _5454_/X (sky130_fd_sc_hd__or4_1)
                                         _1113_ (net)
                  0.08    0.00   15.55 v _5455_/A3 (sky130_fd_sc_hd__a31o_1)
     2    0.01    0.07    0.28   15.83 v _5455_/X (sky130_fd_sc_hd__a31o_1)
                                         _1114_ (net)
                  0.07    0.00   15.83 v _5457_/A2 (sky130_fd_sc_hd__a21oi_4)
    10    0.05    0.34    0.35   16.19 ^ _5457_/Y (sky130_fd_sc_hd__a21oi_4)
                                         _1116_ (net)
                  0.34    0.00   16.19 ^ _5504_/S (sky130_fd_sc_hd__mux2_1)
     3    0.01    0.09    0.42   16.61 v _5504_/X (sky130_fd_sc_hd__mux2_1)
                                         _1163_ (net)
                  0.09    0.00   16.61 v _5505_/B (sky130_fd_sc_hd__or2_1)
     3    0.01    0.07    0.25   16.86 v _5505_/X (sky130_fd_sc_hd__or2_1)
                                         _1164_ (net)
                  0.07    0.00   16.86 v _5515_/A1 (sky130_fd_sc_hd__a2111o_1)
     3    0.01    0.08    0.42   17.28 v _5515_/X (sky130_fd_sc_hd__a2111o_1)
                                         _1174_ (net)
                  0.08    0.00   17.28 v _5522_/A2 (sky130_fd_sc_hd__a21o_1)
     2    0.00    0.04    0.21   17.48 v _5522_/X (sky130_fd_sc_hd__a21o_1)
                                         _1181_ (net)
                  0.04    0.00   17.48 v _5536_/B (sky130_fd_sc_hd__nand2_1)
     3    0.02    0.15    0.14   17.62 ^ _5536_/Y (sky130_fd_sc_hd__nand2_1)
                                         _1195_ (net)
                  0.15    0.00   17.62 ^ _5555_/A (sky130_fd_sc_hd__nand4_2)
     3    0.01    0.14    0.15   17.78 v _5555_/Y (sky130_fd_sc_hd__nand4_2)
                                         _1214_ (net)
                  0.14    0.00   17.78 v _5562_/A1 (sky130_fd_sc_hd__a21oi_4)
     9    0.04    0.31    0.33   18.11 ^ _5562_/Y (sky130_fd_sc_hd__a21oi_4)
                                         _1221_ (net)
                  0.31    0.00   18.11 ^ _5593_/S (sky130_fd_sc_hd__mux2_2)
     6    0.02    0.08    0.45   18.56 v _5593_/X (sky130_fd_sc_hd__mux2_2)
                                         _1252_ (net)
                  0.08    0.00   18.56 v _5594_/B (sky130_fd_sc_hd__and2_1)
     4    0.01    0.06    0.21   18.77 v _5594_/X (sky130_fd_sc_hd__and2_1)
                                         _1253_ (net)
                  0.06    0.00   18.77 v _5606_/A (sky130_fd_sc_hd__or3b_1)
     4    0.01    0.10    0.45   19.22 v _5606_/X (sky130_fd_sc_hd__or3b_1)
                                         _1265_ (net)
                  0.10    0.00   19.22 v _5627_/A1 (sky130_fd_sc_hd__a2111o_1)
     4    0.01    0.10    0.45   19.67 v _5627_/X (sky130_fd_sc_hd__a2111o_1)
                                         _1286_ (net)
                  0.10    0.00   19.67 v _5666_/A2 (sky130_fd_sc_hd__a21o_1)
     3    0.01    0.08    0.25   19.92 v _5666_/X (sky130_fd_sc_hd__a21o_1)
                                         _1325_ (net)
                  0.08    0.00   19.92 v _5675_/A1 (sky130_fd_sc_hd__a21oi_4)
     9    0.04    0.30    0.30   20.22 ^ _5675_/Y (sky130_fd_sc_hd__a21oi_4)
                                         _1334_ (net)
                  0.30    0.00   20.22 ^ _5694_/S (sky130_fd_sc_hd__mux2_1)
     3    0.01    0.09    0.42   20.65 v _5694_/X (sky130_fd_sc_hd__mux2_1)
                                         _1353_ (net)
                  0.09    0.00   20.65 v _5738_/B (sky130_fd_sc_hd__xnor2_1)
     3    0.01    0.08    0.18   20.82 v _5738_/Y (sky130_fd_sc_hd__xnor2_1)
                                         _1397_ (net)
                  0.08    0.00   20.82 v _5741_/A (sky130_fd_sc_hd__or3_1)
     2    0.00    0.07    0.41   21.23 v _5741_/X (sky130_fd_sc_hd__or3_1)
                                         _1400_ (net)
                  0.07    0.00   21.23 v _5762_/A (sky130_fd_sc_hd__or4_1)
     2    0.01    0.10    0.58   21.81 v _5762_/X (sky130_fd_sc_hd__or4_1)
                                         _1421_ (net)
                  0.10    0.00   21.81 v _5779_/A3 (sky130_fd_sc_hd__a31o_1)
     1    0.00    0.04    0.25   22.06 v _5779_/X (sky130_fd_sc_hd__a31o_1)
                                         _1438_ (net)
                  0.04    0.00   22.06 v _5786_/B (sky130_fd_sc_hd__and3_1)
     2    0.00    0.05    0.17   22.23 v _5786_/X (sky130_fd_sc_hd__and3_1)
                                         _1445_ (net)
                  0.05    0.00   22.23 v _5791_/A2 (sky130_fd_sc_hd__a21oi_1)
     2    0.01    0.15    0.18   22.41 ^ _5791_/Y (sky130_fd_sc_hd__a21oi_1)
                                         _1450_ (net)
                  0.15    0.00   22.41 ^ _5796_/A1 (sky130_fd_sc_hd__o21a_2)
     5    0.03    0.14    0.25   22.65 ^ _5796_/X (sky130_fd_sc_hd__o21a_2)
                                         _1455_ (net)
                  0.14    0.00   22.66 ^ _5856_/S (sky130_fd_sc_hd__mux2_1)
     4    0.01    0.09    0.40   23.05 v _5856_/X (sky130_fd_sc_hd__mux2_1)
                                         _1515_ (net)
                  0.09    0.00   23.05 v _5858_/B (sky130_fd_sc_hd__and2_1)
     1    0.00    0.03    0.17   23.23 v _5858_/X (sky130_fd_sc_hd__and2_1)
                                         _1517_ (net)
                  0.03    0.00   23.23 v _5859_/B (sky130_fd_sc_hd__or2_1)
     3    0.01    0.08    0.25   23.48 v _5859_/X (sky130_fd_sc_hd__or2_1)
                                         _1518_ (net)
                  0.08    0.00   23.48 v _5867_/B (sky130_fd_sc_hd__or4b_1)
     1    0.00    0.08    0.52   24.00 v _5867_/X (sky130_fd_sc_hd__or4b_1)
                                         _1526_ (net)
                  0.08    0.00   24.00 v _5868_/B1_N (sky130_fd_sc_hd__o21bai_1)
     3    0.01    0.09    0.21   24.21 v _5868_/Y (sky130_fd_sc_hd__o21bai_1)
                                         _1527_ (net)
                  0.09    0.00   24.21 v _5887_/A1 (sky130_fd_sc_hd__a211o_1)
     2    0.01    0.06    0.30   24.51 v _5887_/X (sky130_fd_sc_hd__a211o_1)
                                         _1546_ (net)
                  0.06    0.00   24.51 v _5893_/A1 (sky130_fd_sc_hd__a21o_1)
     4    0.01    0.06    0.20   24.71 v _5893_/X (sky130_fd_sc_hd__a21o_1)
                                         _1552_ (net)
                  0.06    0.00   24.71 v _5906_/A2 (sky130_fd_sc_hd__a2111o_1)
     2    0.01    0.10    0.48   25.19 v _5906_/X (sky130_fd_sc_hd__a2111o_1)
                                         _1565_ (net)
                  0.10    0.00   25.19 v _5909_/A1 (sky130_fd_sc_hd__a21oi_4)
     9    0.04    0.30    0.31   25.50 ^ _5909_/Y (sky130_fd_sc_hd__a21oi_4)
                                         _1568_ (net)
                  0.30    0.00   25.50 ^ _5910_/A (sky130_fd_sc_hd__buf_6)
    10    0.04    0.09    0.20   25.70 ^ _5910_/X (sky130_fd_sc_hd__buf_6)
                                         _1569_ (net)
                  0.09    0.00   25.70 ^ _5980_/B (sky130_fd_sc_hd__nand3_1)
     3    0.01    0.09    0.11   25.81 v _5980_/Y (sky130_fd_sc_hd__nand3_1)
                                         _1639_ (net)
                  0.09    0.00   25.81 v _5988_/C (sky130_fd_sc_hd__and3_1)
     2    0.01    0.06    0.23   26.04 v _5988_/X (sky130_fd_sc_hd__and3_1)
                                         _1647_ (net)
                  0.06    0.00   26.04 v _5997_/A1 (sky130_fd_sc_hd__o31a_1)
     1    0.00    0.05    0.30   26.34 v _5997_/X (sky130_fd_sc_hd__o31a_1)
                                         _1656_ (net)
                  0.05    0.00   26.34 v _6003_/A2 (sky130_fd_sc_hd__a211o_1)
     1    0.00    0.05    0.31   26.65 v _6003_/X (sky130_fd_sc_hd__a211o_1)
                                         _1662_ (net)
                  0.05    0.00   26.65 v _6004_/B1 (sky130_fd_sc_hd__a21o_1)
     3    0.01    0.06    0.20   26.84 v _6004_/X (sky130_fd_sc_hd__a21o_1)
                                         _1663_ (net)
                  0.06    0.00   26.84 v _6023_/A1 (sky130_fd_sc_hd__a21oi_1)
     4    0.01    0.25    0.25   27.09 ^ _6023_/Y (sky130_fd_sc_hd__a21oi_1)
                                         _1682_ (net)
                  0.25    0.00   27.09 ^ _6033_/A1 (sky130_fd_sc_hd__a21o_2)
     4    0.02    0.11    0.24   27.34 ^ _6033_/X (sky130_fd_sc_hd__a21o_2)
                                         _1692_ (net)
                  0.11    0.00   27.34 ^ _6040_/A (sky130_fd_sc_hd__buf_6)
    10    0.03    0.07    0.15   27.49 ^ _6040_/X (sky130_fd_sc_hd__buf_6)
                                         _1699_ (net)
                  0.07    0.00   27.49 ^ _6104_/A1 (sky130_fd_sc_hd__a21oi_1)
     2    0.01    0.08    0.10   27.59 v _6104_/Y (sky130_fd_sc_hd__a21oi_1)
                                         _1763_ (net)
                  0.08    0.00   27.59 v _6105_/B (sky130_fd_sc_hd__xnor2_1)
     2    0.01    0.23    0.24   27.82 ^ _6105_/Y (sky130_fd_sc_hd__xnor2_1)
                                         _1764_ (net)
                  0.23    0.00   27.82 ^ _6106_/B (sky130_fd_sc_hd__xnor2_1)
     3    0.01    0.08    0.13   27.96 v _6106_/Y (sky130_fd_sc_hd__xnor2_1)
                                         _1765_ (net)
                  0.08    0.00   27.96 v _6122_/A (sky130_fd_sc_hd__or4b_1)
     2    0.01    0.10    0.58   28.53 v _6122_/X (sky130_fd_sc_hd__or4b_1)
                                         _1781_ (net)
                  0.10    0.00   28.53 v _6123_/D (sky130_fd_sc_hd__or4_1)
     3    0.01    0.12    0.48   29.01 v _6123_/X (sky130_fd_sc_hd__or4_1)
                                         _1782_ (net)
                  0.12    0.00   29.01 v _6146_/A1 (sky130_fd_sc_hd__a211o_1)
     3    0.01    0.10    0.35   29.37 v _6146_/X (sky130_fd_sc_hd__a211o_1)
                                         _1805_ (net)
                  0.10    0.00   29.37 v _6159_/A1 (sky130_fd_sc_hd__a21o_2)
    10    0.03    0.10    0.29   29.66 v _6159_/X (sky130_fd_sc_hd__a21o_2)
                                         _1818_ (net)
                  0.10    0.00   29.66 v _6207_/B1 (sky130_fd_sc_hd__a221o_1)
     1    0.01    0.08    0.36   30.01 v _6207_/X (sky130_fd_sc_hd__a221o_1)
                                         _1866_ (net)
                  0.08    0.00   30.01 v _6208_/B (sky130_fd_sc_hd__xnor2_2)
     4    0.02    0.27    0.26   30.28 ^ _6208_/Y (sky130_fd_sc_hd__xnor2_2)
                                         _1867_ (net)
                  0.27    0.00   30.28 ^ _6218_/B (sky130_fd_sc_hd__xnor2_1)
     2    0.01    0.09    0.15   30.42 v _6218_/Y (sky130_fd_sc_hd__xnor2_1)
                                         _1877_ (net)
                  0.09    0.00   30.42 v _6221_/A2 (sky130_fd_sc_hd__o41a_1)
     2    0.01    0.08    0.45   30.87 v _6221_/X (sky130_fd_sc_hd__o41a_1)
                                         _1880_ (net)
                  0.08    0.00   30.87 v _6272_/A2 (sky130_fd_sc_hd__a2111o_1)
     3    0.01    0.08    0.46   31.33 v _6272_/X (sky130_fd_sc_hd__a2111o_1)
                                         _1931_ (net)
                  0.08    0.00   31.33 v _6290_/A1 (sky130_fd_sc_hd__a211o_1)
     4    0.02    0.10    0.35   31.68 v _6290_/X (sky130_fd_sc_hd__a211o_1)
                                         _1949_ (net)
                  0.10    0.00   31.68 v _6300_/A2 (sky130_fd_sc_hd__a32o_1)
     2    0.01    0.07    0.31   31.99 v _6300_/X (sky130_fd_sc_hd__a32o_1)
                                         _1959_ (net)
                  0.07    0.00   31.99 v _6301_/A (sky130_fd_sc_hd__buf_6)
    10    0.03    0.04    0.15   32.15 v _6301_/X (sky130_fd_sc_hd__buf_6)
                                         _1960_ (net)
                  0.04    0.00   32.15 v _6359_/A2 (sky130_fd_sc_hd__a211o_1)
     3    0.01    0.06    0.32   32.47 v _6359_/X (sky130_fd_sc_hd__a211o_1)
                                         _2018_ (net)
                  0.06    0.00   32.47 v _6361_/C (sky130_fd_sc_hd__and3_1)
     2    0.01    0.05    0.20   32.67 v _6361_/X (sky130_fd_sc_hd__and3_1)
                                         _2020_ (net)
                  0.05    0.00   32.67 v _6366_/C1 (sky130_fd_sc_hd__a2111o_1)
     1    0.00    0.05    0.34   33.01 v _6366_/X (sky130_fd_sc_hd__a2111o_1)
                                         _2025_ (net)
                  0.05    0.00   33.01 v _6367_/D (sky130_fd_sc_hd__or4_1)
     3    0.01    0.12    0.47   33.48 v _6367_/X (sky130_fd_sc_hd__or4_1)
                                         _2026_ (net)
                  0.12    0.00   33.48 v _6392_/A1 (sky130_fd_sc_hd__a211o_1)
     3    0.01    0.08    0.33   33.81 v _6392_/X (sky130_fd_sc_hd__a211o_1)
                                         _2051_ (net)
                  0.08    0.00   33.81 v _6407_/A1 (sky130_fd_sc_hd__a211o_1)
     3    0.01    0.07    0.30   34.12 v _6407_/X (sky130_fd_sc_hd__a211o_1)
                                         _2066_ (net)
                  0.07    0.00   34.12 v _6411_/A1 (sky130_fd_sc_hd__a21o_1)
     5    0.02    0.09    0.23   34.34 v _6411_/X (sky130_fd_sc_hd__a21o_1)
                                         _2070_ (net)
                  0.09    0.00   34.34 v _6441_/A2 (sky130_fd_sc_hd__a211o_2)
     9    0.03    0.11    0.44   34.79 v _6441_/X (sky130_fd_sc_hd__a211o_2)
                                         _2100_ (net)
                  0.11    0.00   34.79 v _6481_/B1 (sky130_fd_sc_hd__a2bb2o_1)
     3    0.01    0.08    0.35   35.14 v _6481_/X (sky130_fd_sc_hd__a2bb2o_1)
                                         _2140_ (net)
                  0.08    0.00   35.14 v _6484_/A1 (sky130_fd_sc_hd__a21o_1)
     2    0.00    0.04    0.18   35.32 v _6484_/X (sky130_fd_sc_hd__a21o_1)
                                         _2143_ (net)
                  0.04    0.00   35.32 v _6485_/D (sky130_fd_sc_hd__and4_1)
     3    0.01    0.06    0.22   35.54 v _6485_/X (sky130_fd_sc_hd__and4_1)
                                         _2144_ (net)
                  0.06    0.00   35.54 v _6570_/B1 (sky130_fd_sc_hd__a221o_1)
     2    0.01    0.06    0.32   35.86 v _6570_/X (sky130_fd_sc_hd__a221o_1)
                                         _2229_ (net)
                  0.06    0.00   35.86 v _6573_/B1 (sky130_fd_sc_hd__a221o_1)
     2    0.01    0.07    0.34   36.20 v _6573_/X (sky130_fd_sc_hd__a221o_1)
                                         _2232_ (net)
                  0.07    0.00   36.20 v _6574_/B1 (sky130_fd_sc_hd__a21o_2)
     7    0.03    0.09    0.27   36.46 v _6574_/X (sky130_fd_sc_hd__a21o_2)
                                         _2233_ (net)
                  0.09    0.00   36.46 v _6591_/A2 (sky130_fd_sc_hd__a21o_1)
     5    0.02    0.10    0.26   36.73 v _6591_/X (sky130_fd_sc_hd__a21o_1)
                                         _2250_ (net)
                  0.10    0.00   36.73 v _6614_/S (sky130_fd_sc_hd__mux2_1)
     4    0.01    0.09    0.39   37.12 v _6614_/X (sky130_fd_sc_hd__mux2_1)
                                         _2272_ (net)
                  0.09    0.00   37.12 v _6622_/B (sky130_fd_sc_hd__or4b_1)
     1    0.00    0.07    0.51   37.63 v _6622_/X (sky130_fd_sc_hd__or4b_1)
                                         _2280_ (net)
                  0.07    0.00   37.63 v _6623_/D (sky130_fd_sc_hd__or4_1)
     2    0.01    0.11    0.46   38.09 v _6623_/X (sky130_fd_sc_hd__or4_1)
                                         _2281_ (net)
                  0.11    0.00   38.09 v _6634_/A1 (sky130_fd_sc_hd__a21oi_2)
     4    0.01    0.17    0.22   38.31 ^ _6634_/Y (sky130_fd_sc_hd__a21oi_2)
                                         _2292_ (net)
                  0.17    0.00   38.31 ^ _6654_/A1 (sky130_fd_sc_hd__a21o_1)
     5    0.02    0.17    0.24   38.55 ^ _6654_/X (sky130_fd_sc_hd__a21o_1)
                                         _2312_ (net)
                  0.17    0.00   38.55 ^ _6715_/A1 (sky130_fd_sc_hd__a31o_2)
     6    0.03    0.16    0.28   38.83 ^ _6715_/X (sky130_fd_sc_hd__a31o_2)
                                         _2372_ (net)
                  0.16    0.00   38.83 ^ _6726_/A1 (sky130_fd_sc_hd__a21o_2)
     8    0.03    0.18    0.27   39.09 ^ _6726_/X (sky130_fd_sc_hd__a21o_2)
                                         _2383_ (net)
                  0.18    0.00   39.10 ^ _8042_/S (sky130_fd_sc_hd__mux2_1)
     3    0.01    0.07    0.38   39.48 v _8042_/X (sky130_fd_sc_hd__mux2_1)
                                         _3695_ (net)
                  0.07    0.00   39.48 v _8043_/B (sky130_fd_sc_hd__or2_1)
     2    0.01    0.06    0.24   39.72 v _8043_/X (sky130_fd_sc_hd__or2_1)
                                         _3696_ (net)
                  0.06    0.00   39.72 v _8051_/A1 (sky130_fd_sc_hd__a21bo_1)
     4    0.01    0.08    0.22   39.94 v _8051_/X (sky130_fd_sc_hd__a21bo_1)
                                         _3704_ (net)
                  0.08    0.00   39.94 v _8055_/A1 (sky130_fd_sc_hd__o41a_1)
     2    0.01    0.08    0.47   40.41 v _8055_/X (sky130_fd_sc_hd__o41a_1)
                                         _3708_ (net)
                  0.08    0.00   40.41 v _8079_/A2 (sky130_fd_sc_hd__a31oi_2)
     3    0.01    0.21    0.25   40.66 ^ _8079_/Y (sky130_fd_sc_hd__a31oi_2)
                                         _3732_ (net)
                  0.21    0.00   40.66 ^ _8129_/A1 (sky130_fd_sc_hd__a211o_1)
     3    0.02    0.15    0.25   40.91 ^ _8129_/X (sky130_fd_sc_hd__a211o_1)
                                         _3782_ (net)
                  0.15    0.00   40.91 ^ _8133_/A2 (sky130_fd_sc_hd__a21o_1)
     2    0.01    0.10    0.19   41.10 ^ _8133_/X (sky130_fd_sc_hd__a21o_1)
                                         _3786_ (net)
                  0.10    0.00   41.10 ^ _8169_/A (sky130_fd_sc_hd__buf_6)
    10    0.04    0.09    0.16   41.26 ^ _8169_/X (sky130_fd_sc_hd__buf_6)
                                         _3822_ (net)
                  0.09    0.00   41.27 ^ _8253_/S (sky130_fd_sc_hd__mux2_1)
     2    0.01    0.08    0.37   41.63 v _8253_/X (sky130_fd_sc_hd__mux2_1)
                                         _3906_ (net)
                  0.08    0.00   41.63 v _8254_/B (sky130_fd_sc_hd__xnor2_1)
     2    0.00    0.06    0.14   41.78 v _8254_/Y (sky130_fd_sc_hd__xnor2_1)
                                         _3907_ (net)
                  0.06    0.00   41.78 v _8260_/B (sky130_fd_sc_hd__and4_1)
     1    0.00    0.03    0.18   41.95 v _8260_/X (sky130_fd_sc_hd__and4_1)
                                         _3913_ (net)
                  0.03    0.00   41.95 v _8266_/A (sky130_fd_sc_hd__or3_1)
     1    0.00    0.07    0.38   42.33 v _8266_/X (sky130_fd_sc_hd__or3_1)
                                         _3919_ (net)
                  0.07    0.00   42.33 v _8270_/A2 (sky130_fd_sc_hd__a211o_1)
     1    0.00    0.05    0.30   42.63 v _8270_/X (sky130_fd_sc_hd__a211o_1)
                                         _3923_ (net)
                  0.05    0.00   42.63 v _8274_/A2 (sky130_fd_sc_hd__a21o_1)
     1    0.00    0.04    0.19   42.82 v _8274_/X (sky130_fd_sc_hd__a21o_1)
                                         _3927_ (net)
                  0.04    0.00   42.82 v _8298_/A1 (sky130_fd_sc_hd__a22o_1)
     1    0.01    0.06    0.23   43.05 v _8298_/X (sky130_fd_sc_hd__a22o_1)
                                         _3951_ (net)
                  0.06    0.00   43.05 v _8302_/A2 (sky130_fd_sc_hd__a211oi_2)
     3    0.01    0.24    0.30   43.35 ^ _8302_/Y (sky130_fd_sc_hd__a211oi_2)
                                         _3955_ (net)
                  0.24    0.00   43.35 ^ _8304_/B (sky130_fd_sc_hd__or3_1)
     3    0.01    0.08    0.18   43.54 ^ _8304_/X (sky130_fd_sc_hd__or3_1)
                                         _3957_ (net)
                  0.08    0.00   43.54 ^ _8305_/B (sky130_fd_sc_hd__and2b_1)
     2    0.01    0.08    0.16   43.69 ^ _8305_/X (sky130_fd_sc_hd__and2b_1)
                                         _3958_ (net)
                  0.08    0.00   43.69 ^ _8321_/B1_N (sky130_fd_sc_hd__a21boi_1)
     1    0.00    0.11    0.16   43.86 ^ _8321_/Y (sky130_fd_sc_hd__a21boi_1)
                                         net47 (net)
                  0.11    0.00   43.86 ^ output47/A (sky130_fd_sc_hd__clkbuf_4)
     1    0.03    0.11    0.22   44.08 ^ output47/X (sky130_fd_sc_hd__clkbuf_4)
                                         seg[5] (net)
                  0.11    0.00   44.08 ^ seg[5] (out)
                                 44.08   data arrival time

                         10.00   10.00   clock clk (rise edge)
                          0.00   10.00   clock network delay (propagated)
                         -0.25    9.75   clock uncertainty
                          0.00    9.75   clock reconvergence pessimism
                         -2.00    7.75   output external delay
                                  7.75   data required time
-----------------------------------------------------------------------------
                                  7.75   data required time
                                -44.08   data arrival time
-----------------------------------------------------------------------------
                                -36.33   slack (VIOLATED)




===========================================================================
 report_check_types -max_slew -max_cap -max_fanout -violators
============================================================================
======================= Typical Corner ===================================

max fanout

Pin                                   Limit Fanout  Slack
---------------------------------------------------------
clkbuf_4_8_0_clk/X                       10     18     -8 (VIOLATED)
clkbuf_4_0_0_clk/X                       10     17     -7 (VIOLATED)
clkbuf_0_clk/X                           10     16     -6 (VIOLATED)
clkbuf_4_2_0_clk/X                       10     16     -6 (VIOLATED)
clkbuf_4_13_0_clk/X                      10     14     -4 (VIOLATED)
clkbuf_4_7_0_clk/X                       10     14     -4 (VIOLATED)
clkbuf_4_9_0_clk/X                       10     13     -3 (VIOLATED)
clkbuf_4_10_0_clk/X                      10     12     -2 (VIOLATED)
clkbuf_4_1_0_clk/X                       10     12     -2 (VIOLATED)
clkbuf_4_11_0_clk/X                      10     11        (VIOLATED)
clkbuf_4_14_0_clk/X                      10     11        (VIOLATED)
clkbuf_4_3_0_clk/X                       10     11        (VIOLATED)
clkbuf_4_5_0_clk/X                       10     11        (VIOLATED)
clkbuf_4_6_0_clk/X                       10     11        (VIOLATED)


max slew violations count Typical: 0
max fanout violations count Typical: 14
max cap violations count Typical: 0

===========================================================================
report_parasitic_annotation -report_unannotated
============================================================================
Found 15 unannotated drivers.
 clkload0/Y
 clkload1/Y
 clkload10/Y
 clkload11/Y
 clkload12/Y
 clkload13/Y
 clkload14/Y
 clkload2/Y
 clkload3/Y
 clkload4/Y
 clkload5/Y
 clkload6/Y
 clkload7/Y
 clkload8/Y
 clkload9/Y
Found 0 partially unannotated drivers.

===========================================================================
max slew violation count 0
max fanout violation count 14
max cap violation count 0
============================================================================

===========================================================================
check_setup -verbose -unconstrained_endpoints -multiple_clock -no_clock -no_input_delay -loops -generated_clocks
===========================================================================
