
69. Printing statistics.

=== semi_cpu ===

   Number of wires:               4685
   Number of wire bits:           4729
   Number of public wires:         351
   Number of public wire bits:     395
   Number of memories:               0
   Number of memory bits:            0
   Number of processes:              0
   Number of cells:               4534
     sky130_fd_sc_hd__a2111o_2      11
     sky130_fd_sc_hd__a2111oi_2      4
     sky130_fd_sc_hd__a211o_2       71
     sky130_fd_sc_hd__a211o_4        2
     sky130_fd_sc_hd__a211oi_2      13
     sky130_fd_sc_hd__a21bo_2       26
     sky130_fd_sc_hd__a21bo_4        2
     sky130_fd_sc_hd__a21boi_2      12
     sky130_fd_sc_hd__a21boi_4       1
     sky130_fd_sc_hd__a21o_2       180
     sky130_fd_sc_hd__a21o_4         9
     sky130_fd_sc_hd__a21oi_2      222
     sky130_fd_sc_hd__a21oi_4       13
     sky130_fd_sc_hd__a221o_2       19
     sky130_fd_sc_hd__a221oi_2       5
     sky130_fd_sc_hd__a22o_2       104
     sky130_fd_sc_hd__a22oi_2       13
     sky130_fd_sc_hd__a2bb2o_2      31
     sky130_fd_sc_hd__a2bb2o_4       1
     sky130_fd_sc_hd__a2bb2oi_2      1
     sky130_fd_sc_hd__a311o_2       10
     sky130_fd_sc_hd__a311oi_2       4
     sky130_fd_sc_hd__a31o_2        91
     sky130_fd_sc_hd__a31o_4         2
     sky130_fd_sc_hd__a31oi_2       18
     sky130_fd_sc_hd__a32o_2        17
     sky130_fd_sc_hd__a32oi_2        1
     sky130_fd_sc_hd__a41o_2         4
     sky130_fd_sc_hd__a41oi_2        1
     sky130_fd_sc_hd__a41oi_4        1
     sky130_fd_sc_hd__and2_2       261
     sky130_fd_sc_hd__and2_4         4
     sky130_fd_sc_hd__and2b_2       41
     sky130_fd_sc_hd__and2b_4        1
     sky130_fd_sc_hd__and3_2       119
     sky130_fd_sc_hd__and3_4         6
     sky130_fd_sc_hd__and3b_2       13
     sky130_fd_sc_hd__and4_2         7
     sky130_fd_sc_hd__and4_4         2
     sky130_fd_sc_hd__and4b_2        6
     sky130_fd_sc_hd__and4bb_2       5
     sky130_fd_sc_hd__and4bb_4       1
     sky130_fd_sc_hd__buf_1        225
     sky130_fd_sc_hd__buf_2          8
     sky130_fd_sc_hd__buf_4         64
     sky130_fd_sc_hd__buf_6         29
     sky130_fd_sc_hd__buf_8         12
     sky130_fd_sc_hd__bufinv_8       5
     sky130_fd_sc_hd__dfrtp_2       37
     sky130_fd_sc_hd__dfxtp_2      148
     sky130_fd_sc_hd__inv_12         4
     sky130_fd_sc_hd__inv_2        195
     sky130_fd_sc_hd__inv_4          1
     sky130_fd_sc_hd__inv_8          1
     sky130_fd_sc_hd__mux2_1        20
     sky130_fd_sc_hd__mux2_2       306
     sky130_fd_sc_hd__mux2_4        15
     sky130_fd_sc_hd__nand2_2      342
     sky130_fd_sc_hd__nand2_4        2
     sky130_fd_sc_hd__nand2b_2       4
     sky130_fd_sc_hd__nand3_2       35
     sky130_fd_sc_hd__nand3b_2       4
     sky130_fd_sc_hd__nand4_2       11
     sky130_fd_sc_hd__nand4bb_2      1
     sky130_fd_sc_hd__nor2_2       405
     sky130_fd_sc_hd__nor2_4         1
     sky130_fd_sc_hd__nor2b_2        4
     sky130_fd_sc_hd__nor3_2        13
     sky130_fd_sc_hd__nor3b_2        1
     sky130_fd_sc_hd__nor4_2         5
     sky130_fd_sc_hd__nor4bb_2       1
     sky130_fd_sc_hd__o2111a_2       5
     sky130_fd_sc_hd__o2111ai_2      2
     sky130_fd_sc_hd__o211a_2       42
     sky130_fd_sc_hd__o211a_4        2
     sky130_fd_sc_hd__o211ai_2       6
     sky130_fd_sc_hd__o21a_2       101
     sky130_fd_sc_hd__o21a_4         1
     sky130_fd_sc_hd__o21ai_2      102
     sky130_fd_sc_hd__o21ai_4        1
     sky130_fd_sc_hd__o21ba_2       25
     sky130_fd_sc_hd__o21bai_2      10
     sky130_fd_sc_hd__o21bai_4       1
     sky130_fd_sc_hd__o221a_2        8
     sky130_fd_sc_hd__o22a_2        30
     sky130_fd_sc_hd__o22ai_2       11
     sky130_fd_sc_hd__o2bb2a_2      28
     sky130_fd_sc_hd__o2bb2a_4       1
     sky130_fd_sc_hd__o311a_2        5
     sky130_fd_sc_hd__o311a_4        1
     sky130_fd_sc_hd__o311ai_2       1
     sky130_fd_sc_hd__o31a_2        39
     sky130_fd_sc_hd__o31a_4         2
     sky130_fd_sc_hd__o31ai_2       17
     sky130_fd_sc_hd__o32a_2         9
     sky130_fd_sc_hd__o32ai_2        2
     sky130_fd_sc_hd__o41a_2         5
     sky130_fd_sc_hd__o41ai_2        1
     sky130_fd_sc_hd__or2_2        227
     sky130_fd_sc_hd__or2_4          3
     sky130_fd_sc_hd__or2b_2        45
     sky130_fd_sc_hd__or3_2         71
     sky130_fd_sc_hd__or3_4          8
     sky130_fd_sc_hd__or3b_2        23
     sky130_fd_sc_hd__or3b_4         4
     sky130_fd_sc_hd__or4_2         16
     sky130_fd_sc_hd__or4_4         10
     sky130_fd_sc_hd__or4b_2         6
     sky130_fd_sc_hd__or4b_4         5
     sky130_fd_sc_hd__or4bb_2        1
     sky130_fd_sc_hd__or4bb_4        1
     sky130_fd_sc_hd__xnor2_2      308
     sky130_fd_sc_hd__xor2_2        94

   Chip area for module '\semi_cpu': 43135.120000

