
===========================================================================
 report_power
============================================================================
======================= Fastest Corner ===================================

Group                  Internal  Switching    Leakage      Total
                          Power      Power      Power      Power (Watts)
----------------------------------------------------------------
Sequential             1.07e-03   2.73e-04   1.41e-07   1.35e-03   0.0%
Combinational          1.50e+01   1.75e+01   3.24e-08   3.26e+01 100.0%
Clock                  2.15e-04   3.43e-04   9.47e-09   5.58e-04   0.0%
Macro                  0.00e+00   0.00e+00   0.00e+00   0.00e+00   0.0%
Pad                    0.00e+00   0.00e+00   0.00e+00   0.00e+00   0.0%
----------------------------------------------------------------
Total                  1.50e+01   1.75e+01   1.83e-07   3.26e+01 100.0%
                          46.2%      53.8%       0.0%

======================= Slowest Corner ===================================

Group                  Internal  Switching    Leakage      Total
                          Power      Power      Power      Power (Watts)
----------------------------------------------------------------
Sequential             7.23e-04   1.81e-04   2.76e-06   9.06e-04   0.0%
Combinational          1.12e+01   1.15e+01   2.06e-05   2.27e+01 100.0%
Clock                  1.55e-04   2.20e-04   2.83e-07   3.75e-04   0.0%
Macro                  0.00e+00   0.00e+00   0.00e+00   0.00e+00   0.0%
Pad                    0.00e+00   0.00e+00   0.00e+00   0.00e+00   0.0%
----------------------------------------------------------------
Total                  1.12e+01   1.15e+01   2.36e-05   2.27e+01 100.0%
                          49.3%      50.7%       0.0%

======================= Typical Corner ===================================

Group                  Internal  Switching    Leakage      Total
                          Power      Power      Power      Power (Watts)
----------------------------------------------------------------
Sequential             9.27e-04   2.31e-04   1.40e-07   1.16e-03   0.0%
Combinational          1.37e+01   1.47e+01   1.64e-08   2.84e+01 100.0%
Clock                  1.88e-04   2.88e-04   8.83e-09   4.76e-04   0.0%
Macro                  0.00e+00   0.00e+00   0.00e+00   0.00e+00   0.0%
Pad                    0.00e+00   0.00e+00   0.00e+00   0.00e+00   0.0%
----------------------------------------------------------------
Total                  1.37e+01   1.47e+01   1.65e-07   2.84e+01 100.0%
                          48.1%      51.9%       0.0%

