Sun Jun 08 22:18:28 +0000 2025 - Executing "{openroad -exit -no_init -python /openlane/scripts/odbpy/lefutil.py get_metal_layers -o /openlane/designs/semi_cpu/runs/lab5_final/tmp/layers.list /home/betulcagril/.volare/sky130A/libs.ref/sky130_fd_sc_hd/techlef/sky130_fd_sc_hd__nom.tlef}"

Sun Jun 08 22:18:29 +0000 2025 - Executing "{/openlane/scripts/mergeLef.py -o /openlane/designs/semi_cpu/runs/lab5_final/tmp/merged.nom.lef -i /home/betulcagril/.volare/sky130A/libs.ref/sky130_fd_sc_hd/techlef/sky130_fd_sc_hd__nom.tlef {/home/betulcagril/.volare/sky130A/libs.ref/sky130_fd_sc_hd/lef/sky130_fd_sc_hd.lef /home/betulcagril/.volare/sky130A/libs.ref/sky130_fd_sc_hd/lef/sky130_ef_sc_hd.lef} |& tee /dev/null}"

Sun Jun 08 22:18:29 +0000 2025 - Executing "{/openlane/scripts/mergeLef.py -o /openlane/designs/semi_cpu/runs/lab5_final/tmp/merged.min.lef -i /home/betulcagril/.volare/sky130A/libs.ref/sky130_fd_sc_hd/techlef/sky130_fd_sc_hd__min.tlef {/home/betulcagril/.volare/sky130A/libs.ref/sky130_fd_sc_hd/lef/sky130_fd_sc_hd.lef /home/betulcagril/.volare/sky130A/libs.ref/sky130_fd_sc_hd/lef/sky130_ef_sc_hd.lef} |& tee /dev/null}"

Sun Jun 08 22:18:29 +0000 2025 - Executing "{/openlane/scripts/mergeLef.py -o /openlane/designs/semi_cpu/runs/lab5_final/tmp/merged.max.lef -i /home/betulcagril/.volare/sky130A/libs.ref/sky130_fd_sc_hd/techlef/sky130_fd_sc_hd__max.tlef {/home/betulcagril/.volare/sky130A/libs.ref/sky130_fd_sc_hd/lef/sky130_fd_sc_hd.lef /home/betulcagril/.volare/sky130A/libs.ref/sky130_fd_sc_hd/lef/sky130_ef_sc_hd.lef} |& tee /dev/null}"

Sun Jun 08 22:18:29 +0000 2025 - Executing "{python3 /openlane/scripts/mergeLib.py --output /openlane/designs/semi_cpu/runs/lab5_final/tmp/synthesis/merged.lib --name sky130A_merged /home/betulcagril/.volare/sky130A/libs.ref/sky130_fd_sc_hd/lib/sky130_fd_sc_hd__tt_025C_1v80.lib}"

Sun Jun 08 22:18:29 +0000 2025 - Executing "{python3 /openlane/scripts/libtrim.py --cell-file /openlane/designs/semi_cpu/runs/lab5_final/tmp/synthesis/trimmed.lib.exclude.list --output /openlane/designs/semi_cpu/runs/lab5_final/tmp/synthesis/trimmed.lib /openlane/designs/semi_cpu/runs/lab5_final/tmp/synthesis/merged.lib}"

Sun Jun 08 22:18:29 +0000 2025 - Executing "{python3 /openlane/scripts/libtrim.py --cell-file /openlane/designs/semi_cpu/runs/lab5_final/tmp/cts/cts.lib.exclude.list --output /openlane/designs/semi_cpu/runs/lab5_final/tmp/cts/cts.lib /home/betulcagril/.volare/sky130A/libs.ref/sky130_fd_sc_hd/lib/sky130_fd_sc_hd__tt_025C_1v80.lib}"

Sun Jun 08 22:18:30 +0000 2025 - Executing "{python3 /openlane/scripts/libtrim.py --cell-file /openlane/designs/semi_cpu/runs/lab5_final/tmp/cts/cts-fastest.lib.exclude.list --output /openlane/designs/semi_cpu/runs/lab5_final/tmp/cts/cts-fastest.lib /home/betulcagril/.volare/sky130A/libs.ref/sky130_fd_sc_hd/lib/sky130_fd_sc_hd__ff_n40C_1v95.lib}"

Sun Jun 08 22:18:30 +0000 2025 - Executing "{python3 /openlane/scripts/libtrim.py --cell-file /openlane/designs/semi_cpu/runs/lab5_final/tmp/cts/cts-slowest.lib.exclude.list --output /openlane/designs/semi_cpu/runs/lab5_final/tmp/cts/cts-slowest.lib /home/betulcagril/.volare/sky130A/libs.ref/sky130_fd_sc_hd/lib/sky130_fd_sc_hd__ss_100C_1v60.lib}"

Sun Jun 08 22:18:30 +0000 2025 - Executing "{python3 /openlane/scripts/new_tracks.py -i /home/betulcagril/.volare/sky130A/libs.tech/openlane/sky130_fd_sc_hd/tracks.info -o /openlane/designs/semi_cpu/runs/lab5_final/tmp/routing/config.tracks}"

Sun Jun 08 22:18:30 +0000 2025 - Executing "{echo {OpenLane e73fb3c57e687a0023fcd4dcfd1566ecd478362a} > /openlane/designs/semi_cpu/runs/lab5_final/OPENLANE_COMMIT}"

Sun Jun 08 22:18:30 +0000 2025 - Executing "{yosys -c /openlane/scripts/yosys/blackbox.tcl}"

Sun Jun 08 22:18:30 +0000 2025 - Executing "{verilator -Wall --lint-only --Wno-DECLFILENAME --top-module semi_cpu /openlane/designs/semi_cpu/runs/lab5_final/tmp/synthesis/blackbox/sky130_fd_sc_hd__blackbox.v /openlane/designs/semi_cpu/src/register_file.v /openlane/designs/semi_cpu/src/instruction_decoder.v /openlane/designs/semi_cpu/src/seven_segment_display.v /openlane/designs/semi_cpu/src/program_counter.v /openlane/designs/semi_cpu/src/semi_cpu.v /openlane/designs/semi_cpu/src/alu.v /openlane/designs/semi_cpu/src/instruction_memory.v -Wno-fatal --relative-includes |& tee /openlane/designs/semi_cpu/runs/lab5_final/logs/synthesis/linter.log /dev/null}"

Sun Jun 08 22:18:31 +0000 2025 - Executing "{sed -E {s/^([[:space:]]+)pg_pin(.*)/\1pin\2\n\1    direction : "inout";/g} /home/betulcagril/.volare/sky130A/libs.ref/sky130_fd_sc_hd/lib/sky130_fd_sc_hd__tt_025C_1v80.lib > /openlane/designs/semi_cpu/runs/lab5_final/tmp/synthesis/1-sky130_fd_sc_hd__tt_025C_1v80.no_pg.lib}"

Sun Jun 08 22:18:31 +0000 2025 - Executing "{sed -E {s/^([[:space:]]+)pg_pin(.*)/\1pin\2\n\1    direction : "inout";/g} /openlane/designs/semi_cpu/runs/lab5_final/tmp/synthesis/trimmed.lib > /openlane/designs/semi_cpu/runs/lab5_final/tmp/synthesis/1-trimmed.no_pg.lib}"

Sun Jun 08 22:18:31 +0000 2025 - Executing "yosys -c /openlane/scripts/yosys/synth.tcl |& tee /dev/null /openlane/designs/semi_cpu/runs/lab5_final/logs/synthesis/1-synthesis.log"

Sun Jun 08 22:18:31 +0000 2025 - Executing "{yosys -c /openlane/scripts/yosys/synth.tcl |& tee /dev/null /openlane/designs/semi_cpu/runs/lab5_final/logs/synthesis/1-synthesis.log}"

Sun Jun 08 22:18:51 +0000 2025 - Executing "{sed -i.bak -e {s/\(set ::env(CURRENT_NETLIST)\).*/\1 \/openlane\/designs\/semi_cpu\/runs\/lab5_final\/results\/synthesis\/semi_cpu.v/} /openlane/designs/semi_cpu/runs/lab5_final/config.tcl}"

Sun Jun 08 22:18:51 +0000 2025 - Executing "{sed -i.bak /defparam/d /openlane/designs/semi_cpu/runs/lab5_final/results/synthesis/semi_cpu.v}"

Sun Jun 08 22:18:51 +0000 2025 - Executing "sta -exit -no_init /openlane/scripts/openroad/sta/multi_corner.tcl |& tee /dev/null /openlane/designs/semi_cpu/runs/lab5_final/logs/synthesis/2-sta.log"

Sun Jun 08 22:18:51 +0000 2025 - Executing "{sta -exit -no_init /openlane/scripts/openroad/sta/multi_corner.tcl |& tee /dev/null /openlane/designs/semi_cpu/runs/lab5_final/logs/synthesis/2-sta.log}"

Sun Jun 08 22:18:52 +0000 2025 - Executing "openroad -exit /openlane/scripts/openroad/floorplan.tcl |& tee /dev/null /openlane/designs/semi_cpu/runs/lab5_final/logs/floorplan/3-initial_fp.log"

Sun Jun 08 22:18:52 +0000 2025 - Executing "{openroad -exit /openlane/scripts/openroad/floorplan.tcl |& tee /dev/null /openlane/designs/semi_cpu/runs/lab5_final/logs/floorplan/3-initial_fp.log}"

Sun Jun 08 22:18:52 +0000 2025 - Executing "{openroad -exit -no_init -python /openlane/scripts/odbpy/defutil.py extract_core_dims --output-data /openlane/designs/semi_cpu/runs/lab5_final/tmp/dimensions.txt --input-lef /openlane/designs/semi_cpu/runs/lab5_final/tmp/merged.nom.lef /openlane/designs/semi_cpu/runs/lab5_final/tmp/floorplan/3-initial_fp.def}"

Sun Jun 08 22:18:53 +0000 2025 - Executing "openroad -exit /openlane/scripts/openroad/ioplacer.tcl |& tee /dev/null /openlane/designs/semi_cpu/runs/lab5_final/logs/floorplan/4-io.log"

Sun Jun 08 22:18:53 +0000 2025 - Executing "{openroad -exit /openlane/scripts/openroad/ioplacer.tcl |& tee /dev/null /openlane/designs/semi_cpu/runs/lab5_final/logs/floorplan/4-io.log}"

Sun Jun 08 22:18:53 +0000 2025 - Executing "openroad -exit /openlane/scripts/openroad/tapcell.tcl |& tee /dev/null /openlane/designs/semi_cpu/runs/lab5_final/logs/floorplan/5-tap.log"

Sun Jun 08 22:18:53 +0000 2025 - Executing "{openroad -exit /openlane/scripts/openroad/tapcell.tcl |& tee /dev/null /openlane/designs/semi_cpu/runs/lab5_final/logs/floorplan/5-tap.log}"

Sun Jun 08 22:18:54 +0000 2025 - Executing "openroad -exit /openlane/scripts/openroad/pdn.tcl |& tee /dev/null /openlane/designs/semi_cpu/runs/lab5_final/logs/floorplan/6-pdn.log"

Sun Jun 08 22:18:54 +0000 2025 - Executing "{openroad -exit /openlane/scripts/openroad/pdn.tcl |& tee /dev/null /openlane/designs/semi_cpu/runs/lab5_final/logs/floorplan/6-pdn.log}"

Sun Jun 08 22:18:54 +0000 2025 - Executing "openroad -exit /openlane/scripts/openroad/gpl.tcl |& tee /dev/null /openlane/designs/semi_cpu/runs/lab5_final/logs/placement/6-global_skip_io.log"

Sun Jun 08 22:18:54 +0000 2025 - Executing "{openroad -exit /openlane/scripts/openroad/gpl.tcl |& tee /dev/null /openlane/designs/semi_cpu/runs/lab5_final/logs/placement/6-global_skip_io.log}"

Sun Jun 08 22:18:55 +0000 2025 - Executing "{sed -i.bak -e {s/\(set ::env(CURRENT_NETLIST)\).*/\1 \/openlane\/designs\/semi_cpu\/runs\/lab5_final\/tmp\/placement\/7-global_skip_io.nl.v/} /openlane/designs/semi_cpu/runs/lab5_final/config.tcl}"

Sun Jun 08 22:18:55 +0000 2025 - Executing "openroad -exit /openlane/scripts/openroad/sta/multi_corner.tcl |& tee /dev/null /openlane/designs/semi_cpu/runs/lab5_final/logs/placement/8-gpl_sta.log"

Sun Jun 08 22:18:55 +0000 2025 - Executing "{openroad -exit /openlane/scripts/openroad/sta/multi_corner.tcl |& tee /dev/null /openlane/designs/semi_cpu/runs/lab5_final/logs/placement/8-gpl_sta.log}"

Sun Jun 08 22:18:56 +0000 2025 - Executing "openroad -exit /openlane/scripts/openroad/ioplacer.tcl |& tee /dev/null /openlane/designs/semi_cpu/runs/lab5_final/logs/placement/9-io.log"

Sun Jun 08 22:18:56 +0000 2025 - Executing "{openroad -exit /openlane/scripts/openroad/ioplacer.tcl |& tee /dev/null /openlane/designs/semi_cpu/runs/lab5_final/logs/placement/9-io.log}"

Sun Jun 08 22:18:56 +0000 2025 - Executing "openroad -exit /openlane/scripts/openroad/gpl.tcl |& tee /dev/null /openlane/designs/semi_cpu/runs/lab5_final/logs/placement/9-global.log"

Sun Jun 08 22:18:56 +0000 2025 - Executing "{openroad -exit /openlane/scripts/openroad/gpl.tcl |& tee /dev/null /openlane/designs/semi_cpu/runs/lab5_final/logs/placement/9-global.log}"

Sun Jun 08 22:18:57 +0000 2025 - Executing "{sed -i.bak -e {s/\(set ::env(CURRENT_NETLIST)\).*/\1 \/openlane\/designs\/semi_cpu\/runs\/lab5_final\/tmp\/placement\/10-global.nl.v/} /openlane/designs/semi_cpu/runs/lab5_final/config.tcl}"

Sun Jun 08 22:18:57 +0000 2025 - Executing "openroad -exit /openlane/scripts/openroad/sta/multi_corner.tcl |& tee /dev/null /openlane/designs/semi_cpu/runs/lab5_final/logs/placement/11-gpl_sta.log"

Sun Jun 08 22:18:57 +0000 2025 - Executing "{openroad -exit /openlane/scripts/openroad/sta/multi_corner.tcl |& tee /dev/null /openlane/designs/semi_cpu/runs/lab5_final/logs/placement/11-gpl_sta.log}"

Sun Jun 08 22:18:58 +0000 2025 - Executing "openroad -exit /openlane/scripts/openroad/resizer.tcl |& tee /dev/null /openlane/designs/semi_cpu/runs/lab5_final/logs/placement/12-resizer.log"

Sun Jun 08 22:18:58 +0000 2025 - Executing "{openroad -exit /openlane/scripts/openroad/resizer.tcl |& tee /dev/null /openlane/designs/semi_cpu/runs/lab5_final/logs/placement/12-resizer.log}"

Sun Jun 08 22:19:02 +0000 2025 - Executing "{sed -i.bak -e {s/\(set ::env(CURRENT_NETLIST)\).*/\1 \/openlane\/designs\/semi_cpu\/runs\/lab5_final\/tmp\/placement\/12-resizer.nl.v/} /openlane/designs/semi_cpu/runs/lab5_final/config.tcl}"

Sun Jun 08 22:19:02 +0000 2025 - Executing "openroad -exit /openlane/scripts/openroad/dpl.tcl |& tee /dev/null /openlane/designs/semi_cpu/runs/lab5_final/logs/placement/13-detailed.log"

Sun Jun 08 22:19:02 +0000 2025 - Executing "{openroad -exit /openlane/scripts/openroad/dpl.tcl |& tee /dev/null /openlane/designs/semi_cpu/runs/lab5_final/logs/placement/13-detailed.log}"

Sun Jun 08 22:19:02 +0000 2025 - Executing "{sed -i.bak -e {s/\(set ::env(CURRENT_NETLIST)\).*/\1 \/openlane\/designs\/semi_cpu\/runs\/lab5_final\/results\/placement\/semi_cpu.nl.v/} /openlane/designs/semi_cpu/runs/lab5_final/config.tcl}"

Sun Jun 08 22:19:02 +0000 2025 - Executing "openroad -exit /openlane/scripts/openroad/sta/multi_corner.tcl |& tee /dev/null /openlane/designs/semi_cpu/runs/lab5_final/logs/placement/14-dpl_sta.log"

Sun Jun 08 22:19:02 +0000 2025 - Executing "{openroad -exit /openlane/scripts/openroad/sta/multi_corner.tcl |& tee /dev/null /openlane/designs/semi_cpu/runs/lab5_final/logs/placement/14-dpl_sta.log}"

Sun Jun 08 22:19:03 +0000 2025 - Executing "openroad -exit /openlane/scripts/openroad/cts.tcl |& tee /dev/null /openlane/designs/semi_cpu/runs/lab5_final/logs/cts/15-cts.log"

Sun Jun 08 22:19:03 +0000 2025 - Executing "{openroad -exit /openlane/scripts/openroad/cts.tcl |& tee /dev/null /openlane/designs/semi_cpu/runs/lab5_final/logs/cts/15-cts.log}"

Sun Jun 08 22:19:08 +0000 2025 - Executing "openroad -exit /openlane/scripts/openroad/sta/multi_corner.tcl |& tee /dev/null /openlane/designs/semi_cpu/runs/lab5_final/logs/cts/16-cts_sta.log"

Sun Jun 08 22:19:08 +0000 2025 - Executing "{openroad -exit /openlane/scripts/openroad/sta/multi_corner.tcl |& tee /dev/null /openlane/designs/semi_cpu/runs/lab5_final/logs/cts/16-cts_sta.log}"

Sun Jun 08 22:19:10 +0000 2025 - Executing "openroad -exit /openlane/scripts/openroad/resizer_timing.tcl |& tee /dev/null /openlane/designs/semi_cpu/runs/lab5_final/logs/cts/17-resizer.log"

Sun Jun 08 22:19:10 +0000 2025 - Executing "{openroad -exit /openlane/scripts/openroad/resizer_timing.tcl |& tee /dev/null /openlane/designs/semi_cpu/runs/lab5_final/logs/cts/17-resizer.log}"

Sun Jun 08 22:20:16 +0000 2025 - Executing "{sed -i.bak -e {s/\(set ::env(CURRENT_NETLIST)\).*/\1 \/openlane\/designs\/semi_cpu\/runs\/lab5_final\/tmp\/cts\/17-semi_cpu.resized.nl.v/} /openlane/designs/semi_cpu/runs/lab5_final/config.tcl}"

Sun Jun 08 22:20:16 +0000 2025 - Executing "openroad -exit /openlane/scripts/openroad/resizer_routing_design.tcl |& tee /dev/null /openlane/designs/semi_cpu/runs/lab5_final/logs/routing/18-resizer_design.log"

Sun Jun 08 22:20:16 +0000 2025 - Executing "{openroad -exit /openlane/scripts/openroad/resizer_routing_design.tcl |& tee /dev/null /openlane/designs/semi_cpu/runs/lab5_final/logs/routing/18-resizer_design.log}"

Sun Jun 08 22:20:19 +0000 2025 - Executing "{sed -i.bak -e {s/\(set ::env(CURRENT_NETLIST)\).*/\1 \/openlane\/designs\/semi_cpu\/runs\/lab5_final\/tmp\/18-semi_cpu.nl.v/} /openlane/designs/semi_cpu/runs/lab5_final/config.tcl}"

Sun Jun 08 22:20:19 +0000 2025 - Executing "openroad -exit /openlane/scripts/openroad/sta/multi_corner.tcl |& tee /dev/null /openlane/designs/semi_cpu/runs/lab5_final/logs/routing/19-rsz_design_sta.log"

Sun Jun 08 22:20:19 +0000 2025 - Executing "{openroad -exit /openlane/scripts/openroad/sta/multi_corner.tcl |& tee /dev/null /openlane/designs/semi_cpu/runs/lab5_final/logs/routing/19-rsz_design_sta.log}"

Sun Jun 08 22:20:21 +0000 2025 - Executing "openroad -exit /openlane/scripts/openroad/resizer_routing_timing.tcl |& tee /dev/null /openlane/designs/semi_cpu/runs/lab5_final/logs/routing/20-resizer_timing.log"

Sun Jun 08 22:20:21 +0000 2025 - Executing "{openroad -exit /openlane/scripts/openroad/resizer_routing_timing.tcl |& tee /dev/null /openlane/designs/semi_cpu/runs/lab5_final/logs/routing/20-resizer_timing.log}"

Sun Jun 08 22:20:34 +0000 2025 - Executing "{sed -i.bak -e {s/\(set ::env(CURRENT_NETLIST)\).*/\1 \/openlane\/designs\/semi_cpu\/runs\/lab5_final\/tmp\/20-semi_cpu.nl.v/} /openlane/designs/semi_cpu/runs/lab5_final/config.tcl}"

Sun Jun 08 22:20:34 +0000 2025 - Executing "openroad -exit /openlane/scripts/openroad/sta/multi_corner.tcl |& tee /dev/null /openlane/designs/semi_cpu/runs/lab5_final/logs/routing/21-rsz_timing_sta.log"

Sun Jun 08 22:20:34 +0000 2025 - Executing "{openroad -exit /openlane/scripts/openroad/sta/multi_corner.tcl |& tee /dev/null /openlane/designs/semi_cpu/runs/lab5_final/logs/routing/21-rsz_timing_sta.log}"

Sun Jun 08 22:20:35 +0000 2025 - Executing "openroad -exit /openlane/scripts/openroad/repair_antennas.tcl |& tee /dev/null /openlane/designs/semi_cpu/runs/lab5_final/logs/routing/22-global.log"

Sun Jun 08 22:20:35 +0000 2025 - Executing "{openroad -exit /openlane/scripts/openroad/repair_antennas.tcl |& tee /dev/null /openlane/designs/semi_cpu/runs/lab5_final/logs/routing/22-global.log}"

Sun Jun 08 22:20:36 +0000 2025 - Executing "openroad -exit /openlane/scripts/openroad/write_views.tcl |& tee /dev/null /openlane/designs/semi_cpu/runs/lab5_final/logs/routing/22-global_write_netlist.log"

Sun Jun 08 22:20:36 +0000 2025 - Executing "{openroad -exit /openlane/scripts/openroad/write_views.tcl |& tee /dev/null /openlane/designs/semi_cpu/runs/lab5_final/logs/routing/22-global_write_netlist.log}"

Sun Jun 08 22:20:37 +0000 2025 - Executing "{sed -i.bak -e {s/\(set ::env(CURRENT_NETLIST)\).*/\1 \/openlane\/designs\/semi_cpu\/runs\/lab5_final\/tmp\/routing\/global.nl.v/} /openlane/designs/semi_cpu/runs/lab5_final/config.tcl}"

Sun Jun 08 22:20:37 +0000 2025 - Executing "openroad -exit /openlane/scripts/openroad/sta/multi_corner.tcl |& tee /dev/null /openlane/designs/semi_cpu/runs/lab5_final/logs/routing/24-grt_sta.log"

Sun Jun 08 22:20:37 +0000 2025 - Executing "{openroad -exit /openlane/scripts/openroad/sta/multi_corner.tcl |& tee /dev/null /openlane/designs/semi_cpu/runs/lab5_final/logs/routing/24-grt_sta.log}"

Sun Jun 08 22:20:38 +0000 2025 - Executing "openroad -exit /openlane/scripts/openroad/fill.tcl |& tee /dev/null /openlane/designs/semi_cpu/runs/lab5_final/logs/routing/25-fill.log"

Sun Jun 08 22:20:38 +0000 2025 - Executing "{openroad -exit /openlane/scripts/openroad/fill.tcl |& tee /dev/null /openlane/designs/semi_cpu/runs/lab5_final/logs/routing/25-fill.log}"

Sun Jun 08 22:20:38 +0000 2025 - Executing "{sed -i.bak -e {s/\(set ::env(CURRENT_NETLIST)\).*/\1 \/openlane\/designs\/semi_cpu\/runs\/lab5_final\/tmp\/routing\/25-fill.nl.v/} /openlane/designs/semi_cpu/runs/lab5_final/config.tcl}"

Sun Jun 08 22:20:38 +0000 2025 - Executing "openroad -exit -metrics /openlane/designs/semi_cpu/runs/lab5_final/reports/routing/26-drt_metrics.json /openlane/scripts/openroad/droute.tcl |& tee /dev/null /openlane/designs/semi_cpu/runs/lab5_final/logs/routing/26-detailed.log"

Sun Jun 08 22:20:38 +0000 2025 - Executing "{openroad -exit -metrics /openlane/designs/semi_cpu/runs/lab5_final/reports/routing/26-drt_metrics.json /openlane/scripts/openroad/droute.tcl |& tee /dev/null /openlane/designs/semi_cpu/runs/lab5_final/logs/routing/26-detailed.log}"

Sun Jun 08 22:22:30 +0000 2025 - Executing "{sed -i.bak -e {s/\(set ::env(CURRENT_NETLIST)\).*/\1 \/openlane\/designs\/semi_cpu\/runs\/lab5_final\/results\/routing\/semi_cpu.nl.v/} /openlane/designs/semi_cpu/runs/lab5_final/config.tcl}"

Sun Jun 08 22:22:30 +0000 2025 - Executing "{python3 /openlane/scripts/drc_rosetta.py tr to_klayout -o /openlane/designs/semi_cpu/runs/lab5_final/reports/routing/drt.klayout.xml --design-name semi_cpu /openlane/designs/semi_cpu/runs/lab5_final/reports/routing/drt.drc}"

Sun Jun 08 22:22:30 +0000 2025 - Executing "{openroad -exit -no_init -python /openlane/scripts/odbpy/wire_lengths.py --report-out /openlane/designs/semi_cpu/runs/lab5_final/reports/routing/27-wire_lengths.csv --input-lef /openlane/designs/semi_cpu/runs/lab5_final/tmp/merged.nom.lef --output-def /openlane/designs/semi_cpu/runs/lab5_final/results/routing/semi_cpu.def --output /openlane/designs/semi_cpu/runs/lab5_final/results/routing/semi_cpu.odb /openlane/designs/semi_cpu/runs/lab5_final/results/routing/semi_cpu.odb |& tee /dev/null /openlane/designs/semi_cpu/runs/lab5_final/logs/routing/27-wire_lengths.log}"

Sun Jun 08 22:22:31 +0000 2025 - Executing "openroad -exit /openlane/scripts/openroad/rcx.tcl |& tee /dev/null /openlane/designs/semi_cpu/runs/lab5_final/logs/signoff/28-parasitics_extraction.min.log"

Sun Jun 08 22:22:31 +0000 2025 - Executing "{openroad -exit /openlane/scripts/openroad/rcx.tcl |& tee /dev/null /openlane/designs/semi_cpu/runs/lab5_final/logs/signoff/28-parasitics_extraction.min.log}"

Sun Jun 08 22:22:32 +0000 2025 - Executing "sta -exit -no_init /openlane/scripts/openroad/sta/multi_corner.tcl |& tee /dev/null /openlane/designs/semi_cpu/runs/lab5_final/logs/signoff/29-rcx_mcsta.min.log"

Sun Jun 08 22:22:32 +0000 2025 - Executing "{sta -exit -no_init /openlane/scripts/openroad/sta/multi_corner.tcl |& tee /dev/null /openlane/designs/semi_cpu/runs/lab5_final/logs/signoff/29-rcx_mcsta.min.log}"

Sun Jun 08 22:22:37 +0000 2025 - Executing "openroad -exit /openlane/scripts/openroad/rcx.tcl |& tee /dev/null /openlane/designs/semi_cpu/runs/lab5_final/logs/signoff/30-parasitics_extraction.max.log"

Sun Jun 08 22:22:38 +0000 2025 - Executing "{openroad -exit /openlane/scripts/openroad/rcx.tcl |& tee /dev/null /openlane/designs/semi_cpu/runs/lab5_final/logs/signoff/30-parasitics_extraction.max.log}"

Sun Jun 08 22:22:39 +0000 2025 - Executing "sta -exit -no_init /openlane/scripts/openroad/sta/multi_corner.tcl |& tee /dev/null /openlane/designs/semi_cpu/runs/lab5_final/logs/signoff/31-rcx_mcsta.max.log"

Sun Jun 08 22:22:39 +0000 2025 - Executing "{sta -exit -no_init /openlane/scripts/openroad/sta/multi_corner.tcl |& tee /dev/null /openlane/designs/semi_cpu/runs/lab5_final/logs/signoff/31-rcx_mcsta.max.log}"

Sun Jun 08 22:22:45 +0000 2025 - Executing "openroad -exit /openlane/scripts/openroad/rcx.tcl |& tee /dev/null /openlane/designs/semi_cpu/runs/lab5_final/logs/signoff/32-parasitics_extraction.nom.log"

Sun Jun 08 22:22:45 +0000 2025 - Executing "{openroad -exit /openlane/scripts/openroad/rcx.tcl |& tee /dev/null /openlane/designs/semi_cpu/runs/lab5_final/logs/signoff/32-parasitics_extraction.nom.log}"

Sun Jun 08 22:22:46 +0000 2025 - Executing "sta -exit -no_init /openlane/scripts/openroad/sta/multi_corner.tcl |& tee /dev/null /openlane/designs/semi_cpu/runs/lab5_final/logs/signoff/33-rcx_mcsta.nom.log"

Sun Jun 08 22:22:46 +0000 2025 - Executing "{sta -exit -no_init /openlane/scripts/openroad/sta/multi_corner.tcl |& tee /dev/null /openlane/designs/semi_cpu/runs/lab5_final/logs/signoff/33-rcx_mcsta.nom.log}"

Sun Jun 08 22:22:52 +0000 2025 - Executing "openroad -exit /openlane/scripts/openroad/irdrop.tcl |& tee /dev/null /openlane/designs/semi_cpu/runs/lab5_final/logs/signoff/34-irdrop.log"

Sun Jun 08 22:22:52 +0000 2025 - Executing "{openroad -exit /openlane/scripts/openroad/irdrop.tcl |& tee /dev/null /openlane/designs/semi_cpu/runs/lab5_final/logs/signoff/34-irdrop.log}"

Sun Jun 08 22:22:54 +0000 2025 - Executing "magic -noconsole -dnull -rcfile /home/betulcagril/.volare/sky130A/libs.tech/magic/sky130A.magicrc < /openlane/scripts/magic/wrapper.tcl |& tee /dev/null /openlane/designs/semi_cpu/runs/lab5_final/logs/signoff/35-gdsii.log"

Sun Jun 08 22:22:54 +0000 2025 - Executing "{magic -noconsole -dnull -rcfile /home/betulcagril/.volare/sky130A/libs.tech/magic/sky130A.magicrc < /openlane/scripts/magic/wrapper.tcl |& tee /dev/null /openlane/designs/semi_cpu/runs/lab5_final/logs/signoff/35-gdsii.log}"

Sun Jun 08 22:22:55 +0000 2025 - Executing "magic -noconsole -dnull -rcfile /home/betulcagril/.volare/sky130A/libs.tech/magic/sky130A.magicrc < /openlane/scripts/magic/wrapper.tcl |& tee /dev/null /openlane/designs/semi_cpu/runs/lab5_final/logs/signoff/35-gds_ptrs.log"

Sun Jun 08 22:22:55 +0000 2025 - Executing "{magic -noconsole -dnull -rcfile /home/betulcagril/.volare/sky130A/libs.tech/magic/sky130A.magicrc < /openlane/scripts/magic/wrapper.tcl |& tee /dev/null /openlane/designs/semi_cpu/runs/lab5_final/logs/signoff/35-gds_ptrs.log}"

Sun Jun 08 22:22:56 +0000 2025 - Executing "{sed -i.bak -n {/^<< properties >>/,/^<< end >>/p} /openlane/designs/semi_cpu/runs/lab5_final/tmp/signoff/gds_ptrs.mag}"

Sun Jun 08 22:22:56 +0000 2025 - Executing "magic -noconsole -dnull -rcfile /home/betulcagril/.volare/sky130A/libs.tech/magic/sky130A.magicrc < /openlane/scripts/magic/wrapper.tcl |& tee /dev/null /openlane/designs/semi_cpu/runs/lab5_final/logs/signoff/35-lef.log"

Sun Jun 08 22:22:56 +0000 2025 - Executing "{magic -noconsole -dnull -rcfile /home/betulcagril/.volare/sky130A/libs.tech/magic/sky130A.magicrc < /openlane/scripts/magic/wrapper.tcl |& tee /dev/null /openlane/designs/semi_cpu/runs/lab5_final/logs/signoff/35-lef.log}"

Sun Jun 08 22:22:58 +0000 2025 - Executing "magic -noconsole -dnull -rcfile /home/betulcagril/.volare/sky130A/libs.tech/magic/sky130A.magicrc < /openlane/scripts/magic/wrapper.tcl |& tee /dev/null /openlane/designs/semi_cpu/runs/lab5_final/logs/signoff/35-maglef.log"

Sun Jun 08 22:22:58 +0000 2025 - Executing "{magic -noconsole -dnull -rcfile /home/betulcagril/.volare/sky130A/libs.tech/magic/sky130A.magicrc < /openlane/scripts/magic/wrapper.tcl |& tee /dev/null /openlane/designs/semi_cpu/runs/lab5_final/logs/signoff/35-maglef.log}"

Sun Jun 08 22:22:58 +0000 2025 - Executing "{python3 /openlane/scripts/klayout/stream_out.py --output /openlane/designs/semi_cpu/runs/lab5_final/results/signoff/semi_cpu.klayout.gds --lyt /home/betulcagril/.volare/sky130A/libs.tech/klayout/tech/sky130A.lyt --lym /home/betulcagril/.volare/sky130A/libs.tech/klayout/tech/sky130A.map --lyp /home/betulcagril/.volare/sky130A/libs.tech/klayout/tech/sky130A.lyp --top semi_cpu --with-gds-file /home/betulcagril/.volare/sky130A/libs.ref/sky130_fd_sc_hd/gds/sky130_fd_sc_hd.gds --input-lef /openlane/designs/semi_cpu/runs/lab5_final/tmp/merged.nom.lef /openlane/designs/semi_cpu/runs/lab5_final/results/routing/semi_cpu.def |& tee /dev/null /openlane/designs/semi_cpu/runs/lab5_final/logs/signoff/36-gdsii-klayout.log}"

Sun Jun 08 22:22:59 +0000 2025 - Executing "{klayout -b -r /openlane/scripts/klayout/xor.drc -rd a=/openlane/designs/semi_cpu/runs/lab5_final/results/signoff/semi_cpu.gds -rd b=/openlane/designs/semi_cpu/runs/lab5_final/results/signoff/semi_cpu.klayout.gds -rd jobs=1 -rd rdb_out=/openlane/designs/semi_cpu/runs/lab5_final/reports/signoff/37-xor.xml -rd ignore=81/14 -rd rpt_out=/openlane/designs/semi_cpu/runs/lab5_final/reports/signoff/37-xor.rpt |& tee /dev/null /openlane/designs/semi_cpu/runs/lab5_final/logs/signoff/37-xor.log}"

Sun Jun 08 22:23:04 +0000 2025 - Executing "magic -noconsole -dnull -rcfile /home/betulcagril/.volare/sky130A/libs.tech/magic/sky130A.magicrc < /openlane/scripts/magic/wrapper.tcl |& tee /dev/null /openlane/designs/semi_cpu/runs/lab5_final/logs/signoff/38-spice.log"

Sun Jun 08 22:23:04 +0000 2025 - Executing "{magic -noconsole -dnull -rcfile /home/betulcagril/.volare/sky130A/libs.tech/magic/sky130A.magicrc < /openlane/scripts/magic/wrapper.tcl |& tee /dev/null /openlane/designs/semi_cpu/runs/lab5_final/logs/signoff/38-spice.log}"

Sun Jun 08 22:23:08 +0000 2025 - Executing "{openroad -exit -no_init -python /openlane/scripts/odbpy/power_utils.py write_powered_def --output /openlane/designs/semi_cpu/runs/lab5_final/tmp/signoff/38-semi_cpu.p.def --input-lef /openlane/designs/semi_cpu/runs/lab5_final/tmp/merged.nom.lef --power-port VPWR --ground-port VGND --powered-netlist {} /openlane/designs/semi_cpu/runs/lab5_final/results/routing/semi_cpu.def |& tee /dev/null /openlane/designs/semi_cpu/runs/lab5_final/logs/signoff/39-write_powered_def.log}"

Sun Jun 08 22:23:08 +0000 2025 - Executing "openroad -exit /openlane/scripts/openroad/write_views.tcl |& tee /dev/null /openlane/designs/semi_cpu/runs/lab5_final/logs/signoff/39-write_powered_verilog.log"

Sun Jun 08 22:23:08 +0000 2025 - Executing "{openroad -exit /openlane/scripts/openroad/write_views.tcl |& tee /dev/null /openlane/designs/semi_cpu/runs/lab5_final/logs/signoff/39-write_powered_verilog.log}"

Sun Jun 08 22:23:09 +0000 2025 - Executing "{sed -i.bak -e {s/\(set ::env(CURRENT_NETLIST)\).*/\1 \/openlane\/designs\/semi_cpu\/runs\/lab5_final\/tmp\/signoff\/38-semi_cpu.nl.v/} /openlane/designs/semi_cpu/runs/lab5_final/config.tcl}"

Sun Jun 08 22:23:09 +0000 2025 - Executing "{netgen -batch source /openlane/designs/semi_cpu/runs/lab5_final/tmp/signoff/41-setup_file.lef.lvs |& tee /dev/null /openlane/designs/semi_cpu/runs/lab5_final/logs/signoff/41-lvs.lef.log}"

Sun Jun 08 22:23:10 +0000 2025 - Executing "magic -noconsole -dnull -rcfile /home/betulcagril/.volare/sky130A/libs.tech/magic/sky130A.magicrc < /openlane/scripts/magic/wrapper.tcl |& tee /dev/null /openlane/designs/semi_cpu/runs/lab5_final/logs/signoff/42-drc.log"

Sun Jun 08 22:23:10 +0000 2025 - Executing "{magic -noconsole -dnull -rcfile /home/betulcagril/.volare/sky130A/libs.tech/magic/sky130A.magicrc < /openlane/scripts/magic/wrapper.tcl |& tee /dev/null /openlane/designs/semi_cpu/runs/lab5_final/logs/signoff/42-drc.log}"

Sun Jun 08 22:23:24 +0000 2025 - Executing "{python3 /openlane/scripts/drc_rosetta.py magic to_tcl -o /openlane/designs/semi_cpu/runs/lab5_final/reports/signoff/drc.tcl /openlane/designs/semi_cpu/runs/lab5_final/reports/signoff/drc.rpt}"

Sun Jun 08 22:23:24 +0000 2025 - Executing "{python3 /openlane/scripts/drc_rosetta.py magic to_tr -o /openlane/designs/semi_cpu/runs/lab5_final/reports/signoff/drc.tr /openlane/designs/semi_cpu/runs/lab5_final/reports/signoff/drc.rpt}"

Sun Jun 08 22:23:24 +0000 2025 - Executing "{python3 /openlane/scripts/drc_rosetta.py tr to_klayout -o /openlane/designs/semi_cpu/runs/lab5_final/reports/signoff/drc.klayout.xml --design-name semi_cpu /openlane/designs/semi_cpu/runs/lab5_final/reports/signoff/drc.tr}"

Sun Jun 08 22:23:24 +0000 2025 - Executing "{python3 /openlane/scripts/drc_rosetta.py magic to_rdb -o /openlane/designs/semi_cpu/runs/lab5_final/reports/signoff/drc.rdb /openlane/designs/semi_cpu/runs/lab5_final/reports/signoff/drc.rpt}"

Sun Jun 08 22:23:24 +0000 2025 - Executing "{klayout -b -zz -r /home/betulcagril/.volare/sky130A/libs.tech/klayout/drc/sky130A_mr.drc -rd topcell=semi_cpu -rd input=/openlane/designs/semi_cpu/runs/lab5_final/results/signoff/semi_cpu.gds -rd report=/openlane/designs/semi_cpu/runs/lab5_final/reports/signoff/violations.xml -rd feol=true -rd beol=true -rd floating_metal=false -rd seal=true -rd thread=1 |& tee /dev/null /openlane/designs/semi_cpu/runs/lab5_final/logs/signoff/43-drc-klayout.log}"

Sun Jun 08 22:23:44 +0000 2025 - Executing "{python3 /openlane/scripts/klayout/xml_drc_report_to_json.py --xml-file /openlane/designs/semi_cpu/runs/lab5_final/reports/signoff/violations.xml --json-file /openlane/designs/semi_cpu/runs/lab5_final/reports/signoff/violations.json}"

Sun Jun 08 22:23:44 +0000 2025 - Executing "openroad -exit /openlane/scripts/openroad/antenna_check.tcl |& tee /dev/null /openlane/designs/semi_cpu/runs/lab5_final/logs/signoff/44-arc.log"

Sun Jun 08 22:23:44 +0000 2025 - Executing "{openroad -exit /openlane/scripts/openroad/antenna_check.tcl |& tee /dev/null /openlane/designs/semi_cpu/runs/lab5_final/logs/signoff/44-arc.log}"

Sun Jun 08 22:26:49 +0000 2025 - Executing "{python3 /openlane/scripts/extract_antenna_violators.py --output /openlane/designs/semi_cpu/runs/lab5_final/reports/signoff/44-antenna_violators.rpt --plain-out /openlane/designs/semi_cpu/runs/lab5_final/reports/signoff/44-antenna_violators_pins.txt /openlane/designs/semi_cpu/runs/lab5_final/logs/signoff/44-arc.log}"

Sun Jun 08 22:26:49 +0000 2025 - Executing "{python3 /openlane/scripts/write_runtime.py --conclude --seconds --time-in 1749421609 {flow completed}}"

Sun Jun 08 22:26:50 +0000 2025 - Executing "{python3 /openlane/scripts/generate_reports.py -d /openlane/designs/semi_cpu --design_name semi_cpu --tag lab5_final --output_file /openlane/designs/semi_cpu/runs/lab5_final/reports/metrics.csv --man_report /openlane/designs/semi_cpu/runs/lab5_final/reports/manufacturability.rpt --run_path /openlane/designs/semi_cpu/runs/lab5_final}"

Sun Jun 08 22:26:51 +0000 2025 - Executing "{python3 /openlane/scripts/write_runtime.py --conclude --seconds --time-in 1749421611 {flow failed}}"

Sun Jun 08 22:26:51 +0000 2025 - Executing "{python3 /openlane/scripts/generate_reports.py -d /openlane/designs/semi_cpu --design_name semi_cpu --tag lab5_final --output_file /openlane/designs/semi_cpu/runs/lab5_final/reports/metrics.csv --man_report /openlane/designs/semi_cpu/runs/lab5_final/reports/manufacturability.rpt --run_path /openlane/designs/semi_cpu/runs/lab5_final}"

