
===========================================================================
report_checks -unconstrained
===========================================================================
======================= Typical Corner ===================================

Startpoint: reset (input port clocked by clk)
Endpoint: _8683_ (recovery check against rising-edge clock clk)
Path Group: asynchronous
Path Type: max

Fanout     Cap    Slew   Delay    Time   Description
-----------------------------------------------------------------------------
                  0.15    0.00    0.00   clock clk (rise edge)
                          0.00    0.00   clock network delay (ideal)
                          2.00    2.00 v input external delay
     1    0.01    0.02    0.02    2.02 v reset (in)
                                         reset (net)
                  0.02    0.00    2.02 v _8370_/A (sky130_fd_sc_hd__buf_1)
    10    0.05    0.31    0.31    2.33 v _8370_/X (sky130_fd_sc_hd__buf_1)
                                         _3995_ (net)
                  0.31    0.00    2.33 v _8371_/A (sky130_fd_sc_hd__buf_1)
    10    0.05    0.30    0.41    2.74 v _8371_/X (sky130_fd_sc_hd__buf_1)
                                         _3996_ (net)
                  0.30    0.00    2.74 v _8372_/A (sky130_fd_sc_hd__inv_2)
     1    0.00    0.07    0.12    2.86 ^ _8372_/Y (sky130_fd_sc_hd__inv_2)
                                         _0020_ (net)
                  0.07    0.00    2.86 ^ _8683_/RESET_B (sky130_fd_sc_hd__dfrtp_2)
                                  2.86   data arrival time

                  0.15   10.00   10.00   clock clk (rise edge)
                          0.00   10.00   clock network delay (ideal)
                         -0.25    9.75   clock uncertainty
                          0.00    9.75   clock reconvergence pessimism
                                  9.75 ^ _8683_/CLK (sky130_fd_sc_hd__dfrtp_2)
                          0.24    9.99   library recovery time
                                  9.99   data required time
-----------------------------------------------------------------------------
                                  9.99   data required time
                                 -2.86   data arrival time
-----------------------------------------------------------------------------
                                  7.13   slack (MET)


Startpoint: _8867_ (rising edge-triggered flip-flop clocked by clk)
Endpoint: seg[6] (output port clocked by clk)
Path Group: clk
Path Type: max

Fanout     Cap    Slew   Delay    Time   Description
-----------------------------------------------------------------------------
                  0.15    0.00    0.00   clock clk (rise edge)
                          0.00    0.00   clock network delay (ideal)
                  0.15    0.00    0.00 ^ _8867_/CLK (sky130_fd_sc_hd__dfxtp_2)
     9    0.03    0.09    0.42    0.42 v _8867_/Q (sky130_fd_sc_hd__dfxtp_2)
                                         display.refresh_counter[19] (net)
                  0.09    0.00    0.42 v _4995_/B (sky130_fd_sc_hd__and2b_2)
     1    0.00    0.03    0.21    0.63 v _4995_/X (sky130_fd_sc_hd__and2b_2)
                                         _0654_ (net)
                  0.03    0.00    0.63 v _4996_/A (sky130_fd_sc_hd__buf_4)
     8    0.03    0.05    0.17    0.80 v _4996_/X (sky130_fd_sc_hd__buf_4)
                                         _0655_ (net)
                  0.05    0.00    0.80 v _5006_/C (sky130_fd_sc_hd__or3_4)
     2    0.00    0.06    0.34    1.14 v _5006_/X (sky130_fd_sc_hd__or3_4)
                                         _0665_ (net)
                  0.06    0.00    1.14 v _5010_/A1 (sky130_fd_sc_hd__a21o_2)
     3    0.01    0.06    0.23    1.38 v _5010_/X (sky130_fd_sc_hd__a21o_2)
                                         _0669_ (net)
                  0.06    0.00    1.38 v _5012_/B2 (sky130_fd_sc_hd__a221o_2)
     2    0.00    0.06    0.38    1.76 v _5012_/X (sky130_fd_sc_hd__a221o_2)
                                         _0671_ (net)
                  0.06    0.00    1.76 v _5017_/A1 (sky130_fd_sc_hd__a31o_2)
     3    0.01    0.05    0.23    1.99 v _5017_/X (sky130_fd_sc_hd__a31o_2)
                                         _0676_ (net)
                  0.05    0.00    1.99 v _5020_/A1 (sky130_fd_sc_hd__o211a_4)
     9    0.04    0.08    0.32    2.31 v _5020_/X (sky130_fd_sc_hd__o211a_4)
                                         _0679_ (net)
                  0.08    0.00    2.31 v _5046_/S (sky130_fd_sc_hd__mux2_2)
     3    0.02    0.09    0.35    2.66 v _5046_/X (sky130_fd_sc_hd__mux2_2)
                                         _0705_ (net)
                  0.09    0.00    2.66 v _5047_/B (sky130_fd_sc_hd__xnor2_2)
     2    0.01    0.10    0.18    2.84 v _5047_/Y (sky130_fd_sc_hd__xnor2_2)
                                         _0706_ (net)
                  0.10    0.00    2.84 v _5054_/A1 (sky130_fd_sc_hd__a21o_4)
     3    0.01    0.05    0.24    3.09 v _5054_/X (sky130_fd_sc_hd__a21o_4)
                                         _0713_ (net)
                  0.05    0.00    3.09 v _5057_/A2 (sky130_fd_sc_hd__a221o_2)
     2    0.01    0.06    0.41    3.49 v _5057_/X (sky130_fd_sc_hd__a221o_2)
                                         _0716_ (net)
                  0.06    0.00    3.49 v _5061_/B (sky130_fd_sc_hd__and3_4)
     4    0.01    0.04    0.19    3.68 v _5061_/X (sky130_fd_sc_hd__and3_4)
                                         _0720_ (net)
                  0.04    0.00    3.68 v _5071_/A2 (sky130_fd_sc_hd__o31a_2)
     3    0.01    0.07    0.36    4.04 v _5071_/X (sky130_fd_sc_hd__o31a_2)
                                         _0730_ (net)
                  0.07    0.00    4.04 v _5073_/A3 (sky130_fd_sc_hd__o32a_2)
     1    0.01    0.07    0.37    4.41 v _5073_/X (sky130_fd_sc_hd__o32a_2)
                                         _0732_ (net)
                  0.07    0.00    4.41 v _5075_/A2 (sky130_fd_sc_hd__a21oi_4)
     6    0.02    0.20    0.24    4.65 ^ _5075_/Y (sky130_fd_sc_hd__a21oi_4)
                                         _0734_ (net)
                  0.20    0.00    4.65 ^ _5076_/B (sky130_fd_sc_hd__nor2_2)
     2    0.01    0.05    0.06    4.71 v _5076_/Y (sky130_fd_sc_hd__nor2_2)
                                         _0735_ (net)
                  0.05    0.00    4.71 v _5077_/A (sky130_fd_sc_hd__buf_4)
    10    0.04    0.06    0.18    4.89 v _5077_/X (sky130_fd_sc_hd__buf_4)
                                         _0736_ (net)
                  0.06    0.00    4.89 v _5082_/C (sky130_fd_sc_hd__and3_2)
     2    0.01    0.05    0.25    5.14 v _5082_/X (sky130_fd_sc_hd__and3_2)
                                         _0741_ (net)
                  0.05    0.00    5.14 v _5083_/B (sky130_fd_sc_hd__xor2_2)
     3    0.02    0.09    0.18    5.32 v _5083_/X (sky130_fd_sc_hd__xor2_2)
                                         _0742_ (net)
                  0.09    0.00    5.32 v _5084_/B (sky130_fd_sc_hd__xnor2_2)
     2    0.01    0.13    0.18    5.50 v _5084_/Y (sky130_fd_sc_hd__xnor2_2)
                                         _0743_ (net)
                  0.13    0.00    5.50 v _5110_/A1 (sky130_fd_sc_hd__o41a_2)
     3    0.01    0.10    0.59    6.08 v _5110_/X (sky130_fd_sc_hd__o41a_2)
                                         _0769_ (net)
                  0.10    0.00    6.08 v _5120_/A1 (sky130_fd_sc_hd__a21o_2)
     3    0.01    0.05    0.23    6.32 v _5120_/X (sky130_fd_sc_hd__a21o_2)
                                         _0779_ (net)
                  0.05    0.00    6.32 v _5128_/A2 (sky130_fd_sc_hd__a311o_2)
     1    0.01    0.07    0.40    6.72 v _5128_/X (sky130_fd_sc_hd__a311o_2)
                                         _0787_ (net)
                  0.07    0.00    6.72 v _5129_/A2 (sky130_fd_sc_hd__a21oi_4)
     4    0.02    0.19    0.24    6.95 ^ _5129_/Y (sky130_fd_sc_hd__a21oi_4)
                                         _0788_ (net)
                  0.19    0.00    6.96 ^ _5145_/S (sky130_fd_sc_hd__mux2_2)
     3    0.02    0.08    0.43    7.38 v _5145_/X (sky130_fd_sc_hd__mux2_2)
                                         _0804_ (net)
                  0.08    0.00    7.38 v _5159_/B (sky130_fd_sc_hd__xnor2_2)
     2    0.01    0.07    0.17    7.56 v _5159_/Y (sky130_fd_sc_hd__xnor2_2)
                                         _0818_ (net)
                  0.07    0.00    7.56 v _5161_/B1 (sky130_fd_sc_hd__a211o_2)
     2    0.01    0.06    0.34    7.90 v _5161_/X (sky130_fd_sc_hd__a211o_2)
                                         _0820_ (net)
                  0.06    0.00    7.90 v _5166_/A2 (sky130_fd_sc_hd__a21o_2)
     3    0.01    0.04    0.23    8.13 v _5166_/X (sky130_fd_sc_hd__a21o_2)
                                         _0825_ (net)
                  0.04    0.00    8.13 v _5171_/A2 (sky130_fd_sc_hd__a211o_2)
     3    0.01    0.07    0.38    8.51 v _5171_/X (sky130_fd_sc_hd__a211o_2)
                                         _0830_ (net)
                  0.07    0.00    8.51 v _5185_/A2 (sky130_fd_sc_hd__a31o_4)
     2    0.02    0.05    0.27    8.78 v _5185_/X (sky130_fd_sc_hd__a31o_4)
                                         _0844_ (net)
                  0.05    0.00    8.78 v _5190_/A2 (sky130_fd_sc_hd__a21boi_4)
     3    0.01    0.14    0.19    8.97 ^ _5190_/Y (sky130_fd_sc_hd__a21boi_4)
                                         _0849_ (net)
                  0.14    0.00    8.97 ^ _5192_/A3 (sky130_fd_sc_hd__o31a_4)
     1    0.01    0.05    0.16    9.13 ^ _5192_/X (sky130_fd_sc_hd__o31a_4)
                                         _0851_ (net)
                  0.05    0.00    9.13 ^ _5194_/A2 (sky130_fd_sc_hd__a21oi_4)
     9    0.03    0.08    0.09    9.22 v _5194_/Y (sky130_fd_sc_hd__a21oi_4)
                                         _0853_ (net)
                  0.08    0.00    9.22 v _5196_/A (sky130_fd_sc_hd__nor2_4)
     2    0.01    0.11    0.14    9.37 ^ _5196_/Y (sky130_fd_sc_hd__nor2_4)
                                         _0855_ (net)
                  0.11    0.00    9.37 ^ _5211_/S (sky130_fd_sc_hd__mux2_2)
     4    0.02    0.09    0.42    9.78 v _5211_/X (sky130_fd_sc_hd__mux2_2)
                                         _0870_ (net)
                  0.09    0.00    9.78 v _5212_/B (sky130_fd_sc_hd__xnor2_2)
     3    0.01    0.07    0.16    9.95 v _5212_/Y (sky130_fd_sc_hd__xnor2_2)
                                         _0871_ (net)
                  0.07    0.00    9.95 v _5220_/B (sky130_fd_sc_hd__or3_4)
     3    0.02    0.09    0.43   10.38 v _5220_/X (sky130_fd_sc_hd__or3_4)
                                         _0879_ (net)
                  0.09    0.00   10.38 v _5234_/A1 (sky130_fd_sc_hd__a21oi_4)
     4    0.01    0.15    0.18   10.56 ^ _5234_/Y (sky130_fd_sc_hd__a21oi_4)
                                         _0893_ (net)
                  0.15    0.00   10.56 ^ _5256_/A1 (sky130_fd_sc_hd__a31o_2)
     4    0.02    0.12    0.24   10.80 ^ _5256_/X (sky130_fd_sc_hd__a31o_2)
                                         _0915_ (net)
                  0.12    0.00   10.80 ^ _5280_/A1 (sky130_fd_sc_hd__a41oi_4)
     3    0.01    0.13    0.14   10.94 v _5280_/Y (sky130_fd_sc_hd__a41oi_4)
                                         _0939_ (net)
                  0.13    0.00   10.94 v _5281_/A2 (sky130_fd_sc_hd__a21oi_4)
     5    0.02    0.19    0.26   11.20 ^ _5281_/Y (sky130_fd_sc_hd__a21oi_4)
                                         _0940_ (net)
                  0.19    0.00   11.20 ^ _5282_/A (sky130_fd_sc_hd__buf_6)
    10    0.04    0.10    0.19   11.39 ^ _5282_/X (sky130_fd_sc_hd__buf_6)
                                         _0941_ (net)
                  0.10    0.00   11.39 ^ _5315_/S (sky130_fd_sc_hd__mux2_2)
     4    0.02    0.09    0.42   11.80 v _5315_/X (sky130_fd_sc_hd__mux2_2)
                                         _0974_ (net)
                  0.09    0.00   11.80 v _5331_/A3 (sky130_fd_sc_hd__a31o_2)
     2    0.01    0.05    0.29   12.09 v _5331_/X (sky130_fd_sc_hd__a31o_2)
                                         _0990_ (net)
                  0.05    0.00   12.09 v _5332_/A1 (sky130_fd_sc_hd__a31o_2)
     1    0.00    0.04    0.20   12.30 v _5332_/X (sky130_fd_sc_hd__a31o_2)
                                         _0991_ (net)
                  0.04    0.00   12.30 v _5333_/B1 (sky130_fd_sc_hd__a31o_2)
     4    0.01    0.06    0.25   12.55 v _5333_/X (sky130_fd_sc_hd__a31o_2)
                                         _0992_ (net)
                  0.06    0.00   12.55 v _5352_/A2 (sky130_fd_sc_hd__o31a_4)
     4    0.02    0.07    0.38   12.94 v _5352_/X (sky130_fd_sc_hd__o31a_4)
                                         _1011_ (net)
                  0.07    0.00   12.94 v _5394_/A1 (sky130_fd_sc_hd__a21o_2)
     5    0.02    0.07    0.26   13.19 v _5394_/X (sky130_fd_sc_hd__a21o_2)
                                         _1053_ (net)
                  0.07    0.00   13.19 v _5398_/A2 (sky130_fd_sc_hd__a21o_2)
     2    0.00    0.04    0.23   13.42 v _5398_/X (sky130_fd_sc_hd__a21o_2)
                                         _1057_ (net)
                  0.04    0.00   13.42 v _5401_/A2 (sky130_fd_sc_hd__a32o_2)
     4    0.02    0.08    0.32   13.74 v _5401_/X (sky130_fd_sc_hd__a32o_2)
                                         _1060_ (net)
                  0.08    0.00   13.74 v _5406_/A2 (sky130_fd_sc_hd__o211a_2)
     2    0.01    0.05    0.28   14.02 v _5406_/X (sky130_fd_sc_hd__o211a_2)
                                         _1065_ (net)
                  0.05    0.00   14.02 v _5432_/A2 (sky130_fd_sc_hd__o31a_2)
     2    0.01    0.07    0.36   14.38 v _5432_/X (sky130_fd_sc_hd__o31a_2)
                                         _1091_ (net)
                  0.07    0.00   14.38 v _5435_/A2 (sky130_fd_sc_hd__o211a_4)
     3    0.01    0.05    0.26   14.64 v _5435_/X (sky130_fd_sc_hd__o211a_4)
                                         _1094_ (net)
                  0.05    0.00   14.64 v _5451_/A3 (sky130_fd_sc_hd__o311a_4)
     2    0.01    0.06    0.32   14.97 v _5451_/X (sky130_fd_sc_hd__o311a_4)
                                         _1110_ (net)
                  0.06    0.00   14.97 v _5454_/C (sky130_fd_sc_hd__or4_4)
     1    0.00    0.08    0.49   15.46 v _5454_/X (sky130_fd_sc_hd__or4_4)
                                         _1113_ (net)
                  0.08    0.00   15.46 v _5455_/A3 (sky130_fd_sc_hd__a31o_2)
     2    0.01    0.06    0.30   15.76 v _5455_/X (sky130_fd_sc_hd__a31o_2)
                                         _1114_ (net)
                  0.06    0.00   15.76 v _5457_/A2 (sky130_fd_sc_hd__a21oi_4)
    10    0.05    0.35    0.35   16.11 ^ _5457_/Y (sky130_fd_sc_hd__a21oi_4)
                                         _1116_ (net)
                  0.35    0.00   16.11 ^ _5504_/S (sky130_fd_sc_hd__mux2_2)
     3    0.01    0.07    0.43   16.54 v _5504_/X (sky130_fd_sc_hd__mux2_2)
                                         _1163_ (net)
                  0.07    0.00   16.54 v _5505_/B (sky130_fd_sc_hd__or2_2)
     3    0.01    0.07    0.32   16.86 v _5505_/X (sky130_fd_sc_hd__or2_2)
                                         _1164_ (net)
                  0.07    0.00   16.86 v _5515_/A1 (sky130_fd_sc_hd__a2111o_2)
     3    0.01    0.09    0.49   17.35 v _5515_/X (sky130_fd_sc_hd__a2111o_2)
                                         _1174_ (net)
                  0.09    0.00   17.35 v _5522_/A2 (sky130_fd_sc_hd__a21o_2)
     2    0.01    0.05    0.26   17.60 v _5522_/X (sky130_fd_sc_hd__a21o_2)
                                         _1181_ (net)
                  0.05    0.00   17.60 v _5536_/B (sky130_fd_sc_hd__nand2_2)
     3    0.02    0.12    0.13   17.73 ^ _5536_/Y (sky130_fd_sc_hd__nand2_2)
                                         _1195_ (net)
                  0.12    0.00   17.73 ^ _5555_/A (sky130_fd_sc_hd__nand4_2)
     3    0.02    0.15    0.15   17.89 v _5555_/Y (sky130_fd_sc_hd__nand4_2)
                                         _1214_ (net)
                  0.15    0.00   17.89 v _5562_/A1 (sky130_fd_sc_hd__a21oi_4)
     9    0.05    0.34    0.36   18.25 ^ _5562_/Y (sky130_fd_sc_hd__a21oi_4)
                                         _1221_ (net)
                  0.34    0.00   18.25 ^ _5593_/S (sky130_fd_sc_hd__mux2_4)
     6    0.02    0.07    0.39   18.64 v _5593_/X (sky130_fd_sc_hd__mux2_4)
                                         _1252_ (net)
                  0.07    0.00   18.64 v _5594_/B (sky130_fd_sc_hd__and2_4)
     4    0.01    0.04    0.19   18.83 v _5594_/X (sky130_fd_sc_hd__and2_4)
                                         _1253_ (net)
                  0.04    0.00   18.83 v _5606_/A (sky130_fd_sc_hd__or3b_4)
     4    0.01    0.08    0.42   19.26 v _5606_/X (sky130_fd_sc_hd__or3b_4)
                                         _1265_ (net)
                  0.08    0.00   19.26 v _5627_/A1 (sky130_fd_sc_hd__a2111o_2)
     4    0.02    0.10    0.50   19.76 v _5627_/X (sky130_fd_sc_hd__a2111o_2)
                                         _1286_ (net)
                  0.10    0.00   19.76 v _5666_/A2 (sky130_fd_sc_hd__a21o_2)
     3    0.01    0.06    0.27   20.03 v _5666_/X (sky130_fd_sc_hd__a21o_2)
                                         _1325_ (net)
                  0.06    0.00   20.03 v _5675_/A1 (sky130_fd_sc_hd__a21oi_4)
     9    0.04    0.33    0.32   20.35 ^ _5675_/Y (sky130_fd_sc_hd__a21oi_4)
                                         _1334_ (net)
                  0.33    0.00   20.35 ^ _5753_/S (sky130_fd_sc_hd__mux2_2)
     3    0.02    0.09    0.45   20.80 v _5753_/X (sky130_fd_sc_hd__mux2_2)
                                         _1412_ (net)
                  0.09    0.00   20.80 v _5754_/B (sky130_fd_sc_hd__xnor2_2)
     3    0.01    0.08    0.18   20.98 v _5754_/Y (sky130_fd_sc_hd__xnor2_2)
                                         _1413_ (net)
                  0.08    0.00   20.98 v _5758_/A2 (sky130_fd_sc_hd__a211o_2)
     6    0.02    0.10    0.42   21.41 v _5758_/X (sky130_fd_sc_hd__a211o_2)
                                         _1417_ (net)
                  0.10    0.00   21.41 v _5762_/C (sky130_fd_sc_hd__or4_4)
     2    0.01    0.09    0.52   21.93 v _5762_/X (sky130_fd_sc_hd__or4_4)
                                         _1421_ (net)
                  0.09    0.00   21.93 v _5779_/A3 (sky130_fd_sc_hd__a31o_2)
     1    0.00    0.04    0.27   22.20 v _5779_/X (sky130_fd_sc_hd__a31o_2)
                                         _1438_ (net)
                  0.04    0.00   22.20 v _5786_/B (sky130_fd_sc_hd__and3_4)
     2    0.01    0.04    0.17   22.38 v _5786_/X (sky130_fd_sc_hd__and3_4)
                                         _1445_ (net)
                  0.04    0.00   22.38 v _5791_/A2 (sky130_fd_sc_hd__a21oi_2)
     2    0.01    0.13    0.16   22.53 ^ _5791_/Y (sky130_fd_sc_hd__a21oi_2)
                                         _1450_ (net)
                  0.13    0.00   22.53 ^ _5796_/A1 (sky130_fd_sc_hd__o21a_4)
     5    0.03    0.09    0.20   22.73 ^ _5796_/X (sky130_fd_sc_hd__o21a_4)
                                         _1455_ (net)
                  0.09    0.00   22.74 ^ _5856_/S (sky130_fd_sc_hd__mux2_1)
     4    0.01    0.10    0.40   23.14 v _5856_/X (sky130_fd_sc_hd__mux2_1)
                                         _1515_ (net)
                  0.10    0.00   23.14 v _5858_/B (sky130_fd_sc_hd__and2_2)
     1    0.00    0.03    0.21   23.35 v _5858_/X (sky130_fd_sc_hd__and2_2)
                                         _1517_ (net)
                  0.03    0.00   23.35 v _5859_/B (sky130_fd_sc_hd__or2_2)
     3    0.01    0.08    0.31   23.66 v _5859_/X (sky130_fd_sc_hd__or2_2)
                                         _1518_ (net)
                  0.08    0.00   23.66 v _5871_/B (sky130_fd_sc_hd__or4bb_4)
     1    0.00    0.08    0.53   24.19 v _5871_/X (sky130_fd_sc_hd__or4bb_4)
                                         _1530_ (net)
                  0.08    0.00   24.19 v _5873_/B1 (sky130_fd_sc_hd__o211a_2)
     3    0.01    0.07    0.19   24.38 v _5873_/X (sky130_fd_sc_hd__o211a_2)
                                         _1532_ (net)
                  0.07    0.00   24.38 v _5887_/A2 (sky130_fd_sc_hd__a211o_2)
     2    0.01    0.07    0.38   24.76 v _5887_/X (sky130_fd_sc_hd__a211o_2)
                                         _1546_ (net)
                  0.07    0.00   24.76 v _5893_/A1 (sky130_fd_sc_hd__a21o_4)
     4    0.01    0.05    0.23   24.99 v _5893_/X (sky130_fd_sc_hd__a21o_4)
                                         _1552_ (net)
                  0.05    0.00   24.99 v _5906_/A2 (sky130_fd_sc_hd__a2111o_2)
     2    0.01    0.09    0.52   25.51 v _5906_/X (sky130_fd_sc_hd__a2111o_2)
                                         _1565_ (net)
                  0.09    0.00   25.51 v _5909_/A1 (sky130_fd_sc_hd__a21oi_4)
     9    0.04    0.31    0.31   25.82 ^ _5909_/Y (sky130_fd_sc_hd__a21oi_4)
                                         _1568_ (net)
                  0.31    0.00   25.82 ^ _5910_/A (sky130_fd_sc_hd__buf_8)
    10    0.05    0.09    0.20   26.03 ^ _5910_/X (sky130_fd_sc_hd__buf_8)
                                         _1569_ (net)
                  0.09    0.00   26.03 ^ _5933_/B (sky130_fd_sc_hd__nor2_2)
     2    0.01    0.04    0.05   26.08 v _5933_/Y (sky130_fd_sc_hd__nor2_2)
                                         _1592_ (net)
                  0.04    0.00   26.08 v _5937_/A3 (sky130_fd_sc_hd__o32a_2)
     4    0.02    0.09    0.39   26.47 v _5937_/X (sky130_fd_sc_hd__o32a_2)
                                         _1596_ (net)
                  0.09    0.00   26.47 v _5943_/A2 (sky130_fd_sc_hd__a211o_4)
     3    0.01    0.06    0.38   26.85 v _5943_/X (sky130_fd_sc_hd__a211o_4)
                                         _1602_ (net)
                  0.06    0.00   26.85 v _5951_/A1 (sky130_fd_sc_hd__a21oi_2)
     4    0.02    0.22    0.24   27.09 ^ _5951_/Y (sky130_fd_sc_hd__a21oi_2)
                                         _1610_ (net)
                  0.22    0.00   27.09 ^ _6004_/A1 (sky130_fd_sc_hd__a21o_4)
     3    0.02    0.06    0.19   27.28 ^ _6004_/X (sky130_fd_sc_hd__a21o_4)
                                         _1663_ (net)
                  0.06    0.00   27.28 ^ _6023_/A1 (sky130_fd_sc_hd__a21oi_2)
     4    0.01    0.06    0.08   27.36 v _6023_/Y (sky130_fd_sc_hd__a21oi_2)
                                         _1682_ (net)
                  0.06    0.00   27.36 v _6033_/A1 (sky130_fd_sc_hd__a21o_4)
     4    0.02    0.05    0.24   27.60 v _6033_/X (sky130_fd_sc_hd__a21o_4)
                                         _1692_ (net)
                  0.05    0.00   27.60 v _6035_/A (sky130_fd_sc_hd__nand2_2)
     8    0.04    0.20    0.18   27.77 ^ _6035_/Y (sky130_fd_sc_hd__nand2_2)
                                         _1694_ (net)
                  0.20    0.00   27.77 ^ _6120_/S (sky130_fd_sc_hd__mux2_2)
     3    0.02    0.08    0.43   28.20 v _6120_/X (sky130_fd_sc_hd__mux2_2)
                                         _1779_ (net)
                  0.08    0.00   28.20 v _6121_/B1 (sky130_fd_sc_hd__a21oi_2)
     3    0.01    0.15    0.17   28.37 ^ _6121_/Y (sky130_fd_sc_hd__a21oi_2)
                                         _1780_ (net)
                  0.15    0.00   28.37 ^ _6122_/D_N (sky130_fd_sc_hd__or4b_4)
     2    0.01    0.09    0.51   28.88 v _6122_/X (sky130_fd_sc_hd__or4b_4)
                                         _1781_ (net)
                  0.09    0.00   28.88 v _6123_/D (sky130_fd_sc_hd__or4_4)
     3    0.01    0.09    0.46   29.35 v _6123_/X (sky130_fd_sc_hd__or4_4)
                                         _1782_ (net)
                  0.09    0.00   29.35 v _6146_/A1 (sky130_fd_sc_hd__a211o_2)
     3    0.01    0.07    0.35   29.70 v _6146_/X (sky130_fd_sc_hd__a211o_2)
                                         _1805_ (net)
                  0.07    0.00   29.70 v _6159_/A1 (sky130_fd_sc_hd__a21o_2)
    10    0.03    0.10    0.28   29.98 v _6159_/X (sky130_fd_sc_hd__a21o_2)
                                         _1818_ (net)
                  0.10    0.00   29.98 v _6207_/B1 (sky130_fd_sc_hd__a221o_2)
     1    0.01    0.07    0.39   30.37 v _6207_/X (sky130_fd_sc_hd__a221o_2)
                                         _1866_ (net)
                  0.07    0.00   30.37 v _6208_/B (sky130_fd_sc_hd__xnor2_2)
     4    0.03    0.35    0.32   30.69 ^ _6208_/Y (sky130_fd_sc_hd__xnor2_2)
                                         _1867_ (net)
                  0.35    0.00   30.69 ^ _6218_/B (sky130_fd_sc_hd__xnor2_2)
     2    0.01    0.09    0.14   30.83 v _6218_/Y (sky130_fd_sc_hd__xnor2_2)
                                         _1877_ (net)
                  0.09    0.00   30.83 v _6221_/A2 (sky130_fd_sc_hd__o41a_2)
     2    0.01    0.07    0.52   31.35 v _6221_/X (sky130_fd_sc_hd__o41a_2)
                                         _1880_ (net)
                  0.07    0.00   31.35 v _6272_/A2 (sky130_fd_sc_hd__a2111o_2)
     3    0.01    0.08    0.52   31.86 v _6272_/X (sky130_fd_sc_hd__a2111o_2)
                                         _1931_ (net)
                  0.08    0.00   31.86 v _6290_/A1 (sky130_fd_sc_hd__a211o_2)
     4    0.01    0.07    0.35   32.22 v _6290_/X (sky130_fd_sc_hd__a211o_2)
                                         _1949_ (net)
                  0.07    0.00   32.22 v _6300_/A2 (sky130_fd_sc_hd__a32o_2)
     2    0.01    0.05    0.31   32.52 v _6300_/X (sky130_fd_sc_hd__a32o_2)
                                         _1959_ (net)
                  0.05    0.00   32.52 v _6301_/A (sky130_fd_sc_hd__buf_6)
    10    0.04    0.05    0.15   32.68 v _6301_/X (sky130_fd_sc_hd__buf_6)
                                         _1960_ (net)
                  0.05    0.00   32.68 v _6359_/A2 (sky130_fd_sc_hd__a211o_2)
     3    0.01    0.06    0.37   33.04 v _6359_/X (sky130_fd_sc_hd__a211o_2)
                                         _2018_ (net)
                  0.06    0.00   33.04 v _6361_/C (sky130_fd_sc_hd__and3_4)
     2    0.01    0.04    0.20   33.24 v _6361_/X (sky130_fd_sc_hd__and3_4)
                                         _2020_ (net)
                  0.04    0.00   33.24 v _6366_/C1 (sky130_fd_sc_hd__a2111o_2)
     1    0.00    0.06    0.40   33.64 v _6366_/X (sky130_fd_sc_hd__a2111o_2)
                                         _2025_ (net)
                  0.06    0.00   33.64 v _6367_/D (sky130_fd_sc_hd__or4_4)
     3    0.01    0.09    0.46   34.10 v _6367_/X (sky130_fd_sc_hd__or4_4)
                                         _2026_ (net)
                  0.09    0.00   34.10 v _6392_/A1 (sky130_fd_sc_hd__a211o_2)
     3    0.01    0.07    0.36   34.46 v _6392_/X (sky130_fd_sc_hd__a211o_2)
                                         _2051_ (net)
                  0.07    0.00   34.46 v _6407_/A1 (sky130_fd_sc_hd__a211o_2)
     3    0.01    0.06    0.34   34.80 v _6407_/X (sky130_fd_sc_hd__a211o_2)
                                         _2066_ (net)
                  0.06    0.00   34.80 v _6411_/A1 (sky130_fd_sc_hd__a21o_2)
     5    0.02    0.07    0.25   35.04 v _6411_/X (sky130_fd_sc_hd__a21o_2)
                                         _2070_ (net)
                  0.07    0.00   35.04 v _6430_/A2 (sky130_fd_sc_hd__a211oi_2)
     5    0.01    0.32    0.37   35.41 ^ _6430_/Y (sky130_fd_sc_hd__a211oi_2)
                                         _2089_ (net)
                  0.32    0.00   35.41 ^ _6431_/A (sky130_fd_sc_hd__buf_4)
    10    0.03    0.10    0.24   35.65 ^ _6431_/X (sky130_fd_sc_hd__buf_4)
                                         _2090_ (net)
                  0.10    0.00   35.65 ^ _6452_/A (sky130_fd_sc_hd__nor2_2)
     5    0.02    0.07    0.10   35.75 v _6452_/Y (sky130_fd_sc_hd__nor2_2)
                                         _2111_ (net)
                  0.07    0.00   35.75 v _6468_/A2 (sky130_fd_sc_hd__o31a_2)
     3    0.02    0.08    0.39   36.14 v _6468_/X (sky130_fd_sc_hd__o31a_2)
                                         _2127_ (net)
                  0.08    0.00   36.14 v _6469_/B (sky130_fd_sc_hd__xnor2_2)
     4    0.02    0.12    0.20   36.34 v _6469_/Y (sky130_fd_sc_hd__xnor2_2)
                                         _2128_ (net)
                  0.12    0.00   36.34 v _6470_/D (sky130_fd_sc_hd__and4bb_2)
     2    0.01    0.05    0.28   36.62 v _6470_/X (sky130_fd_sc_hd__and4bb_2)
                                         _2129_ (net)
                  0.05    0.00   36.62 v _6573_/B2 (sky130_fd_sc_hd__a221o_2)
     2    0.01    0.07    0.40   37.02 v _6573_/X (sky130_fd_sc_hd__a221o_2)
                                         _2232_ (net)
                  0.07    0.00   37.02 v _6574_/B1 (sky130_fd_sc_hd__a21o_4)
     7    0.03    0.06    0.23   37.26 v _6574_/X (sky130_fd_sc_hd__a21o_4)
                                         _2233_ (net)
                  0.06    0.00   37.26 v _6591_/A2 (sky130_fd_sc_hd__a21o_4)
     5    0.02    0.05    0.25   37.51 v _6591_/X (sky130_fd_sc_hd__a21o_4)
                                         _2250_ (net)
                  0.05    0.00   37.51 v _6614_/S (sky130_fd_sc_hd__mux2_4)
     4    0.01    0.06    0.33   37.84 v _6614_/X (sky130_fd_sc_hd__mux2_4)
                                         _2272_ (net)
                  0.06    0.00   37.84 v _6622_/B (sky130_fd_sc_hd__or4b_4)
     1    0.00    0.08    0.53   38.37 v _6622_/X (sky130_fd_sc_hd__or4b_4)
                                         _2280_ (net)
                  0.08    0.00   38.37 v _6623_/D (sky130_fd_sc_hd__or4_4)
     2    0.01    0.09    0.46   38.84 v _6623_/X (sky130_fd_sc_hd__or4_4)
                                         _2281_ (net)
                  0.09    0.00   38.84 v _6634_/A1 (sky130_fd_sc_hd__a21oi_4)
     4    0.02    0.19    0.22   39.05 ^ _6634_/Y (sky130_fd_sc_hd__a21oi_4)
                                         _2292_ (net)
                  0.19    0.00   39.05 ^ _6654_/A1 (sky130_fd_sc_hd__a21o_4)
     5    0.03    0.09    0.20   39.25 ^ _6654_/X (sky130_fd_sc_hd__a21o_4)
                                         _2312_ (net)
                  0.09    0.00   39.25 ^ _6715_/A1 (sky130_fd_sc_hd__a31o_2)
     6    0.03    0.18    0.27   39.52 ^ _6715_/X (sky130_fd_sc_hd__a31o_2)
                                         _2372_ (net)
                  0.18    0.00   39.52 ^ _6726_/A1 (sky130_fd_sc_hd__a21o_4)
     8    0.04    0.12    0.22   39.74 ^ _6726_/X (sky130_fd_sc_hd__a21o_4)
                                         _2383_ (net)
                  0.12    0.00   39.74 ^ _8042_/S (sky130_fd_sc_hd__mux2_1)
     3    0.01    0.09    0.39   40.13 v _8042_/X (sky130_fd_sc_hd__mux2_1)
                                         _3695_ (net)
                  0.09    0.00   40.13 v _8043_/B (sky130_fd_sc_hd__or2_2)
     2    0.01    0.07    0.33   40.46 v _8043_/X (sky130_fd_sc_hd__or2_2)
                                         _3696_ (net)
                  0.07    0.00   40.46 v _8051_/A1 (sky130_fd_sc_hd__a21bo_4)
     4    0.02    0.05    0.25   40.71 v _8051_/X (sky130_fd_sc_hd__a21bo_4)
                                         _3704_ (net)
                  0.05    0.00   40.71 v _8055_/A1 (sky130_fd_sc_hd__o41a_2)
     2    0.01    0.08    0.53   41.24 v _8055_/X (sky130_fd_sc_hd__o41a_2)
                                         _3708_ (net)
                  0.08    0.00   41.24 v _8079_/A2 (sky130_fd_sc_hd__a31oi_2)
     3    0.01    0.23    0.26   41.50 ^ _8079_/Y (sky130_fd_sc_hd__a31oi_2)
                                         _3732_ (net)
                  0.23    0.00   41.50 ^ _8129_/A1 (sky130_fd_sc_hd__a211o_2)
     3    0.01    0.08    0.22   41.72 ^ _8129_/X (sky130_fd_sc_hd__a211o_2)
                                         _3782_ (net)
                  0.08    0.00   41.72 ^ _8133_/A2 (sky130_fd_sc_hd__a21o_4)
     2    0.02    0.05    0.15   41.87 ^ _8133_/X (sky130_fd_sc_hd__a21o_4)
                                         _3786_ (net)
                  0.05    0.00   41.87 ^ _8169_/A (sky130_fd_sc_hd__buf_8)
    10    0.05    0.09    0.14   42.01 ^ _8169_/X (sky130_fd_sc_hd__buf_8)
                                         _3822_ (net)
                  0.09    0.00   42.02 ^ _8240_/S (sky130_fd_sc_hd__mux2_1)
     2    0.01    0.07    0.36   42.38 v _8240_/X (sky130_fd_sc_hd__mux2_1)
                                         _3893_ (net)
                  0.07    0.00   42.38 v _8243_/B (sky130_fd_sc_hd__or2_2)
     1    0.00    0.05    0.28   42.66 v _8243_/X (sky130_fd_sc_hd__or2_2)
                                         _3896_ (net)
                  0.05    0.00   42.66 v _8244_/D (sky130_fd_sc_hd__and4b_2)
     1    0.00    0.04    0.24   42.90 v _8244_/X (sky130_fd_sc_hd__and4b_2)
                                         _3897_ (net)
                  0.04    0.00   42.90 v _8245_/D (sky130_fd_sc_hd__and4bb_2)
     2    0.01    0.05    0.25   43.15 v _8245_/X (sky130_fd_sc_hd__and4bb_2)
                                         _3898_ (net)
                  0.05    0.00   43.15 v _8270_/A1 (sky130_fd_sc_hd__a211o_2)
     1    0.00    0.05    0.30   43.45 v _8270_/X (sky130_fd_sc_hd__a211o_2)
                                         _3923_ (net)
                  0.05    0.00   43.45 v _8274_/A2 (sky130_fd_sc_hd__a21o_2)
     1    0.00    0.04    0.22   43.67 v _8274_/X (sky130_fd_sc_hd__a21o_2)
                                         _3927_ (net)
                  0.04    0.00   43.67 v _8298_/A1 (sky130_fd_sc_hd__a22o_2)
     1    0.01    0.05    0.25   43.92 v _8298_/X (sky130_fd_sc_hd__a22o_2)
                                         _3951_ (net)
                  0.05    0.00   43.92 v _8302_/A2 (sky130_fd_sc_hd__a211oi_2)
     3    0.01    0.24    0.30   44.22 ^ _8302_/Y (sky130_fd_sc_hd__a211oi_2)
                                         _3955_ (net)
                  0.24    0.00   44.22 ^ _8310_/A1 (sky130_fd_sc_hd__o21ai_2)
     4    0.01    0.10    0.14   44.36 v _8310_/Y (sky130_fd_sc_hd__o21ai_2)
                                         _3962_ (net)
                  0.10    0.00   44.36 v _8322_/B1 (sky130_fd_sc_hd__a221oi_2)
     1    0.04    0.70    0.66   45.02 ^ _8322_/Y (sky130_fd_sc_hd__a221oi_2)
                                         seg[6] (net)
                  0.70    0.00   45.02 ^ seg[6] (out)
                                 45.02   data arrival time

                  0.15   10.00   10.00   clock clk (rise edge)
                          0.00   10.00   clock network delay (ideal)
                         -0.25    9.75   clock uncertainty
                          0.00    9.75   clock reconvergence pessimism
                         -2.00    7.75   output external delay
                                  7.75   data required time
-----------------------------------------------------------------------------
                                  7.75   data required time
                                -45.02   data arrival time
-----------------------------------------------------------------------------
                                -37.27   slack (VIOLATED)




===========================================================================
report_checks --slack_max -0.01
============================================================================
======================= Typical Corner ===================================

Startpoint: _8867_ (rising edge-triggered flip-flop clocked by clk)
Endpoint: seg[6] (output port clocked by clk)
Path Group: clk
Path Type: max

Fanout     Cap    Slew   Delay    Time   Description
-----------------------------------------------------------------------------
                  0.15    0.00    0.00   clock clk (rise edge)
                          0.00    0.00   clock network delay (ideal)
                  0.15    0.00    0.00 ^ _8867_/CLK (sky130_fd_sc_hd__dfxtp_2)
     9    0.03    0.09    0.42    0.42 v _8867_/Q (sky130_fd_sc_hd__dfxtp_2)
                                         display.refresh_counter[19] (net)
                  0.09    0.00    0.42 v _4995_/B (sky130_fd_sc_hd__and2b_2)
     1    0.00    0.03    0.21    0.63 v _4995_/X (sky130_fd_sc_hd__and2b_2)
                                         _0654_ (net)
                  0.03    0.00    0.63 v _4996_/A (sky130_fd_sc_hd__buf_4)
     8    0.03    0.05    0.17    0.80 v _4996_/X (sky130_fd_sc_hd__buf_4)
                                         _0655_ (net)
                  0.05    0.00    0.80 v _5006_/C (sky130_fd_sc_hd__or3_4)
     2    0.00    0.06    0.34    1.14 v _5006_/X (sky130_fd_sc_hd__or3_4)
                                         _0665_ (net)
                  0.06    0.00    1.14 v _5010_/A1 (sky130_fd_sc_hd__a21o_2)
     3    0.01    0.06    0.23    1.38 v _5010_/X (sky130_fd_sc_hd__a21o_2)
                                         _0669_ (net)
                  0.06    0.00    1.38 v _5012_/B2 (sky130_fd_sc_hd__a221o_2)
     2    0.00    0.06    0.38    1.76 v _5012_/X (sky130_fd_sc_hd__a221o_2)
                                         _0671_ (net)
                  0.06    0.00    1.76 v _5017_/A1 (sky130_fd_sc_hd__a31o_2)
     3    0.01    0.05    0.23    1.99 v _5017_/X (sky130_fd_sc_hd__a31o_2)
                                         _0676_ (net)
                  0.05    0.00    1.99 v _5020_/A1 (sky130_fd_sc_hd__o211a_4)
     9    0.04    0.08    0.32    2.31 v _5020_/X (sky130_fd_sc_hd__o211a_4)
                                         _0679_ (net)
                  0.08    0.00    2.31 v _5046_/S (sky130_fd_sc_hd__mux2_2)
     3    0.02    0.09    0.35    2.66 v _5046_/X (sky130_fd_sc_hd__mux2_2)
                                         _0705_ (net)
                  0.09    0.00    2.66 v _5047_/B (sky130_fd_sc_hd__xnor2_2)
     2    0.01    0.10    0.18    2.84 v _5047_/Y (sky130_fd_sc_hd__xnor2_2)
                                         _0706_ (net)
                  0.10    0.00    2.84 v _5054_/A1 (sky130_fd_sc_hd__a21o_4)
     3    0.01    0.05    0.24    3.09 v _5054_/X (sky130_fd_sc_hd__a21o_4)
                                         _0713_ (net)
                  0.05    0.00    3.09 v _5057_/A2 (sky130_fd_sc_hd__a221o_2)
     2    0.01    0.06    0.41    3.49 v _5057_/X (sky130_fd_sc_hd__a221o_2)
                                         _0716_ (net)
                  0.06    0.00    3.49 v _5061_/B (sky130_fd_sc_hd__and3_4)
     4    0.01    0.04    0.19    3.68 v _5061_/X (sky130_fd_sc_hd__and3_4)
                                         _0720_ (net)
                  0.04    0.00    3.68 v _5071_/A2 (sky130_fd_sc_hd__o31a_2)
     3    0.01    0.07    0.36    4.04 v _5071_/X (sky130_fd_sc_hd__o31a_2)
                                         _0730_ (net)
                  0.07    0.00    4.04 v _5073_/A3 (sky130_fd_sc_hd__o32a_2)
     1    0.01    0.07    0.37    4.41 v _5073_/X (sky130_fd_sc_hd__o32a_2)
                                         _0732_ (net)
                  0.07    0.00    4.41 v _5075_/A2 (sky130_fd_sc_hd__a21oi_4)
     6    0.02    0.20    0.24    4.65 ^ _5075_/Y (sky130_fd_sc_hd__a21oi_4)
                                         _0734_ (net)
                  0.20    0.00    4.65 ^ _5076_/B (sky130_fd_sc_hd__nor2_2)
     2    0.01    0.05    0.06    4.71 v _5076_/Y (sky130_fd_sc_hd__nor2_2)
                                         _0735_ (net)
                  0.05    0.00    4.71 v _5077_/A (sky130_fd_sc_hd__buf_4)
    10    0.04    0.06    0.18    4.89 v _5077_/X (sky130_fd_sc_hd__buf_4)
                                         _0736_ (net)
                  0.06    0.00    4.89 v _5082_/C (sky130_fd_sc_hd__and3_2)
     2    0.01    0.05    0.25    5.14 v _5082_/X (sky130_fd_sc_hd__and3_2)
                                         _0741_ (net)
                  0.05    0.00    5.14 v _5083_/B (sky130_fd_sc_hd__xor2_2)
     3    0.02    0.09    0.18    5.32 v _5083_/X (sky130_fd_sc_hd__xor2_2)
                                         _0742_ (net)
                  0.09    0.00    5.32 v _5084_/B (sky130_fd_sc_hd__xnor2_2)
     2    0.01    0.13    0.18    5.50 v _5084_/Y (sky130_fd_sc_hd__xnor2_2)
                                         _0743_ (net)
                  0.13    0.00    5.50 v _5110_/A1 (sky130_fd_sc_hd__o41a_2)
     3    0.01    0.10    0.59    6.08 v _5110_/X (sky130_fd_sc_hd__o41a_2)
                                         _0769_ (net)
                  0.10    0.00    6.08 v _5120_/A1 (sky130_fd_sc_hd__a21o_2)
     3    0.01    0.05    0.23    6.32 v _5120_/X (sky130_fd_sc_hd__a21o_2)
                                         _0779_ (net)
                  0.05    0.00    6.32 v _5128_/A2 (sky130_fd_sc_hd__a311o_2)
     1    0.01    0.07    0.40    6.72 v _5128_/X (sky130_fd_sc_hd__a311o_2)
                                         _0787_ (net)
                  0.07    0.00    6.72 v _5129_/A2 (sky130_fd_sc_hd__a21oi_4)
     4    0.02    0.19    0.24    6.95 ^ _5129_/Y (sky130_fd_sc_hd__a21oi_4)
                                         _0788_ (net)
                  0.19    0.00    6.96 ^ _5145_/S (sky130_fd_sc_hd__mux2_2)
     3    0.02    0.08    0.43    7.38 v _5145_/X (sky130_fd_sc_hd__mux2_2)
                                         _0804_ (net)
                  0.08    0.00    7.38 v _5159_/B (sky130_fd_sc_hd__xnor2_2)
     2    0.01    0.07    0.17    7.56 v _5159_/Y (sky130_fd_sc_hd__xnor2_2)
                                         _0818_ (net)
                  0.07    0.00    7.56 v _5161_/B1 (sky130_fd_sc_hd__a211o_2)
     2    0.01    0.06    0.34    7.90 v _5161_/X (sky130_fd_sc_hd__a211o_2)
                                         _0820_ (net)
                  0.06    0.00    7.90 v _5166_/A2 (sky130_fd_sc_hd__a21o_2)
     3    0.01    0.04    0.23    8.13 v _5166_/X (sky130_fd_sc_hd__a21o_2)
                                         _0825_ (net)
                  0.04    0.00    8.13 v _5171_/A2 (sky130_fd_sc_hd__a211o_2)
     3    0.01    0.07    0.38    8.51 v _5171_/X (sky130_fd_sc_hd__a211o_2)
                                         _0830_ (net)
                  0.07    0.00    8.51 v _5185_/A2 (sky130_fd_sc_hd__a31o_4)
     2    0.02    0.05    0.27    8.78 v _5185_/X (sky130_fd_sc_hd__a31o_4)
                                         _0844_ (net)
                  0.05    0.00    8.78 v _5190_/A2 (sky130_fd_sc_hd__a21boi_4)
     3    0.01    0.14    0.19    8.97 ^ _5190_/Y (sky130_fd_sc_hd__a21boi_4)
                                         _0849_ (net)
                  0.14    0.00    8.97 ^ _5192_/A3 (sky130_fd_sc_hd__o31a_4)
     1    0.01    0.05    0.16    9.13 ^ _5192_/X (sky130_fd_sc_hd__o31a_4)
                                         _0851_ (net)
                  0.05    0.00    9.13 ^ _5194_/A2 (sky130_fd_sc_hd__a21oi_4)
     9    0.03    0.08    0.09    9.22 v _5194_/Y (sky130_fd_sc_hd__a21oi_4)
                                         _0853_ (net)
                  0.08    0.00    9.22 v _5196_/A (sky130_fd_sc_hd__nor2_4)
     2    0.01    0.11    0.14    9.37 ^ _5196_/Y (sky130_fd_sc_hd__nor2_4)
                                         _0855_ (net)
                  0.11    0.00    9.37 ^ _5211_/S (sky130_fd_sc_hd__mux2_2)
     4    0.02    0.09    0.42    9.78 v _5211_/X (sky130_fd_sc_hd__mux2_2)
                                         _0870_ (net)
                  0.09    0.00    9.78 v _5212_/B (sky130_fd_sc_hd__xnor2_2)
     3    0.01    0.07    0.16    9.95 v _5212_/Y (sky130_fd_sc_hd__xnor2_2)
                                         _0871_ (net)
                  0.07    0.00    9.95 v _5220_/B (sky130_fd_sc_hd__or3_4)
     3    0.02    0.09    0.43   10.38 v _5220_/X (sky130_fd_sc_hd__or3_4)
                                         _0879_ (net)
                  0.09    0.00   10.38 v _5234_/A1 (sky130_fd_sc_hd__a21oi_4)
     4    0.01    0.15    0.18   10.56 ^ _5234_/Y (sky130_fd_sc_hd__a21oi_4)
                                         _0893_ (net)
                  0.15    0.00   10.56 ^ _5256_/A1 (sky130_fd_sc_hd__a31o_2)
     4    0.02    0.12    0.24   10.80 ^ _5256_/X (sky130_fd_sc_hd__a31o_2)
                                         _0915_ (net)
                  0.12    0.00   10.80 ^ _5280_/A1 (sky130_fd_sc_hd__a41oi_4)
     3    0.01    0.13    0.14   10.94 v _5280_/Y (sky130_fd_sc_hd__a41oi_4)
                                         _0939_ (net)
                  0.13    0.00   10.94 v _5281_/A2 (sky130_fd_sc_hd__a21oi_4)
     5    0.02    0.19    0.26   11.20 ^ _5281_/Y (sky130_fd_sc_hd__a21oi_4)
                                         _0940_ (net)
                  0.19    0.00   11.20 ^ _5282_/A (sky130_fd_sc_hd__buf_6)
    10    0.04    0.10    0.19   11.39 ^ _5282_/X (sky130_fd_sc_hd__buf_6)
                                         _0941_ (net)
                  0.10    0.00   11.39 ^ _5315_/S (sky130_fd_sc_hd__mux2_2)
     4    0.02    0.09    0.42   11.80 v _5315_/X (sky130_fd_sc_hd__mux2_2)
                                         _0974_ (net)
                  0.09    0.00   11.80 v _5331_/A3 (sky130_fd_sc_hd__a31o_2)
     2    0.01    0.05    0.29   12.09 v _5331_/X (sky130_fd_sc_hd__a31o_2)
                                         _0990_ (net)
                  0.05    0.00   12.09 v _5332_/A1 (sky130_fd_sc_hd__a31o_2)
     1    0.00    0.04    0.20   12.30 v _5332_/X (sky130_fd_sc_hd__a31o_2)
                                         _0991_ (net)
                  0.04    0.00   12.30 v _5333_/B1 (sky130_fd_sc_hd__a31o_2)
     4    0.01    0.06    0.25   12.55 v _5333_/X (sky130_fd_sc_hd__a31o_2)
                                         _0992_ (net)
                  0.06    0.00   12.55 v _5352_/A2 (sky130_fd_sc_hd__o31a_4)
     4    0.02    0.07    0.38   12.94 v _5352_/X (sky130_fd_sc_hd__o31a_4)
                                         _1011_ (net)
                  0.07    0.00   12.94 v _5394_/A1 (sky130_fd_sc_hd__a21o_2)
     5    0.02    0.07    0.26   13.19 v _5394_/X (sky130_fd_sc_hd__a21o_2)
                                         _1053_ (net)
                  0.07    0.00   13.19 v _5398_/A2 (sky130_fd_sc_hd__a21o_2)
     2    0.00    0.04    0.23   13.42 v _5398_/X (sky130_fd_sc_hd__a21o_2)
                                         _1057_ (net)
                  0.04    0.00   13.42 v _5401_/A2 (sky130_fd_sc_hd__a32o_2)
     4    0.02    0.08    0.32   13.74 v _5401_/X (sky130_fd_sc_hd__a32o_2)
                                         _1060_ (net)
                  0.08    0.00   13.74 v _5406_/A2 (sky130_fd_sc_hd__o211a_2)
     2    0.01    0.05    0.28   14.02 v _5406_/X (sky130_fd_sc_hd__o211a_2)
                                         _1065_ (net)
                  0.05    0.00   14.02 v _5432_/A2 (sky130_fd_sc_hd__o31a_2)
     2    0.01    0.07    0.36   14.38 v _5432_/X (sky130_fd_sc_hd__o31a_2)
                                         _1091_ (net)
                  0.07    0.00   14.38 v _5435_/A2 (sky130_fd_sc_hd__o211a_4)
     3    0.01    0.05    0.26   14.64 v _5435_/X (sky130_fd_sc_hd__o211a_4)
                                         _1094_ (net)
                  0.05    0.00   14.64 v _5451_/A3 (sky130_fd_sc_hd__o311a_4)
     2    0.01    0.06    0.32   14.97 v _5451_/X (sky130_fd_sc_hd__o311a_4)
                                         _1110_ (net)
                  0.06    0.00   14.97 v _5454_/C (sky130_fd_sc_hd__or4_4)
     1    0.00    0.08    0.49   15.46 v _5454_/X (sky130_fd_sc_hd__or4_4)
                                         _1113_ (net)
                  0.08    0.00   15.46 v _5455_/A3 (sky130_fd_sc_hd__a31o_2)
     2    0.01    0.06    0.30   15.76 v _5455_/X (sky130_fd_sc_hd__a31o_2)
                                         _1114_ (net)
                  0.06    0.00   15.76 v _5457_/A2 (sky130_fd_sc_hd__a21oi_4)
    10    0.05    0.35    0.35   16.11 ^ _5457_/Y (sky130_fd_sc_hd__a21oi_4)
                                         _1116_ (net)
                  0.35    0.00   16.11 ^ _5504_/S (sky130_fd_sc_hd__mux2_2)
     3    0.01    0.07    0.43   16.54 v _5504_/X (sky130_fd_sc_hd__mux2_2)
                                         _1163_ (net)
                  0.07    0.00   16.54 v _5505_/B (sky130_fd_sc_hd__or2_2)
     3    0.01    0.07    0.32   16.86 v _5505_/X (sky130_fd_sc_hd__or2_2)
                                         _1164_ (net)
                  0.07    0.00   16.86 v _5515_/A1 (sky130_fd_sc_hd__a2111o_2)
     3    0.01    0.09    0.49   17.35 v _5515_/X (sky130_fd_sc_hd__a2111o_2)
                                         _1174_ (net)
                  0.09    0.00   17.35 v _5522_/A2 (sky130_fd_sc_hd__a21o_2)
     2    0.01    0.05    0.26   17.60 v _5522_/X (sky130_fd_sc_hd__a21o_2)
                                         _1181_ (net)
                  0.05    0.00   17.60 v _5536_/B (sky130_fd_sc_hd__nand2_2)
     3    0.02    0.12    0.13   17.73 ^ _5536_/Y (sky130_fd_sc_hd__nand2_2)
                                         _1195_ (net)
                  0.12    0.00   17.73 ^ _5555_/A (sky130_fd_sc_hd__nand4_2)
     3    0.02    0.15    0.15   17.89 v _5555_/Y (sky130_fd_sc_hd__nand4_2)
                                         _1214_ (net)
                  0.15    0.00   17.89 v _5562_/A1 (sky130_fd_sc_hd__a21oi_4)
     9    0.05    0.34    0.36   18.25 ^ _5562_/Y (sky130_fd_sc_hd__a21oi_4)
                                         _1221_ (net)
                  0.34    0.00   18.25 ^ _5593_/S (sky130_fd_sc_hd__mux2_4)
     6    0.02    0.07    0.39   18.64 v _5593_/X (sky130_fd_sc_hd__mux2_4)
                                         _1252_ (net)
                  0.07    0.00   18.64 v _5594_/B (sky130_fd_sc_hd__and2_4)
     4    0.01    0.04    0.19   18.83 v _5594_/X (sky130_fd_sc_hd__and2_4)
                                         _1253_ (net)
                  0.04    0.00   18.83 v _5606_/A (sky130_fd_sc_hd__or3b_4)
     4    0.01    0.08    0.42   19.26 v _5606_/X (sky130_fd_sc_hd__or3b_4)
                                         _1265_ (net)
                  0.08    0.00   19.26 v _5627_/A1 (sky130_fd_sc_hd__a2111o_2)
     4    0.02    0.10    0.50   19.76 v _5627_/X (sky130_fd_sc_hd__a2111o_2)
                                         _1286_ (net)
                  0.10    0.00   19.76 v _5666_/A2 (sky130_fd_sc_hd__a21o_2)
     3    0.01    0.06    0.27   20.03 v _5666_/X (sky130_fd_sc_hd__a21o_2)
                                         _1325_ (net)
                  0.06    0.00   20.03 v _5675_/A1 (sky130_fd_sc_hd__a21oi_4)
     9    0.04    0.33    0.32   20.35 ^ _5675_/Y (sky130_fd_sc_hd__a21oi_4)
                                         _1334_ (net)
                  0.33    0.00   20.35 ^ _5753_/S (sky130_fd_sc_hd__mux2_2)
     3    0.02    0.09    0.45   20.80 v _5753_/X (sky130_fd_sc_hd__mux2_2)
                                         _1412_ (net)
                  0.09    0.00   20.80 v _5754_/B (sky130_fd_sc_hd__xnor2_2)
     3    0.01    0.08    0.18   20.98 v _5754_/Y (sky130_fd_sc_hd__xnor2_2)
                                         _1413_ (net)
                  0.08    0.00   20.98 v _5758_/A2 (sky130_fd_sc_hd__a211o_2)
     6    0.02    0.10    0.42   21.41 v _5758_/X (sky130_fd_sc_hd__a211o_2)
                                         _1417_ (net)
                  0.10    0.00   21.41 v _5762_/C (sky130_fd_sc_hd__or4_4)
     2    0.01    0.09    0.52   21.93 v _5762_/X (sky130_fd_sc_hd__or4_4)
                                         _1421_ (net)
                  0.09    0.00   21.93 v _5779_/A3 (sky130_fd_sc_hd__a31o_2)
     1    0.00    0.04    0.27   22.20 v _5779_/X (sky130_fd_sc_hd__a31o_2)
                                         _1438_ (net)
                  0.04    0.00   22.20 v _5786_/B (sky130_fd_sc_hd__and3_4)
     2    0.01    0.04    0.17   22.38 v _5786_/X (sky130_fd_sc_hd__and3_4)
                                         _1445_ (net)
                  0.04    0.00   22.38 v _5791_/A2 (sky130_fd_sc_hd__a21oi_2)
     2    0.01    0.13    0.16   22.53 ^ _5791_/Y (sky130_fd_sc_hd__a21oi_2)
                                         _1450_ (net)
                  0.13    0.00   22.53 ^ _5796_/A1 (sky130_fd_sc_hd__o21a_4)
     5    0.03    0.09    0.20   22.73 ^ _5796_/X (sky130_fd_sc_hd__o21a_4)
                                         _1455_ (net)
                  0.09    0.00   22.74 ^ _5856_/S (sky130_fd_sc_hd__mux2_1)
     4    0.01    0.10    0.40   23.14 v _5856_/X (sky130_fd_sc_hd__mux2_1)
                                         _1515_ (net)
                  0.10    0.00   23.14 v _5858_/B (sky130_fd_sc_hd__and2_2)
     1    0.00    0.03    0.21   23.35 v _5858_/X (sky130_fd_sc_hd__and2_2)
                                         _1517_ (net)
                  0.03    0.00   23.35 v _5859_/B (sky130_fd_sc_hd__or2_2)
     3    0.01    0.08    0.31   23.66 v _5859_/X (sky130_fd_sc_hd__or2_2)
                                         _1518_ (net)
                  0.08    0.00   23.66 v _5871_/B (sky130_fd_sc_hd__or4bb_4)
     1    0.00    0.08    0.53   24.19 v _5871_/X (sky130_fd_sc_hd__or4bb_4)
                                         _1530_ (net)
                  0.08    0.00   24.19 v _5873_/B1 (sky130_fd_sc_hd__o211a_2)
     3    0.01    0.07    0.19   24.38 v _5873_/X (sky130_fd_sc_hd__o211a_2)
                                         _1532_ (net)
                  0.07    0.00   24.38 v _5887_/A2 (sky130_fd_sc_hd__a211o_2)
     2    0.01    0.07    0.38   24.76 v _5887_/X (sky130_fd_sc_hd__a211o_2)
                                         _1546_ (net)
                  0.07    0.00   24.76 v _5893_/A1 (sky130_fd_sc_hd__a21o_4)
     4    0.01    0.05    0.23   24.99 v _5893_/X (sky130_fd_sc_hd__a21o_4)
                                         _1552_ (net)
                  0.05    0.00   24.99 v _5906_/A2 (sky130_fd_sc_hd__a2111o_2)
     2    0.01    0.09    0.52   25.51 v _5906_/X (sky130_fd_sc_hd__a2111o_2)
                                         _1565_ (net)
                  0.09    0.00   25.51 v _5909_/A1 (sky130_fd_sc_hd__a21oi_4)
     9    0.04    0.31    0.31   25.82 ^ _5909_/Y (sky130_fd_sc_hd__a21oi_4)
                                         _1568_ (net)
                  0.31    0.00   25.82 ^ _5910_/A (sky130_fd_sc_hd__buf_8)
    10    0.05    0.09    0.20   26.03 ^ _5910_/X (sky130_fd_sc_hd__buf_8)
                                         _1569_ (net)
                  0.09    0.00   26.03 ^ _5933_/B (sky130_fd_sc_hd__nor2_2)
     2    0.01    0.04    0.05   26.08 v _5933_/Y (sky130_fd_sc_hd__nor2_2)
                                         _1592_ (net)
                  0.04    0.00   26.08 v _5937_/A3 (sky130_fd_sc_hd__o32a_2)
     4    0.02    0.09    0.39   26.47 v _5937_/X (sky130_fd_sc_hd__o32a_2)
                                         _1596_ (net)
                  0.09    0.00   26.47 v _5943_/A2 (sky130_fd_sc_hd__a211o_4)
     3    0.01    0.06    0.38   26.85 v _5943_/X (sky130_fd_sc_hd__a211o_4)
                                         _1602_ (net)
                  0.06    0.00   26.85 v _5951_/A1 (sky130_fd_sc_hd__a21oi_2)
     4    0.02    0.22    0.24   27.09 ^ _5951_/Y (sky130_fd_sc_hd__a21oi_2)
                                         _1610_ (net)
                  0.22    0.00   27.09 ^ _6004_/A1 (sky130_fd_sc_hd__a21o_4)
     3    0.02    0.06    0.19   27.28 ^ _6004_/X (sky130_fd_sc_hd__a21o_4)
                                         _1663_ (net)
                  0.06    0.00   27.28 ^ _6023_/A1 (sky130_fd_sc_hd__a21oi_2)
     4    0.01    0.06    0.08   27.36 v _6023_/Y (sky130_fd_sc_hd__a21oi_2)
                                         _1682_ (net)
                  0.06    0.00   27.36 v _6033_/A1 (sky130_fd_sc_hd__a21o_4)
     4    0.02    0.05    0.24   27.60 v _6033_/X (sky130_fd_sc_hd__a21o_4)
                                         _1692_ (net)
                  0.05    0.00   27.60 v _6035_/A (sky130_fd_sc_hd__nand2_2)
     8    0.04    0.20    0.18   27.77 ^ _6035_/Y (sky130_fd_sc_hd__nand2_2)
                                         _1694_ (net)
                  0.20    0.00   27.77 ^ _6120_/S (sky130_fd_sc_hd__mux2_2)
     3    0.02    0.08    0.43   28.20 v _6120_/X (sky130_fd_sc_hd__mux2_2)
                                         _1779_ (net)
                  0.08    0.00   28.20 v _6121_/B1 (sky130_fd_sc_hd__a21oi_2)
     3    0.01    0.15    0.17   28.37 ^ _6121_/Y (sky130_fd_sc_hd__a21oi_2)
                                         _1780_ (net)
                  0.15    0.00   28.37 ^ _6122_/D_N (sky130_fd_sc_hd__or4b_4)
     2    0.01    0.09    0.51   28.88 v _6122_/X (sky130_fd_sc_hd__or4b_4)
                                         _1781_ (net)
                  0.09    0.00   28.88 v _6123_/D (sky130_fd_sc_hd__or4_4)
     3    0.01    0.09    0.46   29.35 v _6123_/X (sky130_fd_sc_hd__or4_4)
                                         _1782_ (net)
                  0.09    0.00   29.35 v _6146_/A1 (sky130_fd_sc_hd__a211o_2)
     3    0.01    0.07    0.35   29.70 v _6146_/X (sky130_fd_sc_hd__a211o_2)
                                         _1805_ (net)
                  0.07    0.00   29.70 v _6159_/A1 (sky130_fd_sc_hd__a21o_2)
    10    0.03    0.10    0.28   29.98 v _6159_/X (sky130_fd_sc_hd__a21o_2)
                                         _1818_ (net)
                  0.10    0.00   29.98 v _6207_/B1 (sky130_fd_sc_hd__a221o_2)
     1    0.01    0.07    0.39   30.37 v _6207_/X (sky130_fd_sc_hd__a221o_2)
                                         _1866_ (net)
                  0.07    0.00   30.37 v _6208_/B (sky130_fd_sc_hd__xnor2_2)
     4    0.03    0.35    0.32   30.69 ^ _6208_/Y (sky130_fd_sc_hd__xnor2_2)
                                         _1867_ (net)
                  0.35    0.00   30.69 ^ _6218_/B (sky130_fd_sc_hd__xnor2_2)
     2    0.01    0.09    0.14   30.83 v _6218_/Y (sky130_fd_sc_hd__xnor2_2)
                                         _1877_ (net)
                  0.09    0.00   30.83 v _6221_/A2 (sky130_fd_sc_hd__o41a_2)
     2    0.01    0.07    0.52   31.35 v _6221_/X (sky130_fd_sc_hd__o41a_2)
                                         _1880_ (net)
                  0.07    0.00   31.35 v _6272_/A2 (sky130_fd_sc_hd__a2111o_2)
     3    0.01    0.08    0.52   31.86 v _6272_/X (sky130_fd_sc_hd__a2111o_2)
                                         _1931_ (net)
                  0.08    0.00   31.86 v _6290_/A1 (sky130_fd_sc_hd__a211o_2)
     4    0.01    0.07    0.35   32.22 v _6290_/X (sky130_fd_sc_hd__a211o_2)
                                         _1949_ (net)
                  0.07    0.00   32.22 v _6300_/A2 (sky130_fd_sc_hd__a32o_2)
     2    0.01    0.05    0.31   32.52 v _6300_/X (sky130_fd_sc_hd__a32o_2)
                                         _1959_ (net)
                  0.05    0.00   32.52 v _6301_/A (sky130_fd_sc_hd__buf_6)
    10    0.04    0.05    0.15   32.68 v _6301_/X (sky130_fd_sc_hd__buf_6)
                                         _1960_ (net)
                  0.05    0.00   32.68 v _6359_/A2 (sky130_fd_sc_hd__a211o_2)
     3    0.01    0.06    0.37   33.04 v _6359_/X (sky130_fd_sc_hd__a211o_2)
                                         _2018_ (net)
                  0.06    0.00   33.04 v _6361_/C (sky130_fd_sc_hd__and3_4)
     2    0.01    0.04    0.20   33.24 v _6361_/X (sky130_fd_sc_hd__and3_4)
                                         _2020_ (net)
                  0.04    0.00   33.24 v _6366_/C1 (sky130_fd_sc_hd__a2111o_2)
     1    0.00    0.06    0.40   33.64 v _6366_/X (sky130_fd_sc_hd__a2111o_2)
                                         _2025_ (net)
                  0.06    0.00   33.64 v _6367_/D (sky130_fd_sc_hd__or4_4)
     3    0.01    0.09    0.46   34.10 v _6367_/X (sky130_fd_sc_hd__or4_4)
                                         _2026_ (net)
                  0.09    0.00   34.10 v _6392_/A1 (sky130_fd_sc_hd__a211o_2)
     3    0.01    0.07    0.36   34.46 v _6392_/X (sky130_fd_sc_hd__a211o_2)
                                         _2051_ (net)
                  0.07    0.00   34.46 v _6407_/A1 (sky130_fd_sc_hd__a211o_2)
     3    0.01    0.06    0.34   34.80 v _6407_/X (sky130_fd_sc_hd__a211o_2)
                                         _2066_ (net)
                  0.06    0.00   34.80 v _6411_/A1 (sky130_fd_sc_hd__a21o_2)
     5    0.02    0.07    0.25   35.04 v _6411_/X (sky130_fd_sc_hd__a21o_2)
                                         _2070_ (net)
                  0.07    0.00   35.04 v _6430_/A2 (sky130_fd_sc_hd__a211oi_2)
     5    0.01    0.32    0.37   35.41 ^ _6430_/Y (sky130_fd_sc_hd__a211oi_2)
                                         _2089_ (net)
                  0.32    0.00   35.41 ^ _6431_/A (sky130_fd_sc_hd__buf_4)
    10    0.03    0.10    0.24   35.65 ^ _6431_/X (sky130_fd_sc_hd__buf_4)
                                         _2090_ (net)
                  0.10    0.00   35.65 ^ _6452_/A (sky130_fd_sc_hd__nor2_2)
     5    0.02    0.07    0.10   35.75 v _6452_/Y (sky130_fd_sc_hd__nor2_2)
                                         _2111_ (net)
                  0.07    0.00   35.75 v _6468_/A2 (sky130_fd_sc_hd__o31a_2)
     3    0.02    0.08    0.39   36.14 v _6468_/X (sky130_fd_sc_hd__o31a_2)
                                         _2127_ (net)
                  0.08    0.00   36.14 v _6469_/B (sky130_fd_sc_hd__xnor2_2)
     4    0.02    0.12    0.20   36.34 v _6469_/Y (sky130_fd_sc_hd__xnor2_2)
                                         _2128_ (net)
                  0.12    0.00   36.34 v _6470_/D (sky130_fd_sc_hd__and4bb_2)
     2    0.01    0.05    0.28   36.62 v _6470_/X (sky130_fd_sc_hd__and4bb_2)
                                         _2129_ (net)
                  0.05    0.00   36.62 v _6573_/B2 (sky130_fd_sc_hd__a221o_2)
     2    0.01    0.07    0.40   37.02 v _6573_/X (sky130_fd_sc_hd__a221o_2)
                                         _2232_ (net)
                  0.07    0.00   37.02 v _6574_/B1 (sky130_fd_sc_hd__a21o_4)
     7    0.03    0.06    0.23   37.26 v _6574_/X (sky130_fd_sc_hd__a21o_4)
                                         _2233_ (net)
                  0.06    0.00   37.26 v _6591_/A2 (sky130_fd_sc_hd__a21o_4)
     5    0.02    0.05    0.25   37.51 v _6591_/X (sky130_fd_sc_hd__a21o_4)
                                         _2250_ (net)
                  0.05    0.00   37.51 v _6614_/S (sky130_fd_sc_hd__mux2_4)
     4    0.01    0.06    0.33   37.84 v _6614_/X (sky130_fd_sc_hd__mux2_4)
                                         _2272_ (net)
                  0.06    0.00   37.84 v _6622_/B (sky130_fd_sc_hd__or4b_4)
     1    0.00    0.08    0.53   38.37 v _6622_/X (sky130_fd_sc_hd__or4b_4)
                                         _2280_ (net)
                  0.08    0.00   38.37 v _6623_/D (sky130_fd_sc_hd__or4_4)
     2    0.01    0.09    0.46   38.84 v _6623_/X (sky130_fd_sc_hd__or4_4)
                                         _2281_ (net)
                  0.09    0.00   38.84 v _6634_/A1 (sky130_fd_sc_hd__a21oi_4)
     4    0.02    0.19    0.22   39.05 ^ _6634_/Y (sky130_fd_sc_hd__a21oi_4)
                                         _2292_ (net)
                  0.19    0.00   39.05 ^ _6654_/A1 (sky130_fd_sc_hd__a21o_4)
     5    0.03    0.09    0.20   39.25 ^ _6654_/X (sky130_fd_sc_hd__a21o_4)
                                         _2312_ (net)
                  0.09    0.00   39.25 ^ _6715_/A1 (sky130_fd_sc_hd__a31o_2)
     6    0.03    0.18    0.27   39.52 ^ _6715_/X (sky130_fd_sc_hd__a31o_2)
                                         _2372_ (net)
                  0.18    0.00   39.52 ^ _6726_/A1 (sky130_fd_sc_hd__a21o_4)
     8    0.04    0.12    0.22   39.74 ^ _6726_/X (sky130_fd_sc_hd__a21o_4)
                                         _2383_ (net)
                  0.12    0.00   39.74 ^ _8042_/S (sky130_fd_sc_hd__mux2_1)
     3    0.01    0.09    0.39   40.13 v _8042_/X (sky130_fd_sc_hd__mux2_1)
                                         _3695_ (net)
                  0.09    0.00   40.13 v _8043_/B (sky130_fd_sc_hd__or2_2)
     2    0.01    0.07    0.33   40.46 v _8043_/X (sky130_fd_sc_hd__or2_2)
                                         _3696_ (net)
                  0.07    0.00   40.46 v _8051_/A1 (sky130_fd_sc_hd__a21bo_4)
     4    0.02    0.05    0.25   40.71 v _8051_/X (sky130_fd_sc_hd__a21bo_4)
                                         _3704_ (net)
                  0.05    0.00   40.71 v _8055_/A1 (sky130_fd_sc_hd__o41a_2)
     2    0.01    0.08    0.53   41.24 v _8055_/X (sky130_fd_sc_hd__o41a_2)
                                         _3708_ (net)
                  0.08    0.00   41.24 v _8079_/A2 (sky130_fd_sc_hd__a31oi_2)
     3    0.01    0.23    0.26   41.50 ^ _8079_/Y (sky130_fd_sc_hd__a31oi_2)
                                         _3732_ (net)
                  0.23    0.00   41.50 ^ _8129_/A1 (sky130_fd_sc_hd__a211o_2)
     3    0.01    0.08    0.22   41.72 ^ _8129_/X (sky130_fd_sc_hd__a211o_2)
                                         _3782_ (net)
                  0.08    0.00   41.72 ^ _8133_/A2 (sky130_fd_sc_hd__a21o_4)
     2    0.02    0.05    0.15   41.87 ^ _8133_/X (sky130_fd_sc_hd__a21o_4)
                                         _3786_ (net)
                  0.05    0.00   41.87 ^ _8169_/A (sky130_fd_sc_hd__buf_8)
    10    0.05    0.09    0.14   42.01 ^ _8169_/X (sky130_fd_sc_hd__buf_8)
                                         _3822_ (net)
                  0.09    0.00   42.02 ^ _8240_/S (sky130_fd_sc_hd__mux2_1)
     2    0.01    0.07    0.36   42.38 v _8240_/X (sky130_fd_sc_hd__mux2_1)
                                         _3893_ (net)
                  0.07    0.00   42.38 v _8243_/B (sky130_fd_sc_hd__or2_2)
     1    0.00    0.05    0.28   42.66 v _8243_/X (sky130_fd_sc_hd__or2_2)
                                         _3896_ (net)
                  0.05    0.00   42.66 v _8244_/D (sky130_fd_sc_hd__and4b_2)
     1    0.00    0.04    0.24   42.90 v _8244_/X (sky130_fd_sc_hd__and4b_2)
                                         _3897_ (net)
                  0.04    0.00   42.90 v _8245_/D (sky130_fd_sc_hd__and4bb_2)
     2    0.01    0.05    0.25   43.15 v _8245_/X (sky130_fd_sc_hd__and4bb_2)
                                         _3898_ (net)
                  0.05    0.00   43.15 v _8270_/A1 (sky130_fd_sc_hd__a211o_2)
     1    0.00    0.05    0.30   43.45 v _8270_/X (sky130_fd_sc_hd__a211o_2)
                                         _3923_ (net)
                  0.05    0.00   43.45 v _8274_/A2 (sky130_fd_sc_hd__a21o_2)
     1    0.00    0.04    0.22   43.67 v _8274_/X (sky130_fd_sc_hd__a21o_2)
                                         _3927_ (net)
                  0.04    0.00   43.67 v _8298_/A1 (sky130_fd_sc_hd__a22o_2)
     1    0.01    0.05    0.25   43.92 v _8298_/X (sky130_fd_sc_hd__a22o_2)
                                         _3951_ (net)
                  0.05    0.00   43.92 v _8302_/A2 (sky130_fd_sc_hd__a211oi_2)
     3    0.01    0.24    0.30   44.22 ^ _8302_/Y (sky130_fd_sc_hd__a211oi_2)
                                         _3955_ (net)
                  0.24    0.00   44.22 ^ _8310_/A1 (sky130_fd_sc_hd__o21ai_2)
     4    0.01    0.10    0.14   44.36 v _8310_/Y (sky130_fd_sc_hd__o21ai_2)
                                         _3962_ (net)
                  0.10    0.00   44.36 v _8322_/B1 (sky130_fd_sc_hd__a221oi_2)
     1    0.04    0.70    0.66   45.02 ^ _8322_/Y (sky130_fd_sc_hd__a221oi_2)
                                         seg[6] (net)
                  0.70    0.00   45.02 ^ seg[6] (out)
                                 45.02   data arrival time

                  0.15   10.00   10.00   clock clk (rise edge)
                          0.00   10.00   clock network delay (ideal)
                         -0.25    9.75   clock uncertainty
                          0.00    9.75   clock reconvergence pessimism
                         -2.00    7.75   output external delay
                                  7.75   data required time
-----------------------------------------------------------------------------
                                  7.75   data required time
                                -45.02   data arrival time
-----------------------------------------------------------------------------
                                -37.27   slack (VIOLATED)




===========================================================================
 report_check_types -max_slew -max_cap -max_fanout -violators
============================================================================
======================= Typical Corner ===================================

max slew

Pin                                    Limit    Slew   Slack
------------------------------------------------------------
an[3]                                   0.75    0.98   -0.23 (VIOLATED)
_8000_/A                                0.75    0.98   -0.23 (VIOLATED)
_8002_/A                                0.75    0.98   -0.23 (VIOLATED)
_7987_/B                                0.75    0.98   -0.23 (VIOLATED)
_8291_/A2                               0.75    0.98   -0.23 (VIOLATED)
_7989_/A2                               0.75    0.98   -0.23 (VIOLATED)
_7977_/B                                0.75    0.98   -0.23 (VIOLATED)
_7455_/A1                               0.75    0.98   -0.23 (VIOLATED)
_8369_/A1                               0.75    0.98   -0.23 (VIOLATED)
_7437_/A1                               0.75    0.98   -0.23 (VIOLATED)
_7436_/X                                0.75    0.98   -0.23 (VIOLATED)
an[0]                                   0.75    0.95   -0.20 (VIOLATED)
_7681_/S                                0.75    0.95   -0.20 (VIOLATED)
_7687_/S                                0.75    0.95   -0.20 (VIOLATED)
_7943_/S                                0.75    0.95   -0.20 (VIOLATED)
_7918_/S                                0.75    0.95   -0.20 (VIOLATED)
_7898_/B1                               0.75    0.95   -0.20 (VIOLATED)
_7702_/S                                0.75    0.95   -0.20 (VIOLATED)
_7710_/S                                0.75    0.95   -0.20 (VIOLATED)
_7713_/A2                               0.75    0.95   -0.20 (VIOLATED)
_7680_/X                                0.75    0.95   -0.20 (VIOLATED)
_7711_/B1                               0.75    0.95   -0.20 (VIOLATED)
_6489_/A                                0.75    0.88   -0.13 (VIOLATED)
_6387_/A                                0.75    0.88   -0.13 (VIOLATED)
_6254_/A                                0.75    0.88   -0.13 (VIOLATED)
_6378_/A1                               0.75    0.88   -0.13 (VIOLATED)
_6276_/A1                               0.75    0.88   -0.13 (VIOLATED)
_6594_/A                                0.75    0.88   -0.13 (VIOLATED)
_4972_/B                                0.75    0.88   -0.13 (VIOLATED)
_6205_/A                                0.75    0.88   -0.13 (VIOLATED)
_6341_/B                                0.75    0.88   -0.13 (VIOLATED)
_4971_/X                                0.75    0.88   -0.13 (VIOLATED)
_6336_/B                                0.75    0.88   -0.13 (VIOLATED)
_4662_/S                                0.75    0.77   -0.02 (VIOLATED)
_4712_/S                                0.75    0.77   -0.02 (VIOLATED)
_4663_/S                                0.75    0.77   -0.02 (VIOLATED)
_4713_/S                                0.75    0.77   -0.02 (VIOLATED)
_4379_/Y                                0.75    0.77   -0.02 (VIOLATED)
_4380_/B                                0.75    0.77   -0.02 (VIOLATED)
_4559_/A                                0.75    0.77   -0.02 (VIOLATED)
_4638_/A                                0.75    0.77   -0.02 (VIOLATED)
_4649_/A                                0.75    0.77   -0.02 (VIOLATED)
_4675_/A                                0.75    0.77   -0.02 (VIOLATED)


max slew violations count Typical: 43
max fanout violations count Typical: 0
max cap violations count Typical: 0

===========================================================================
report_parasitic_annotation -report_unannotated
============================================================================
Found 1 unannotated drivers.
 clk
Found 0 partially unannotated drivers.

===========================================================================
max slew violation count 43
max fanout violation count 0
max cap violation count 0
============================================================================

===========================================================================
check_setup -verbose -unconstrained_endpoints -multiple_clock -no_clock -no_input_delay -loops -generated_clocks
===========================================================================
