OpenROAD b16bda7e82721d10566ff7e2b68f1ff0be9f9e38 
Features included (+) or not (-): +Charts +GPU +GUI +Python
This program is licensed under the BSD-3 license. See the LICENSE file for details.
Components of this program may be licensed under more restrictive licenses which must be honored.
define_corners Typical
read_liberty -corner Typical /home/betulcagril/.volare/sky130A/libs.ref/sky130_fd_sc_hd/lib/sky130_fd_sc_hd__tt_025C_1v80.lib
Using 1e-12 for capacitance...
Using 1e+03 for resistance...
Using 1e-09 for time...
Using 1e+00 for voltage...
Using 1e-03 for current...
Using 1e-09 for power...
Using 1e-06 for distance...
[INFO]: Reading ODB at '/openlane/designs/semi_cpu/runs/lab5_final/tmp/placement/9-io.odb'…
Reading design constraints file at '/openlane/scripts/base.sdc'…
[INFO]: Setting output delay to: 2.0
[INFO]: Setting input delay to: 2.0
[INFO]: Setting load to: 0.033442
[INFO]: Setting clock uncertainty to: 0.25
[INFO]: Setting clock transition to: 0.15
[INFO]: Setting timing derate to: 5.0 %
[INFO]: Setting RC values...
[INFO]: Setting signal min routing layer to: met1 and clock min routing layer to met3. 
[INFO]: Setting signal max routing layer to: met5 and clock max routing layer to met5. 
[WARNING GPL-0150] -skip_io will disable timing driven mode.
[WARNING GPL-0151] -skip_io will disable routability driven mode.
[INFO GPL-0002] DBU: 1000
[INFO GPL-0003] SiteSize: (  0.460  2.720 ) um
[INFO GPL-0004] CoreBBox: (  5.520 10.880 ) ( 299.000 301.920 ) um
[INFO GPL-0006] NumInstances:              5947
[INFO GPL-0007] NumPlaceInstances:         4534
[INFO GPL-0008] NumFixedInstances:         1413
[INFO GPL-0009] NumDummyInstances:            0
[INFO GPL-0010] NumNets:                   4537
[INFO GPL-0011] NumPins:                  15993
[INFO GPL-0012] DieBBox:  (  0.000  0.000 ) ( 304.755 315.475 ) um
[INFO GPL-0013] CoreBBox: (  5.520 10.880 ) ( 299.000 301.920 ) um
[INFO GPL-0016] CoreArea:             85414.419 um^2
[INFO GPL-0017] NonPlaceInstsArea:     2303.459 um^2
[INFO GPL-0018] PlaceInstsArea:       43135.120 um^2
[INFO GPL-0019] Util:                    51.901 %
[INFO GPL-0020] StdInstsArea:         43135.120 um^2
[INFO GPL-0021] MacroInstsArea:           0.000 um^2
[INFO GPL-0031] FillerInit:NumGCells:      5267
[INFO GPL-0032] FillerInit:NumGNets:       4537
[INFO GPL-0033] FillerInit:NumGPins:      15993
[INFO GPL-0023] TargetDensity:            0.600
[INFO GPL-0024] AvrgPlaceInstArea:        9.514 um^2
[INFO GPL-0025] IdealBinArea:            15.856 um^2
[INFO GPL-0026] IdealBinCnt:               5386
[INFO GPL-0027] TotalBinArea:         85414.419 um^2
[INFO GPL-0028] BinCnt:        64     64
[INFO GPL-0029] BinSize: (  4.586  4.548 )
[INFO GPL-0030] NumBins: 4096
[NesterovSolve] Iter:    1 overflow: 0.997 HPWL: 11089928
[NesterovSolve] Iter:   10 overflow: 0.997 HPWL: 8174538
[NesterovSolve] Iter:   20 overflow: 0.997 HPWL: 8135095
[NesterovSolve] Iter:   30 overflow: 0.997 HPWL: 8121053
[NesterovSolve] Iter:   40 overflow: 0.997 HPWL: 8112768
[NesterovSolve] Iter:   50 overflow: 0.997 HPWL: 8106297
[NesterovSolve] Iter:   60 overflow: 0.997 HPWL: 8102097
[NesterovSolve] Iter:   70 overflow: 0.997 HPWL: 8103619
[NesterovSolve] Iter:   80 overflow: 0.997 HPWL: 8113505
[NesterovSolve] Iter:   90 overflow: 0.997 HPWL: 8140695
[NesterovSolve] Iter:  100 overflow: 0.996 HPWL: 8205667
[NesterovSolve] Iter:  110 overflow: 0.994 HPWL: 8353943
[NesterovSolve] Iter:  120 overflow: 0.992 HPWL: 8689369
[NesterovSolve] Iter:  130 overflow: 0.989 HPWL: 9423824
[NesterovSolve] Iter:  140 overflow: 0.982 HPWL: 10790013
[NesterovSolve] Iter:  150 overflow: 0.974 HPWL: 12754261
[NesterovSolve] Iter:  160 overflow: 0.963 HPWL: 15067266
[NesterovSolve] Iter:  170 overflow: 0.948 HPWL: 17502182
[NesterovSolve] Iter:  180 overflow: 0.934 HPWL: 20090394
[NesterovSolve] Iter:  190 overflow: 0.913 HPWL: 23204693
[NesterovSolve] Iter:  200 overflow: 0.889 HPWL: 27040349
[NesterovSolve] Iter:  210 overflow: 0.861 HPWL: 31254130
[NesterovSolve] Iter:  220 overflow: 0.829 HPWL: 35525887
[NesterovSolve] Iter:  230 overflow: 0.798 HPWL: 39751687
[NesterovSolve] Iter:  240 overflow: 0.764 HPWL: 43953386
[NesterovSolve] Iter:  250 overflow: 0.727 HPWL: 48076426
[NesterovSolve] Iter:  260 overflow: 0.689 HPWL: 52033867
[NesterovSolve] Iter:  270 overflow: 0.649 HPWL: 55707811
[NesterovSolve] Iter:  280 overflow: 0.610 HPWL: 59043870
[NesterovSolve] Iter:  290 overflow: 0.567 HPWL: 62024786
[NesterovSolve] Iter:  300 overflow: 0.527 HPWL: 64835480
[NesterovSolve] Iter:  310 overflow: 0.484 HPWL: 67234471
[NesterovSolve] Iter:  320 overflow: 0.440 HPWL: 69119119
[NesterovSolve] Iter:  330 overflow: 0.395 HPWL: 70626143
[NesterovSolve] Iter:  340 overflow: 0.354 HPWL: 71858696
[NesterovSolve] Iter:  350 overflow: 0.320 HPWL: 72707473
[NesterovSolve] Iter:  360 overflow: 0.290 HPWL: 73474980
[NesterovSolve] Iter:  370 overflow: 0.260 HPWL: 74148041
[NesterovSolve] Iter:  380 overflow: 0.233 HPWL: 74820933
[NesterovSolve] Iter:  390 overflow: 0.207 HPWL: 75420983
[NesterovSolve] Iter:  400 overflow: 0.185 HPWL: 76000820
[NesterovSolve] Iter:  410 overflow: 0.162 HPWL: 76517036
[NesterovSolve] Iter:  420 overflow: 0.142 HPWL: 77006405
[NesterovSolve] Iter:  430 overflow: 0.122 HPWL: 77464309
[NesterovSolve] Iter:  440 overflow: 0.103 HPWL: 77949641
[NesterovSolve] Finished with Overflow: 0.099293
Setting global connections for newly added cells…
Writing OpenROAD database to '/openlane/designs/semi_cpu/runs/lab5_final/tmp/placement/10-global.odb'…
Writing netlist to '/openlane/designs/semi_cpu/runs/lab5_final/tmp/placement/10-global.nl.v'…
Writing powered netlist to '/openlane/designs/semi_cpu/runs/lab5_final/tmp/placement/10-global.pnl.v'…
Writing layout to '/openlane/designs/semi_cpu/runs/lab5_final/tmp/placement/10-global.def'…
